<?xml version="1.0" encoding="utf-8"?>
<CoverageSession xmlns:xsd="http://www.w3.org/2001/XMLSchema" xmlns:xsi="http://www.w3.org/2001/XMLSchema-instance" Version="4.6.0.0">
  <Summary numSequencePoints="119" visitedSequencePoints="107" numBranchPoints="40" visitedBranchPoints="35" sequenceCoverage="89.92" branchCoverage="87.5" maxCyclomaticComplexity="7" minCyclomaticComplexity="1" maxCrapScore="56" minCrapScore="1" visitedClasses="10" numClasses="14" visitedMethods="24" numMethods="28" />
  <Modules>
    <Module hash="13-17-F9-FF-BC-C4-9D-96-A5-A6-4D-AD-5B-CA-4D-C1-D5-90-06-B9">
      <Summary numSequencePoints="7" visitedSequencePoints="7" numBranchPoints="2" visitedBranchPoints="2" sequenceCoverage="100" branchCoverage="100" maxCyclomaticComplexity="1" minCyclomaticComplexity="1" maxCrapScore="2" minCrapScore="1" visitedClasses="2" numClasses="2" visitedMethods="2" numMethods="2" />
      <ModulePath>C:\Users\ndduser\Desktop\ZanellaProva\ZanellaProva\mf-ws\Zanella_MF6\MF6.Application.Tests\bin\Debug\MF6.Domain.dll</ModulePath>
      <ModuleTime>2018-08-02T18:08:21.4463378Z</ModuleTime>
      <ModuleName>MF6.Domain</ModuleName>
      <Files>
        <File uid="1" fullPath="C:\Users\ndduser\Desktop\ZanellaProva\ZanellaProva\mf-ws\Zanella_MF6\MF6.Domain\Features\Impressoras\Impressora.cs" />
        <File uid="2" fullPath="C:\Users\ndduser\Desktop\ZanellaProva\ZanellaProva\mf-ws\Zanella_MF6\MF6.Domain\Exceptions\BusinessException.cs" />
        <File uid="3" fullPath="C:\Users\ndduser\Desktop\ZanellaProva\ZanellaProva\mf-ws\Zanella_MF6\MF6.Domain\Exceptions\NaoEncontradoException.cs" />
      </Files>
      <Classes>
        <Class>
          <Summary numSequencePoints="0" visitedSequencePoints="0" numBranchPoints="0" visitedBranchPoints="0" sequenceCoverage="0" branchCoverage="0" maxCyclomaticComplexity="1" minCyclomaticComplexity="1" maxCrapScore="2" minCrapScore="2" visitedClasses="0" numClasses="0" visitedMethods="0" numMethods="0" />
          <FullName>MF6.Domain.Features.Impressoras.Impressora</FullName>
          <Methods>
            <Method skippedDueTo="AutoImplementedProperty" visited="false" cyclomaticComplexity="1" nPathComplexity="0" sequenceCoverage="0" branchCoverage="0" crapScore="0" isConstructor="false" isStatic="false" isGetter="true" isSetter="false">
              <MetadataToken>100663302</MetadataToken>
              <Name>System.Int32 MF6.Domain.Features.Impressoras.Impressora::get_Id()</Name>
              <FileRef uid="1" />
              <SequencePoints />
              <BranchPoints />
            </Method>
            <Method skippedDueTo="AutoImplementedProperty" visited="false" cyclomaticComplexity="1" nPathComplexity="0" sequenceCoverage="0" branchCoverage="0" crapScore="0" isConstructor="false" isStatic="false" isGetter="false" isSetter="true">
              <MetadataToken>100663303</MetadataToken>
              <Name>System.Void MF6.Domain.Features.Impressoras.Impressora::set_Id(System.Int32)</Name>
              <FileRef uid="1" />
              <SequencePoints />
              <BranchPoints />
            </Method>
            <Method skippedDueTo="AutoImplementedProperty" visited="false" cyclomaticComplexity="1" nPathComplexity="0" sequenceCoverage="0" branchCoverage="0" crapScore="0" isConstructor="false" isStatic="false" isGetter="true" isSetter="false">
              <MetadataToken>100663304</MetadataToken>
              <Name>System.String MF6.Domain.Features.Impressoras.Impressora::get_Marca()</Name>
              <FileRef uid="1" />
              <SequencePoints />
              <BranchPoints />
            </Method>
            <Method skippedDueTo="AutoImplementedProperty" visited="false" cyclomaticComplexity="1" nPathComplexity="0" sequenceCoverage="0" branchCoverage="0" crapScore="0" isConstructor="false" isStatic="false" isGetter="false" isSetter="true">
              <MetadataToken>100663305</MetadataToken>
              <Name>System.Void MF6.Domain.Features.Impressoras.Impressora::set_Marca(System.String)</Name>
              <FileRef uid="1" />
              <SequencePoints />
              <BranchPoints />
            </Method>
            <Method skippedDueTo="AutoImplementedProperty" visited="false" cyclomaticComplexity="1" nPathComplexity="0" sequenceCoverage="0" branchCoverage="0" crapScore="0" isConstructor="false" isStatic="false" isGetter="true" isSetter="false">
              <MetadataToken>100663306</MetadataToken>
              <Name>System.String MF6.Domain.Features.Impressoras.Impressora::get_Ip()</Name>
              <FileRef uid="1" />
              <SequencePoints />
              <BranchPoints />
            </Method>
            <Method skippedDueTo="AutoImplementedProperty" visited="false" cyclomaticComplexity="1" nPathComplexity="0" sequenceCoverage="0" branchCoverage="0" crapScore="0" isConstructor="false" isStatic="false" isGetter="false" isSetter="true">
              <MetadataToken>100663307</MetadataToken>
              <Name>System.Void MF6.Domain.Features.Impressoras.Impressora::set_Ip(System.String)</Name>
              <FileRef uid="1" />
              <SequencePoints />
              <BranchPoints />
            </Method>
            <Method skippedDueTo="AutoImplementedProperty" visited="false" cyclomaticComplexity="1" nPathComplexity="0" sequenceCoverage="0" branchCoverage="0" crapScore="0" isConstructor="false" isStatic="false" isGetter="true" isSetter="false">
              <MetadataToken>100663308</MetadataToken>
              <Name>System.Boolean MF6.Domain.Features.Impressoras.Impressora::get_EmUso()</Name>
              <FileRef uid="1" />
              <SequencePoints />
              <BranchPoints />
            </Method>
            <Method skippedDueTo="AutoImplementedProperty" visited="false" cyclomaticComplexity="1" nPathComplexity="0" sequenceCoverage="0" branchCoverage="0" crapScore="0" isConstructor="false" isStatic="false" isGetter="false" isSetter="true">
              <MetadataToken>100663309</MetadataToken>
              <Name>System.Void MF6.Domain.Features.Impressoras.Impressora::set_EmUso(System.Boolean)</Name>
              <FileRef uid="1" />
              <SequencePoints />
              <BranchPoints />
            </Method>
            <Method skippedDueTo="AutoImplementedProperty" visited="false" cyclomaticComplexity="1" nPathComplexity="0" sequenceCoverage="0" branchCoverage="0" crapScore="0" isConstructor="false" isStatic="false" isGetter="true" isSetter="false">
              <MetadataToken>100663310</MetadataToken>
              <Name>System.Int32 MF6.Domain.Features.Impressoras.Impressora::get_NivelTonerColorido()</Name>
              <FileRef uid="1" />
              <SequencePoints />
              <BranchPoints />
            </Method>
            <Method skippedDueTo="AutoImplementedProperty" visited="false" cyclomaticComplexity="1" nPathComplexity="0" sequenceCoverage="0" branchCoverage="0" crapScore="0" isConstructor="false" isStatic="false" isGetter="false" isSetter="true">
              <MetadataToken>100663311</MetadataToken>
              <Name>System.Void MF6.Domain.Features.Impressoras.Impressora::set_NivelTonerColorido(System.Int32)</Name>
              <FileRef uid="1" />
              <SequencePoints />
              <BranchPoints />
            </Method>
            <Method skippedDueTo="AutoImplementedProperty" visited="false" cyclomaticComplexity="1" nPathComplexity="0" sequenceCoverage="0" branchCoverage="0" crapScore="0" isConstructor="false" isStatic="false" isGetter="true" isSetter="false">
              <MetadataToken>100663312</MetadataToken>
              <Name>System.Int32 MF6.Domain.Features.Impressoras.Impressora::get_NivelTonerPreto()</Name>
              <FileRef uid="1" />
              <SequencePoints />
              <BranchPoints />
            </Method>
            <Method skippedDueTo="AutoImplementedProperty" visited="false" cyclomaticComplexity="1" nPathComplexity="0" sequenceCoverage="0" branchCoverage="0" crapScore="0" isConstructor="false" isStatic="false" isGetter="false" isSetter="true">
              <MetadataToken>100663313</MetadataToken>
              <Name>System.Void MF6.Domain.Features.Impressoras.Impressora::set_NivelTonerPreto(System.Int32)</Name>
              <FileRef uid="1" />
              <SequencePoints />
              <BranchPoints />
            </Method>
            <Method visited="false" cyclomaticComplexity="1" nPathComplexity="0" sequenceCoverage="0" branchCoverage="0" crapScore="2" isConstructor="true" isStatic="false" isGetter="false" isSetter="false">
              <Summary numSequencePoints="0" visitedSequencePoints="0" numBranchPoints="0" visitedBranchPoints="0" sequenceCoverage="0" branchCoverage="0" maxCyclomaticComplexity="1" minCyclomaticComplexity="1" maxCrapScore="2" minCrapScore="2" visitedClasses="0" numClasses="0" visitedMethods="0" numMethods="0" />
              <MetadataToken>100663314</MetadataToken>
              <Name>System.Void MF6.Domain.Features.Impressoras.Impressora::.ctor()</Name>
              <SequencePoints />
              <BranchPoints />
              <MethodPoint vc="0" uspid="1" ordinal="0" offset="0" />
            </Method>
          </Methods>
        </Class>
        <Class>
          <Summary numSequencePoints="4" visitedSequencePoints="4" numBranchPoints="1" visitedBranchPoints="1" sequenceCoverage="100" branchCoverage="100" maxCyclomaticComplexity="1" minCyclomaticComplexity="1" maxCrapScore="1" minCrapScore="1" visitedClasses="1" numClasses="1" visitedMethods="1" numMethods="1" />
          <FullName>MF6.Domain.Exceptions.BusinessException</FullName>
          <Methods>
            <Method skippedDueTo="AutoImplementedProperty" visited="false" cyclomaticComplexity="1" nPathComplexity="0" sequenceCoverage="0" branchCoverage="0" crapScore="0" isConstructor="false" isStatic="false" isGetter="true" isSetter="false">
              <MetadataToken>100663316</MetadataToken>
              <Name>MF6.Domain.Exceptions.ErrorCodes MF6.Domain.Exceptions.BusinessException::get_ErrorCode()</Name>
              <FileRef uid="2" />
              <SequencePoints />
              <BranchPoints />
            </Method>
            <Method visited="true" cyclomaticComplexity="1" nPathComplexity="0" sequenceCoverage="100" branchCoverage="100" crapScore="1" isConstructor="true" isStatic="false" isGetter="false" isSetter="false">
              <Summary numSequencePoints="4" visitedSequencePoints="4" numBranchPoints="1" visitedBranchPoints="1" sequenceCoverage="100" branchCoverage="100" maxCyclomaticComplexity="1" minCyclomaticComplexity="1" maxCrapScore="1" minCrapScore="1" visitedClasses="0" numClasses="0" visitedMethods="1" numMethods="1" />
              <MetadataToken>100663315</MetadataToken>
              <Name>System.Void MF6.Domain.Exceptions.BusinessException::.ctor(MF6.Domain.Exceptions.ErrorCodes,System.String)</Name>
              <FileRef uid="2" />
              <SequencePoints>
                <SequencePoint vc="7" uspid="2" ordinal="0" offset="0" sl="7" sc="74" el="7" ec="87" bec="0" bev="0" fileid="2" />
                <SequencePoint vc="7" uspid="3" ordinal="1" offset="8" sl="8" sc="9" el="8" ec="10" bec="0" bev="0" fileid="2" />
                <SequencePoint vc="7" uspid="4" ordinal="2" offset="9" sl="9" sc="13" el="9" ec="35" bec="0" bev="0" fileid="2" />
                <SequencePoint vc="7" uspid="5" ordinal="3" offset="16" sl="10" sc="9" el="10" ec="10" bec="0" bev="0" fileid="2" />
              </SequencePoints>
              <BranchPoints />
              <MethodPoint xsi:type="SequencePoint" vc="7" uspid="2" ordinal="0" offset="0" sl="7" sc="74" el="7" ec="87" bec="0" bev="0" fileid="2" />
            </Method>
          </Methods>
        </Class>
        <Class>
          <Summary numSequencePoints="3" visitedSequencePoints="3" numBranchPoints="1" visitedBranchPoints="1" sequenceCoverage="100" branchCoverage="100" maxCyclomaticComplexity="1" minCyclomaticComplexity="1" maxCrapScore="1" minCrapScore="1" visitedClasses="1" numClasses="1" visitedMethods="1" numMethods="1" />
          <FullName>MF6.Domain.Exceptions.NaoEncontradoException</FullName>
          <Methods>
            <Method visited="true" cyclomaticComplexity="1" nPathComplexity="0" sequenceCoverage="100" branchCoverage="100" crapScore="1" isConstructor="true" isStatic="false" isGetter="false" isSetter="false">
              <Summary numSequencePoints="3" visitedSequencePoints="3" numBranchPoints="1" visitedBranchPoints="1" sequenceCoverage="100" branchCoverage="100" maxCyclomaticComplexity="1" minCyclomaticComplexity="1" maxCrapScore="1" minCrapScore="1" visitedClasses="0" numClasses="0" visitedMethods="1" numMethods="1" />
              <MetadataToken>100663317</MetadataToken>
              <Name>System.Void MF6.Domain.Exceptions.NaoEncontradoException::.ctor()</Name>
              <FileRef uid="3" />
              <SequencePoints>
                <SequencePoint vc="6" uspid="6" ordinal="0" offset="0" sl="5" sc="43" el="5" ec="95" bec="0" bev="0" fileid="3" />
                <SequencePoint vc="6" uspid="7" ordinal="1" offset="17" sl="5" sc="96" el="5" ec="97" bec="0" bev="0" fileid="3" />
                <SequencePoint vc="6" uspid="8" ordinal="2" offset="18" sl="5" sc="98" el="5" ec="99" bec="0" bev="0" fileid="3" />
              </SequencePoints>
              <BranchPoints />
              <MethodPoint xsi:type="SequencePoint" vc="6" uspid="6" ordinal="0" offset="0" sl="5" sc="43" el="5" ec="95" bec="0" bev="0" fileid="3" />
            </Method>
          </Methods>
        </Class>
      </Classes>
    </Module>
    <Module hash="DB-6C-8B-D9-42-EE-2D-BD-3D-24-04-CC-1C-7F-73-45-48-33-EA-E4">
      <Summary numSequencePoints="30" visitedSequencePoints="30" numBranchPoints="14" visitedBranchPoints="13" sequenceCoverage="100" branchCoverage="92.86" maxCyclomaticComplexity="3" minCyclomaticComplexity="1" maxCrapScore="3" minCrapScore="1" visitedClasses="1" numClasses="1" visitedMethods="6" numMethods="6" />
      <ModulePath>C:\Users\ndduser\Desktop\ZanellaProva\ZanellaProva\mf-ws\Zanella_MF6\MF6.Application.Tests\bin\Debug\MF6.Application.dll</ModulePath>
      <ModuleTime>2018-08-02T18:08:26.7538257Z</ModuleTime>
      <ModuleName>MF6.Application</ModuleName>
      <Files>
        <File uid="7" fullPath="C:\Users\ndduser\Desktop\ZanellaProva\ZanellaProva\mf-ws\Zanella_MF6\MF6.Application\Features\Impressoras\ImpressoraServico.cs" />
      </Files>
      <Classes>
        <Class>
          <Summary numSequencePoints="30" visitedSequencePoints="30" numBranchPoints="14" visitedBranchPoints="13" sequenceCoverage="100" branchCoverage="92.86" maxCyclomaticComplexity="3" minCyclomaticComplexity="1" maxCrapScore="3" minCrapScore="1" visitedClasses="1" numClasses="1" visitedMethods="6" numMethods="6" />
          <FullName>MF6.Application.Features.Impressoras.ImpressoraServico</FullName>
          <Methods>
            <Method visited="true" cyclomaticComplexity="1" nPathComplexity="0" sequenceCoverage="100" branchCoverage="100" crapScore="1" isConstructor="true" isStatic="false" isGetter="false" isSetter="false">
              <Summary numSequencePoints="4" visitedSequencePoints="4" numBranchPoints="1" visitedBranchPoints="1" sequenceCoverage="100" branchCoverage="100" maxCyclomaticComplexity="1" minCyclomaticComplexity="1" maxCrapScore="1" minCrapScore="1" visitedClasses="0" numClasses="0" visitedMethods="1" numMethods="1" />
              <MetadataToken>100663297</MetadataToken>
              <Name>System.Void MF6.Application.Features.Impressoras.ImpressoraServico::.ctor(MF6.Domain.Features.Impressoras.IImpressoraRepositorio)</Name>
              <FileRef uid="7" />
              <SequencePoints>
                <SequencePoint vc="10" uspid="9" ordinal="0" offset="0" sl="11" sc="9" el="11" ec="79" bec="0" bev="0" fileid="7" />
                <SequencePoint vc="10" uspid="10" ordinal="1" offset="7" sl="12" sc="9" el="12" ec="10" bec="0" bev="0" fileid="7" />
                <SequencePoint vc="10" uspid="11" ordinal="2" offset="8" sl="13" sc="13" el="13" ec="50" bec="0" bev="0" fileid="7" />
                <SequencePoint vc="10" uspid="12" ordinal="3" offset="15" sl="14" sc="9" el="14" ec="10" bec="0" bev="0" fileid="7" />
              </SequencePoints>
              <BranchPoints />
              <MethodPoint xsi:type="SequencePoint" vc="10" uspid="9" ordinal="0" offset="0" sl="11" sc="9" el="11" ec="79" bec="0" bev="0" fileid="7" />
            </Method>
            <Method visited="true" cyclomaticComplexity="1" nPathComplexity="0" sequenceCoverage="100" branchCoverage="100" crapScore="1" isConstructor="false" isStatic="false" isGetter="false" isSetter="false">
              <Summary numSequencePoints="4" visitedSequencePoints="4" numBranchPoints="1" visitedBranchPoints="1" sequenceCoverage="100" branchCoverage="100" maxCyclomaticComplexity="1" minCyclomaticComplexity="1" maxCrapScore="1" minCrapScore="1" visitedClasses="0" numClasses="0" visitedMethods="1" numMethods="1" />
              <MetadataToken>100663298</MetadataToken>
              <Name>System.Int32 MF6.Application.Features.Impressoras.ImpressoraServico::Inserir(MF6.Domain.Features.Impressoras.Impressora)</Name>
              <FileRef uid="7" />
              <SequencePoints>
                <SequencePoint vc="1" uspid="13" ordinal="0" offset="0" sl="17" sc="9" el="17" ec="10" bec="0" bev="0" fileid="7" />
                <SequencePoint vc="1" uspid="14" ordinal="1" offset="1" sl="20" sc="13" el="20" ec="67" bec="0" bev="0" fileid="7" />
                <SequencePoint vc="1" uspid="15" ordinal="2" offset="14" sl="22" sc="13" el="22" ec="38" bec="0" bev="0" fileid="7" />
                <SequencePoint vc="1" uspid="16" ordinal="3" offset="23" sl="23" sc="9" el="23" ec="10" bec="0" bev="0" fileid="7" />
              </SequencePoints>
              <BranchPoints />
              <MethodPoint xsi:type="SequencePoint" vc="1" uspid="13" ordinal="0" offset="0" sl="17" sc="9" el="17" ec="10" bec="0" bev="0" fileid="7" />
            </Method>
            <Method visited="true" cyclomaticComplexity="1" nPathComplexity="0" sequenceCoverage="100" branchCoverage="100" crapScore="1" isConstructor="false" isStatic="false" isGetter="false" isSetter="false">
              <Summary numSequencePoints="3" visitedSequencePoints="3" numBranchPoints="1" visitedBranchPoints="1" sequenceCoverage="100" branchCoverage="100" maxCyclomaticComplexity="1" minCyclomaticComplexity="1" maxCrapScore="1" minCrapScore="1" visitedClasses="0" numClasses="0" visitedMethods="1" numMethods="1" />
              <MetadataToken>100663299</MetadataToken>
              <Name>System.Linq.IQueryable`1&lt;MF6.Domain.Features.Impressoras.Impressora&gt; MF6.Application.Features.Impressoras.ImpressoraServico::PegarTodos()</Name>
              <FileRef uid="7" />
              <SequencePoints>
                <SequencePoint vc="1" uspid="17" ordinal="0" offset="0" sl="26" sc="9" el="26" ec="10" bec="0" bev="0" fileid="7" />
                <SequencePoint vc="1" uspid="18" ordinal="1" offset="1" sl="27" sc="13" el="27" ec="46" bec="0" bev="0" fileid="7" />
                <SequencePoint vc="1" uspid="19" ordinal="2" offset="15" sl="28" sc="9" el="28" ec="10" bec="0" bev="0" fileid="7" />
              </SequencePoints>
              <BranchPoints />
              <MethodPoint xsi:type="SequencePoint" vc="1" uspid="17" ordinal="0" offset="0" sl="26" sc="9" el="26" ec="10" bec="0" bev="0" fileid="7" />
            </Method>
            <Method visited="true" cyclomaticComplexity="3" nPathComplexity="4" sequenceCoverage="100" branchCoverage="80" crapScore="3" isConstructor="false" isStatic="false" isGetter="false" isSetter="false">
              <Summary numSequencePoints="5" visitedSequencePoints="5" numBranchPoints="5" visitedBranchPoints="4" sequenceCoverage="100" branchCoverage="80" maxCyclomaticComplexity="3" minCyclomaticComplexity="3" maxCrapScore="3" minCrapScore="3" visitedClasses="0" numClasses="0" visitedMethods="1" numMethods="1" />
              <MetadataToken>100663300</MetadataToken>
              <Name>MF6.Domain.Features.Impressoras.Impressora MF6.Application.Features.Impressoras.ImpressoraServico::PegarPorId(System.Int32)</Name>
              <FileRef uid="7" />
              <SequencePoints>
                <SequencePoint vc="3" uspid="20" ordinal="0" offset="0" sl="31" sc="9" el="31" ec="10" bec="0" bev="0" fileid="7" />
                <SequencePoint vc="3" uspid="21" ordinal="1" offset="1" sl="32" sc="13" el="32" ec="24" bec="2" bev="2" fileid="7" />
                <SequencePoint vc="1" uspid="22" ordinal="2" offset="9" sl="33" sc="17" el="33" ec="52" bec="0" bev="0" fileid="7" />
                <SequencePoint vc="2" uspid="23" ordinal="3" offset="15" sl="35" sc="13" el="35" ec="86" bec="2" bev="1" fileid="7" />
                <SequencePoint vc="1" uspid="24" ordinal="4" offset="40" sl="36" sc="9" el="36" ec="10" bec="0" bev="0" fileid="7" />
              </SequencePoints>
              <BranchPoints>
                <BranchPoint vc="1" uspid="25" ordinal="0" offset="7" sl="32" path="0" offsetend="9" fileid="7" />
                <BranchPoint vc="2" uspid="26" ordinal="1" offset="7" sl="32" path="1" offsetend="15" fileid="7" />
                <BranchPoint vc="0" uspid="27" ordinal="2" offset="28" sl="35" path="0" offsetend="30" fileid="7" />
                <BranchPoint vc="1" uspid="28" ordinal="3" offset="28" sl="35" path="1" offsetend="37" fileid="7" />
              </BranchPoints>
              <MethodPoint xsi:type="SequencePoint" vc="3" uspid="20" ordinal="0" offset="0" sl="31" sc="9" el="31" ec="10" bec="0" bev="0" fileid="7" />
            </Method>
            <Method visited="true" cyclomaticComplexity="3" nPathComplexity="2" sequenceCoverage="100" branchCoverage="100" crapScore="3" isConstructor="false" isStatic="false" isGetter="false" isSetter="false">
              <Summary numSequencePoints="5" visitedSequencePoints="5" numBranchPoints="3" visitedBranchPoints="3" sequenceCoverage="100" branchCoverage="100" maxCyclomaticComplexity="3" minCyclomaticComplexity="3" maxCrapScore="3" minCrapScore="3" visitedClasses="0" numClasses="0" visitedMethods="1" numMethods="1" />
              <MetadataToken>100663301</MetadataToken>
              <Name>System.Boolean MF6.Application.Features.Impressoras.ImpressoraServico::Deletar(MF6.Domain.Features.Impressoras.Impressora)</Name>
              <FileRef uid="7" />
              <SequencePoints>
                <SequencePoint vc="3" uspid="29" ordinal="0" offset="0" sl="39" sc="9" el="39" ec="10" bec="0" bev="0" fileid="7" />
                <SequencePoint vc="3" uspid="30" ordinal="1" offset="1" sl="40" sc="13" el="40" ec="57" bec="2" bev="2" fileid="7" />
                <SequencePoint vc="1" uspid="31" ordinal="2" offset="20" sl="41" sc="17" el="41" ec="52" bec="0" bev="0" fileid="7" />
                <SequencePoint vc="2" uspid="32" ordinal="3" offset="26" sl="43" sc="13" el="43" ec="56" bec="0" bev="0" fileid="7" />
                <SequencePoint vc="1" uspid="33" ordinal="4" offset="46" sl="44" sc="9" el="44" ec="10" bec="0" bev="0" fileid="7" />
              </SequencePoints>
              <BranchPoints>
                <BranchPoint vc="1" uspid="36" ordinal="2" offset="18" sl="40" path="0" offsetend="20" fileid="7" />
                <BranchPoint vc="2" uspid="37" ordinal="3" offset="18" sl="40" path="1" offsetend="26" fileid="7" />
              </BranchPoints>
              <MethodPoint xsi:type="SequencePoint" vc="3" uspid="29" ordinal="0" offset="0" sl="39" sc="9" el="39" ec="10" bec="0" bev="0" fileid="7" />
            </Method>
            <Method visited="true" cyclomaticComplexity="2" nPathComplexity="2" sequenceCoverage="100" branchCoverage="100" crapScore="2" isConstructor="false" isStatic="false" isGetter="false" isSetter="false">
              <Summary numSequencePoints="9" visitedSequencePoints="9" numBranchPoints="3" visitedBranchPoints="3" sequenceCoverage="100" branchCoverage="100" maxCyclomaticComplexity="2" minCyclomaticComplexity="2" maxCrapScore="2" minCrapScore="2" visitedClasses="0" numClasses="0" visitedMethods="1" numMethods="1" />
              <MetadataToken>100663302</MetadataToken>
              <Name>System.Boolean MF6.Application.Features.Impressoras.ImpressoraServico::Atualizar(MF6.Domain.Features.Impressoras.Impressora)</Name>
              <FileRef uid="7" />
              <SequencePoints>
                <SequencePoint vc="2" uspid="38" ordinal="0" offset="0" sl="47" sc="9" el="47" ec="10" bec="0" bev="0" fileid="7" />
                <SequencePoint vc="2" uspid="39" ordinal="1" offset="1" sl="48" sc="13" el="48" ec="109" bec="2" bev="2" fileid="7" />
                <SequencePoint vc="1" uspid="40" ordinal="2" offset="29" sl="50" sc="13" el="50" ec="51" bec="0" bev="0" fileid="7" />
                <SequencePoint vc="1" uspid="41" ordinal="3" offset="42" sl="51" sc="13" el="51" ec="45" bec="0" bev="0" fileid="7" />
                <SequencePoint vc="1" uspid="42" ordinal="4" offset="55" sl="52" sc="13" el="52" ec="51" bec="0" bev="0" fileid="7" />
                <SequencePoint vc="1" uspid="43" ordinal="5" offset="68" sl="53" sc="13" el="53" ec="77" bec="0" bev="0" fileid="7" />
                <SequencePoint vc="1" uspid="44" ordinal="6" offset="81" sl="54" sc="13" el="54" ec="71" bec="0" bev="0" fileid="7" />
                <SequencePoint vc="1" uspid="45" ordinal="7" offset="94" sl="57" sc="13" el="57" ec="57" bec="0" bev="0" fileid="7" />
                <SequencePoint vc="1" uspid="46" ordinal="8" offset="109" sl="58" sc="9" el="58" ec="10" bec="0" bev="0" fileid="7" />
              </SequencePoints>
              <BranchPoints>
                <BranchPoint vc="1" uspid="47" ordinal="0" offset="19" sl="48" path="0" offsetend="21" fileid="7" />
                <BranchPoint vc="1" uspid="48" ordinal="1" offset="19" sl="48" path="1" offsetend="28" fileid="7" />
              </BranchPoints>
              <MethodPoint xsi:type="SequencePoint" vc="2" uspid="38" ordinal="0" offset="0" sl="47" sc="9" el="47" ec="10" bec="0" bev="0" fileid="7" />
            </Method>
          </Methods>
        </Class>
      </Classes>
    </Module>
    <Module hash="F5-B6-57-1E-13-40-C8-C9-50-2C-56-3E-ED-E4-8F-CB-93-5B-15-8F">
      <Summary numSequencePoints="0" visitedSequencePoints="0" numBranchPoints="0" visitedBranchPoints="0" sequenceCoverage="0" branchCoverage="0" maxCyclomaticComplexity="0" minCyclomaticComplexity="0" maxCrapScore="0" minCrapScore="0" visitedClasses="0" numClasses="0" visitedMethods="0" numMethods="0" />
      <ModulePath>C:\Users\ndduser\Desktop\ZanellaProva\ZanellaProva\mf-ws\Zanella_MF6\MF6.Application.Tests\bin\Debug\MF6.Common.Tests.dll</ModulePath>
      <ModuleTime>2018-08-02T18:08:26.687783Z</ModuleTime>
      <ModuleName>MF6.Common.Tests</ModuleName>
      <Files />
      <Classes />
    </Module>
    <Module hash="77-2F-32-79-0A-23-4A-DD-BB-CC-8E-C1-6D-C7-FD-4A-5A-B1-B5-32">
      <Summary numSequencePoints="45" visitedSequencePoints="33" numBranchPoints="15" visitedBranchPoints="11" sequenceCoverage="73.33" branchCoverage="73.33" maxCyclomaticComplexity="7" minCyclomaticComplexity="1" maxCrapScore="56" minCrapScore="1" visitedClasses="5" numClasses="9" visitedMethods="9" numMethods="13" />
      <ModulePath>C:\Users\ndduser\Desktop\ZanellaProva\ZanellaProva\mf-ws\Zanella_MF6\MF6.Controller.Tests\bin\Debug\MF6.API.dll</ModulePath>
      <ModuleTime>2018-08-02T18:08:26.197453Z</ModuleTime>
      <ModuleName>MF6.API</ModuleName>
      <Files>
        <File uid="11" fullPath="C:\Users\ndduser\Desktop\ZanellaProva\ZanellaProva\mf-ws\Zanella_MF6\MF6.API\Global.asax.cs" />
        <File uid="12" fullPath="C:\Users\ndduser\Desktop\ZanellaProva\ZanellaProva\mf-ws\Zanella_MF6\MF6.API\Models\MediaTypes.cs" />
        <File uid="13" fullPath="C:\Users\ndduser\Desktop\ZanellaProva\ZanellaProva\mf-ws\Zanella_MF6\MF6.API\Filters\ExceptionHandlerAttribute.cs" />
        <File uid="14" fullPath="C:\Users\ndduser\Desktop\ZanellaProva\ZanellaProva\mf-ws\Zanella_MF6\MF6.API\Extensions\ExtensionHandlingExtensions.cs" />
        <File uid="15" fullPath="C:\Users\ndduser\Desktop\ZanellaProva\ZanellaProva\mf-ws\Zanella_MF6\MF6.API\Exceptions\ExceptionPayload.cs" />
        <File uid="16" fullPath="C:\Users\ndduser\Desktop\ZanellaProva\ZanellaProva\mf-ws\Zanella_MF6\MF6.API\Controllers\Testes\TestesController.cs" />
        <File uid="18" fullPath="C:\Users\ndduser\Desktop\ZanellaProva\ZanellaProva\mf-ws\Zanella_MF6\MF6.API\Controllers\Common\ApiControllerBase.cs" />
        <File uid="19" fullPath="C:\Users\ndduser\Desktop\ZanellaProva\ZanellaProva\mf-ws\Zanella_MF6\MF6.API\Controllers\Common\PublicController.cs" />
      </Files>
      <Classes>
        <Class>
          <Summary numSequencePoints="0" visitedSequencePoints="0" numBranchPoints="0" visitedBranchPoints="0" sequenceCoverage="0" branchCoverage="0" maxCyclomaticComplexity="7" minCyclomaticComplexity="1" maxCrapScore="56" minCrapScore="2" visitedClasses="0" numClasses="0" visitedMethods="0" numMethods="0" />
          <FullName>&lt;&gt;f__AnonymousType0`2</FullName>
          <Methods>
            <Method visited="false" cyclomaticComplexity="1" nPathComplexity="0" sequenceCoverage="0" branchCoverage="0" crapScore="2" isConstructor="false" isStatic="false" isGetter="true" isSetter="false">
              <Summary numSequencePoints="0" visitedSequencePoints="0" numBranchPoints="0" visitedBranchPoints="0" sequenceCoverage="0" branchCoverage="0" maxCyclomaticComplexity="1" minCyclomaticComplexity="1" maxCrapScore="2" minCrapScore="2" visitedClasses="0" numClasses="0" visitedMethods="0" numMethods="0" />
              <MetadataToken>100663297</MetadataToken>
              <Name>&lt;id&gt;j__TPar &lt;&gt;f__AnonymousType0`2::get_id()</Name>
              <SequencePoints />
              <BranchPoints />
              <MethodPoint vc="0" uspid="49" ordinal="0" offset="0" />
            </Method>
            <Method visited="false" cyclomaticComplexity="1" nPathComplexity="0" sequenceCoverage="0" branchCoverage="0" crapScore="2" isConstructor="false" isStatic="false" isGetter="true" isSetter="false">
              <Summary numSequencePoints="0" visitedSequencePoints="0" numBranchPoints="0" visitedBranchPoints="0" sequenceCoverage="0" branchCoverage="0" maxCyclomaticComplexity="1" minCyclomaticComplexity="1" maxCrapScore="2" minCrapScore="2" visitedClasses="0" numClasses="0" visitedMethods="0" numMethods="0" />
              <MetadataToken>100663298</MetadataToken>
              <Name>&lt;action&gt;j__TPar &lt;&gt;f__AnonymousType0`2::get_action()</Name>
              <SequencePoints />
              <BranchPoints />
              <MethodPoint vc="0" uspid="50" ordinal="0" offset="0" />
            </Method>
            <Method visited="false" cyclomaticComplexity="1" nPathComplexity="0" sequenceCoverage="0" branchCoverage="0" crapScore="2" isConstructor="true" isStatic="false" isGetter="false" isSetter="false">
              <Summary numSequencePoints="0" visitedSequencePoints="0" numBranchPoints="0" visitedBranchPoints="0" sequenceCoverage="0" branchCoverage="0" maxCyclomaticComplexity="1" minCyclomaticComplexity="1" maxCrapScore="2" minCrapScore="2" visitedClasses="0" numClasses="0" visitedMethods="0" numMethods="0" />
              <MetadataToken>100663299</MetadataToken>
              <Name>System.Void &lt;&gt;f__AnonymousType0`2::.ctor(&lt;id&gt;j__TPar,&lt;action&gt;j__TPar)</Name>
              <SequencePoints />
              <BranchPoints />
              <MethodPoint vc="0" uspid="51" ordinal="0" offset="0" />
            </Method>
            <Method visited="false" cyclomaticComplexity="3" nPathComplexity="0" sequenceCoverage="0" branchCoverage="0" crapScore="12" isConstructor="false" isStatic="false" isGetter="false" isSetter="false">
              <Summary numSequencePoints="0" visitedSequencePoints="0" numBranchPoints="0" visitedBranchPoints="0" sequenceCoverage="0" branchCoverage="0" maxCyclomaticComplexity="3" minCyclomaticComplexity="3" maxCrapScore="12" minCrapScore="12" visitedClasses="0" numClasses="0" visitedMethods="0" numMethods="0" />
              <MetadataToken>100663300</MetadataToken>
              <Name>System.Boolean &lt;&gt;f__AnonymousType0`2::Equals(System.Object)</Name>
              <SequencePoints />
              <BranchPoints />
              <MethodPoint vc="0" uspid="52" ordinal="0" offset="0" />
            </Method>
            <Method visited="false" cyclomaticComplexity="1" nPathComplexity="0" sequenceCoverage="0" branchCoverage="0" crapScore="2" isConstructor="false" isStatic="false" isGetter="false" isSetter="false">
              <Summary numSequencePoints="0" visitedSequencePoints="0" numBranchPoints="0" visitedBranchPoints="0" sequenceCoverage="0" branchCoverage="0" maxCyclomaticComplexity="1" minCyclomaticComplexity="1" maxCrapScore="2" minCrapScore="2" visitedClasses="0" numClasses="0" visitedMethods="0" numMethods="0" />
              <MetadataToken>100663301</MetadataToken>
              <Name>System.Int32 &lt;&gt;f__AnonymousType0`2::GetHashCode()</Name>
              <SequencePoints />
              <BranchPoints />
              <MethodPoint vc="0" uspid="53" ordinal="0" offset="0" />
            </Method>
            <Method visited="false" cyclomaticComplexity="7" nPathComplexity="0" sequenceCoverage="0" branchCoverage="0" crapScore="56" isConstructor="false" isStatic="false" isGetter="false" isSetter="false">
              <Summary numSequencePoints="0" visitedSequencePoints="0" numBranchPoints="0" visitedBranchPoints="0" sequenceCoverage="0" branchCoverage="0" maxCyclomaticComplexity="7" minCyclomaticComplexity="7" maxCrapScore="56" minCrapScore="56" visitedClasses="0" numClasses="0" visitedMethods="0" numMethods="0" />
              <MetadataToken>100663302</MetadataToken>
              <Name>System.String &lt;&gt;f__AnonymousType0`2::ToString()</Name>
              <SequencePoints />
              <BranchPoints />
              <MethodPoint vc="0" uspid="54" ordinal="0" offset="0" />
            </Method>
          </Methods>
        </Class>
        <Class>
          <Summary numSequencePoints="3" visitedSequencePoints="0" numBranchPoints="1" visitedBranchPoints="0" sequenceCoverage="0" branchCoverage="0" maxCyclomaticComplexity="1" minCyclomaticComplexity="1" maxCrapScore="2" minCrapScore="2" visitedClasses="0" numClasses="1" visitedMethods="0" numMethods="1" />
          <FullName>MF6.API.WebApiApplication</FullName>
          <Methods>
            <Method visited="false" cyclomaticComplexity="1" nPathComplexity="0" sequenceCoverage="0" branchCoverage="0" crapScore="2" isConstructor="false" isStatic="false" isGetter="false" isSetter="false">
              <Summary numSequencePoints="3" visitedSequencePoints="0" numBranchPoints="1" visitedBranchPoints="0" sequenceCoverage="0" branchCoverage="0" maxCyclomaticComplexity="1" minCyclomaticComplexity="1" maxCrapScore="2" minCrapScore="2" visitedClasses="0" numClasses="0" visitedMethods="0" numMethods="1" />
              <MetadataToken>100663307</MetadataToken>
              <Name>System.Void MF6.API.WebApiApplication::Application_Start()</Name>
              <FileRef uid="11" />
              <SequencePoints>
                <SequencePoint vc="0" uspid="55" ordinal="0" offset="0" sl="13" sc="9" el="13" ec="10" bec="0" bev="0" fileid="11" />
                <SequencePoint vc="0" uspid="56" ordinal="1" offset="1" sl="14" sc="13" el="14" ec="66" bec="0" bev="0" fileid="11" />
                <SequencePoint vc="0" uspid="57" ordinal="2" offset="19" sl="15" sc="9" el="15" ec="10" bec="0" bev="0" fileid="11" />
              </SequencePoints>
              <BranchPoints />
              <MethodPoint xsi:type="SequencePoint" vc="0" uspid="55" ordinal="0" offset="0" sl="13" sc="9" el="13" ec="10" bec="0" bev="0" fileid="11" />
            </Method>
            <Method visited="false" cyclomaticComplexity="1" nPathComplexity="0" sequenceCoverage="0" branchCoverage="0" crapScore="2" isConstructor="true" isStatic="false" isGetter="false" isSetter="false">
              <Summary numSequencePoints="0" visitedSequencePoints="0" numBranchPoints="0" visitedBranchPoints="0" sequenceCoverage="0" branchCoverage="0" maxCyclomaticComplexity="1" minCyclomaticComplexity="1" maxCrapScore="2" minCrapScore="2" visitedClasses="0" numClasses="0" visitedMethods="0" numMethods="0" />
              <MetadataToken>100663308</MetadataToken>
              <Name>System.Void MF6.API.WebApiApplication::.ctor()</Name>
              <SequencePoints />
              <BranchPoints />
              <MethodPoint vc="0" uspid="58" ordinal="0" offset="0" />
            </Method>
          </Methods>
        </Class>
        <Class>
          <Summary numSequencePoints="3" visitedSequencePoints="0" numBranchPoints="1" visitedBranchPoints="0" sequenceCoverage="0" branchCoverage="0" maxCyclomaticComplexity="1" minCyclomaticComplexity="1" maxCrapScore="2" minCrapScore="2" visitedClasses="0" numClasses="1" visitedMethods="0" numMethods="1" />
          <FullName>MF6.API.Models.MediaTypes</FullName>
          <Methods>
            <Method visited="false" cyclomaticComplexity="1" nPathComplexity="0" sequenceCoverage="0" branchCoverage="0" crapScore="2" isConstructor="true" isStatic="false" isGetter="false" isSetter="false">
              <Summary numSequencePoints="0" visitedSequencePoints="0" numBranchPoints="0" visitedBranchPoints="0" sequenceCoverage="0" branchCoverage="0" maxCyclomaticComplexity="1" minCyclomaticComplexity="1" maxCrapScore="2" minCrapScore="2" visitedClasses="0" numClasses="0" visitedMethods="0" numMethods="0" />
              <MetadataToken>100663309</MetadataToken>
              <Name>System.Void MF6.API.Models.MediaTypes::.ctor()</Name>
              <SequencePoints />
              <BranchPoints />
              <MethodPoint vc="0" uspid="59" ordinal="0" offset="0" />
            </Method>
            <Method visited="false" cyclomaticComplexity="1" nPathComplexity="0" sequenceCoverage="0" branchCoverage="0" crapScore="2" isConstructor="true" isStatic="true" isGetter="false" isSetter="false">
              <Summary numSequencePoints="3" visitedSequencePoints="0" numBranchPoints="1" visitedBranchPoints="0" sequenceCoverage="0" branchCoverage="0" maxCyclomaticComplexity="1" minCyclomaticComplexity="1" maxCrapScore="2" minCrapScore="2" visitedClasses="0" numClasses="0" visitedMethods="0" numMethods="1" />
              <MetadataToken>100663310</MetadataToken>
              <Name>System.Void MF6.API.Models.MediaTypes::.cctor()</Name>
              <FileRef uid="12" />
              <SequencePoints>
                <SequencePoint vc="0" uspid="60" ordinal="0" offset="0" sl="5" sc="9" el="5" ec="65" bec="0" bev="0" fileid="12" />
                <SequencePoint vc="0" uspid="61" ordinal="1" offset="10" sl="6" sc="9" el="6" ec="80" bec="0" bev="0" fileid="12" />
                <SequencePoint vc="0" uspid="62" ordinal="2" offset="20" sl="7" sc="9" el="7" ec="56" bec="0" bev="0" fileid="12" />
              </SequencePoints>
              <BranchPoints />
              <MethodPoint xsi:type="SequencePoint" vc="0" uspid="60" ordinal="0" offset="0" sl="5" sc="9" el="5" ec="65" bec="0" bev="0" fileid="12" />
            </Method>
          </Methods>
        </Class>
        <Class>
          <Summary numSequencePoints="3" visitedSequencePoints="0" numBranchPoints="1" visitedBranchPoints="0" sequenceCoverage="0" branchCoverage="0" maxCyclomaticComplexity="1" minCyclomaticComplexity="1" maxCrapScore="2" minCrapScore="2" visitedClasses="0" numClasses="1" visitedMethods="0" numMethods="1" />
          <FullName>MF6.API.Filters.ExceptionHandlerAttribute</FullName>
          <Methods>
            <Method visited="false" cyclomaticComplexity="1" nPathComplexity="0" sequenceCoverage="0" branchCoverage="0" crapScore="2" isConstructor="false" isStatic="false" isGetter="false" isSetter="false">
              <Summary numSequencePoints="3" visitedSequencePoints="0" numBranchPoints="1" visitedBranchPoints="0" sequenceCoverage="0" branchCoverage="0" maxCyclomaticComplexity="1" minCyclomaticComplexity="1" maxCrapScore="2" minCrapScore="2" visitedClasses="0" numClasses="0" visitedMethods="0" numMethods="1" />
              <MetadataToken>100663311</MetadataToken>
              <Name>System.Void MF6.API.Filters.ExceptionHandlerAttribute::OnException(System.Web.Http.Filters.HttpActionExecutedContext)</Name>
              <FileRef uid="13" />
              <SequencePoints>
                <SequencePoint vc="0" uspid="63" ordinal="0" offset="0" sl="13" sc="9" el="13" ec="10" bec="0" bev="0" fileid="13" />
                <SequencePoint vc="0" uspid="64" ordinal="1" offset="1" sl="14" sc="13" el="14" ec="73" bec="0" bev="0" fileid="13" />
                <SequencePoint vc="0" uspid="65" ordinal="2" offset="14" sl="15" sc="9" el="15" ec="10" bec="0" bev="0" fileid="13" />
              </SequencePoints>
              <BranchPoints />
              <MethodPoint xsi:type="SequencePoint" vc="0" uspid="63" ordinal="0" offset="0" sl="13" sc="9" el="13" ec="10" bec="0" bev="0" fileid="13" />
            </Method>
            <Method visited="false" cyclomaticComplexity="1" nPathComplexity="0" sequenceCoverage="0" branchCoverage="0" crapScore="2" isConstructor="true" isStatic="false" isGetter="false" isSetter="false">
              <Summary numSequencePoints="0" visitedSequencePoints="0" numBranchPoints="0" visitedBranchPoints="0" sequenceCoverage="0" branchCoverage="0" maxCyclomaticComplexity="1" minCyclomaticComplexity="1" maxCrapScore="2" minCrapScore="2" visitedClasses="0" numClasses="0" visitedMethods="0" numMethods="0" />
              <MetadataToken>100663312</MetadataToken>
              <Name>System.Void MF6.API.Filters.ExceptionHandlerAttribute::.ctor()</Name>
              <SequencePoints />
              <BranchPoints />
              <MethodPoint vc="0" uspid="66" ordinal="0" offset="0" />
            </Method>
          </Methods>
        </Class>
        <Class>
          <Summary numSequencePoints="3" visitedSequencePoints="0" numBranchPoints="1" visitedBranchPoints="0" sequenceCoverage="0" branchCoverage="0" maxCyclomaticComplexity="1" minCyclomaticComplexity="1" maxCrapScore="2" minCrapScore="2" visitedClasses="0" numClasses="1" visitedMethods="0" numMethods="1" />
          <FullName>MF6.API.Extensions.ExtensionHandlingExtensions</FullName>
          <Methods>
            <Method visited="false" cyclomaticComplexity="1" nPathComplexity="0" sequenceCoverage="0" branchCoverage="0" crapScore="2" isConstructor="false" isStatic="true" isGetter="false" isSetter="false">
              <Summary numSequencePoints="3" visitedSequencePoints="0" numBranchPoints="1" visitedBranchPoints="0" sequenceCoverage="0" branchCoverage="0" maxCyclomaticComplexity="1" minCyclomaticComplexity="1" maxCrapScore="2" minCrapScore="2" visitedClasses="0" numClasses="0" visitedMethods="0" numMethods="1" />
              <MetadataToken>100663313</MetadataToken>
              <Name>System.Net.Http.HttpResponseMessage MF6.API.Extensions.ExtensionHandlingExtensions::HandleExecutedContextException(System.Web.Http.Filters.HttpActionExecutedContext)</Name>
              <FileRef uid="14" />
              <SequencePoints>
                <SequencePoint vc="0" uspid="67" ordinal="0" offset="0" sl="11" sc="9" el="11" ec="10" bec="0" bev="0" fileid="14" />
                <SequencePoint vc="0" uspid="68" ordinal="1" offset="1" sl="12" sc="13" el="12" ec="128" bec="0" bev="0" fileid="14" />
                <SequencePoint vc="0" uspid="69" ordinal="2" offset="31" sl="13" sc="9" el="13" ec="10" bec="0" bev="0" fileid="14" />
              </SequencePoints>
              <BranchPoints />
              <MethodPoint xsi:type="SequencePoint" vc="0" uspid="67" ordinal="0" offset="0" sl="11" sc="9" el="11" ec="10" bec="0" bev="0" fileid="14" />
            </Method>
          </Methods>
        </Class>
        <Class>
          <Summary numSequencePoints="6" visitedSequencePoints="6" numBranchPoints="3" visitedBranchPoints="3" sequenceCoverage="100" branchCoverage="100" maxCyclomaticComplexity="2" minCyclomaticComplexity="1" maxCrapScore="2" minCrapScore="2" visitedClasses="1" numClasses="1" visitedMethods="1" numMethods="1" />
          <FullName>MF6.API.Exceptions.ExceptionPayload</FullName>
          <Methods>
            <Method skippedDueTo="AutoImplementedProperty" visited="false" cyclomaticComplexity="1" nPathComplexity="0" sequenceCoverage="0" branchCoverage="0" crapScore="0" isConstructor="false" isStatic="false" isGetter="true" isSetter="false">
              <MetadataToken>100663314</MetadataToken>
              <Name>System.Int32 MF6.API.Exceptions.ExceptionPayload::get_ErrorCode()</Name>
              <FileRef uid="15" />
              <SequencePoints />
              <BranchPoints />
            </Method>
            <Method skippedDueTo="AutoImplementedProperty" visited="false" cyclomaticComplexity="1" nPathComplexity="0" sequenceCoverage="0" branchCoverage="0" crapScore="0" isConstructor="false" isStatic="false" isGetter="false" isSetter="true">
              <MetadataToken>100663315</MetadataToken>
              <Name>System.Void MF6.API.Exceptions.ExceptionPayload::set_ErrorCode(System.Int32)</Name>
              <FileRef uid="15" />
              <SequencePoints />
              <BranchPoints />
            </Method>
            <Method skippedDueTo="AutoImplementedProperty" visited="false" cyclomaticComplexity="1" nPathComplexity="0" sequenceCoverage="0" branchCoverage="0" crapScore="0" isConstructor="false" isStatic="false" isGetter="true" isSetter="false">
              <MetadataToken>100663316</MetadataToken>
              <Name>System.String MF6.API.Exceptions.ExceptionPayload::get_ErrorMessage()</Name>
              <FileRef uid="15" />
              <SequencePoints />
              <BranchPoints />
            </Method>
            <Method skippedDueTo="AutoImplementedProperty" visited="false" cyclomaticComplexity="1" nPathComplexity="0" sequenceCoverage="0" branchCoverage="0" crapScore="0" isConstructor="false" isStatic="false" isGetter="false" isSetter="true">
              <MetadataToken>100663317</MetadataToken>
              <Name>System.Void MF6.API.Exceptions.ExceptionPayload::set_ErrorMessage(System.String)</Name>
              <FileRef uid="15" />
              <SequencePoints />
              <BranchPoints />
            </Method>
            <Method visited="true" cyclomaticComplexity="2" nPathComplexity="2" sequenceCoverage="100" branchCoverage="100" crapScore="2" isConstructor="false" isStatic="true" isGetter="false" isSetter="false">
              <Summary numSequencePoints="6" visitedSequencePoints="6" numBranchPoints="3" visitedBranchPoints="3" sequenceCoverage="100" branchCoverage="100" maxCyclomaticComplexity="2" minCyclomaticComplexity="2" maxCrapScore="2" minCrapScore="2" visitedClasses="0" numClasses="0" visitedMethods="1" numMethods="1" />
              <MetadataToken>100663318</MetadataToken>
              <Name>MF6.API.Exceptions.ExceptionPayload MF6.API.Exceptions.ExceptionPayload::New(T)</Name>
              <FileRef uid="15" />
              <SequencePoints>
                <SequencePoint vc="2" uspid="70" ordinal="0" offset="0" sl="16" sc="9" el="16" ec="10" bec="0" bev="0" fileid="15" />
                <SequencePoint vc="2" uspid="71" ordinal="1" offset="1" sl="18" sc="13" el="18" ec="48" bec="2" bev="2" fileid="15" />
                <SequencePoint vc="1" uspid="72" ordinal="2" offset="19" sl="19" sc="17" el="19" ec="86" bec="0" bev="0" fileid="15" />
                <SequencePoint vc="1" uspid="73" ordinal="3" offset="52" sl="21" sc="17" el="21" ec="64" bec="0" bev="0" fileid="15" />
                <SequencePoint vc="2" uspid="74" ordinal="4" offset="72" sl="22" sc="13" el="26" ec="15" bec="0" bev="0" fileid="15" />
                <SequencePoint vc="2" uspid="75" ordinal="5" offset="106" sl="27" sc="9" el="27" ec="10" bec="0" bev="0" fileid="15" />
              </SequencePoints>
              <BranchPoints>
                <BranchPoint vc="1" uspid="76" ordinal="0" offset="17" sl="18" path="0" offsetend="19" fileid="15" />
                <BranchPoint vc="1" uspid="77" ordinal="1" offset="17" sl="18" path="1" offsetend="52" fileid="15" />
              </BranchPoints>
              <MethodPoint xsi:type="SequencePoint" vc="2" uspid="70" ordinal="0" offset="0" sl="16" sc="9" el="16" ec="10" bec="0" bev="0" fileid="15" />
            </Method>
            <Method visited="false" cyclomaticComplexity="1" nPathComplexity="0" sequenceCoverage="0" branchCoverage="0" crapScore="2" isConstructor="true" isStatic="false" isGetter="false" isSetter="false">
              <Summary numSequencePoints="0" visitedSequencePoints="0" numBranchPoints="0" visitedBranchPoints="0" sequenceCoverage="0" branchCoverage="0" maxCyclomaticComplexity="1" minCyclomaticComplexity="1" maxCrapScore="2" minCrapScore="2" visitedClasses="0" numClasses="0" visitedMethods="0" numMethods="0" />
              <MetadataToken>100663319</MetadataToken>
              <Name>System.Void MF6.API.Exceptions.ExceptionPayload::.ctor()</Name>
              <SequencePoints />
              <BranchPoints />
              <MethodPoint vc="0" uspid="78" ordinal="0" offset="0" />
            </Method>
          </Methods>
        </Class>
        <Class>
          <Summary numSequencePoints="3" visitedSequencePoints="3" numBranchPoints="1" visitedBranchPoints="1" sequenceCoverage="100" branchCoverage="100" maxCyclomaticComplexity="1" minCyclomaticComplexity="1" maxCrapScore="2" minCrapScore="1" visitedClasses="1" numClasses="1" visitedMethods="1" numMethods="1" />
          <FullName>MF6.API.Controllers.Testes.TestesController</FullName>
          <Methods>
            <Method visited="true" cyclomaticComplexity="1" nPathComplexity="0" sequenceCoverage="100" branchCoverage="100" crapScore="1" isConstructor="false" isStatic="false" isGetter="false" isSetter="false">
              <Summary numSequencePoints="3" visitedSequencePoints="3" numBranchPoints="1" visitedBranchPoints="1" sequenceCoverage="100" branchCoverage="100" maxCyclomaticComplexity="1" minCyclomaticComplexity="1" maxCrapScore="1" minCrapScore="1" visitedClasses="0" numClasses="0" visitedMethods="1" numMethods="1" />
              <MetadataToken>100663320</MetadataToken>
              <Name>System.Web.Http.IHttpActionResult MF6.API.Controllers.Testes.TestesController::GetById(System.Int64)</Name>
              <FileRef uid="16" />
              <SequencePoints>
                <SequencePoint vc="1" uspid="79" ordinal="0" offset="13" sl="19" sc="9" el="19" ec="10" bec="0" bev="0" fileid="16" />
                <SequencePoint vc="1" uspid="80" ordinal="1" offset="14" sl="20" sc="13" el="20" ec="68" bec="0" bev="0" fileid="16" />
                <SequencePoint vc="1" uspid="81" ordinal="2" offset="35" sl="21" sc="9" el="21" ec="10" bec="0" bev="0" fileid="16" />
              </SequencePoints>
              <BranchPoints />
              <MethodPoint vc="1" uspid="82" ordinal="0" offset="0" />
            </Method>
            <Method visited="false" cyclomaticComplexity="1" nPathComplexity="0" sequenceCoverage="0" branchCoverage="0" crapScore="2" isConstructor="true" isStatic="false" isGetter="false" isSetter="false">
              <Summary numSequencePoints="0" visitedSequencePoints="0" numBranchPoints="0" visitedBranchPoints="0" sequenceCoverage="0" branchCoverage="0" maxCyclomaticComplexity="1" minCyclomaticComplexity="1" maxCrapScore="2" minCrapScore="2" visitedClasses="0" numClasses="0" visitedMethods="0" numMethods="0" />
              <MetadataToken>100663321</MetadataToken>
              <Name>System.Void MF6.API.Controllers.Testes.TestesController::.ctor()</Name>
              <SequencePoints />
              <BranchPoints />
              <MethodPoint vc="0" uspid="83" ordinal="0" offset="0" />
            </Method>
          </Methods>
        </Class>
        <Class>
          <Summary numSequencePoints="1" visitedSequencePoints="1" numBranchPoints="1" visitedBranchPoints="1" sequenceCoverage="100" branchCoverage="100" maxCyclomaticComplexity="1" minCyclomaticComplexity="1" maxCrapScore="2" minCrapScore="1" visitedClasses="1" numClasses="1" visitedMethods="1" numMethods="1" />
          <FullName>MF6.API.Controllers.Testes.TestesController/&lt;&gt;c__DisplayClass0_0</FullName>
          <Methods>
            <Method visited="false" cyclomaticComplexity="1" nPathComplexity="0" sequenceCoverage="0" branchCoverage="0" crapScore="2" isConstructor="true" isStatic="false" isGetter="false" isSetter="false">
              <Summary numSequencePoints="0" visitedSequencePoints="0" numBranchPoints="0" visitedBranchPoints="0" sequenceCoverage="0" branchCoverage="0" maxCyclomaticComplexity="1" minCyclomaticComplexity="1" maxCrapScore="2" minCrapScore="2" visitedClasses="0" numClasses="0" visitedMethods="0" numMethods="0" />
              <MetadataToken>100663330</MetadataToken>
              <Name>System.Void MF6.API.Controllers.Testes.TestesController/&lt;&gt;c__DisplayClass0_0::.ctor()</Name>
              <SequencePoints />
              <BranchPoints />
              <MethodPoint vc="0" uspid="84" ordinal="0" offset="0" />
            </Method>
            <Method visited="true" cyclomaticComplexity="1" nPathComplexity="0" sequenceCoverage="100" branchCoverage="100" crapScore="1" isConstructor="false" isStatic="false" isGetter="false" isSetter="false">
              <Summary numSequencePoints="1" visitedSequencePoints="1" numBranchPoints="1" visitedBranchPoints="1" sequenceCoverage="100" branchCoverage="100" maxCyclomaticComplexity="1" minCyclomaticComplexity="1" maxCrapScore="1" minCrapScore="1" visitedClasses="0" numClasses="0" visitedMethods="1" numMethods="1" />
              <MetadataToken>100663331</MetadataToken>
              <Name>System.String MF6.API.Controllers.Testes.TestesController/&lt;&gt;c__DisplayClass0_0::&lt;GetById&gt;b__0()</Name>
              <FileRef uid="16" />
              <SequencePoints>
                <SequencePoint vc="1" uspid="85" ordinal="0" offset="0" sl="20" sc="41" el="20" ec="66" bec="0" bev="0" fileid="16" />
              </SequencePoints>
              <BranchPoints />
              <MethodPoint xsi:type="SequencePoint" vc="1" uspid="85" ordinal="0" offset="0" sl="20" sc="41" el="20" ec="66" bec="0" bev="0" fileid="16" />
            </Method>
          </Methods>
        </Class>
        <Class>
          <Summary numSequencePoints="20" visitedSequencePoints="20" numBranchPoints="5" visitedBranchPoints="5" sequenceCoverage="100" branchCoverage="100" maxCyclomaticComplexity="2" minCyclomaticComplexity="1" maxCrapScore="2" minCrapScore="1" visitedClasses="1" numClasses="1" visitedMethods="5" numMethods="5" />
          <FullName>MF6.API.Controllers.Common.ApiControllerBase</FullName>
          <Methods>
            <Method visited="true" cyclomaticComplexity="1" nPathComplexity="0" sequenceCoverage="100" branchCoverage="100" crapScore="1" isConstructor="false" isStatic="false" isGetter="false" isSetter="false">
              <Summary numSequencePoints="7" visitedSequencePoints="7" numBranchPoints="1" visitedBranchPoints="1" sequenceCoverage="100" branchCoverage="100" maxCyclomaticComplexity="1" minCyclomaticComplexity="1" maxCrapScore="1" minCrapScore="1" visitedClasses="0" numClasses="0" visitedMethods="1" numMethods="1" />
              <MetadataToken>100663322</MetadataToken>
              <Name>System.Web.Http.IHttpActionResult MF6.API.Controllers.Common.ApiControllerBase::HandleCallback(System.Func`1&lt;TSuccess&gt;)</Name>
              <FileRef uid="18" />
              <SequencePoints>
                <SequencePoint vc="3" uspid="86" ordinal="0" offset="0" sl="15" sc="9" el="15" ec="10" bec="0" bev="0" fileid="18" />
                <SequencePoint vc="3" uspid="87" ordinal="1" offset="1" sl="17" sc="13" el="17" ec="14" bec="0" bev="0" fileid="18" />
                <SequencePoint vc="3" uspid="88" ordinal="2" offset="2" sl="18" sc="17" el="18" ec="35" bec="0" bev="0" fileid="18" />
                <SequencePoint vc="2" uspid="89" ordinal="3" offset="17" sl="20" sc="13" el="20" ec="32" bec="0" bev="0" fileid="18" />
                <SequencePoint vc="2" uspid="90" ordinal="4" offset="18" sl="21" sc="13" el="21" ec="14" bec="0" bev="0" fileid="18" />
                <SequencePoint vc="2" uspid="91" ordinal="5" offset="19" sl="22" sc="17" el="22" ec="41" bec="0" bev="0" fileid="18" />
                <SequencePoint vc="3" uspid="92" ordinal="6" offset="29" sl="24" sc="9" el="24" ec="10" bec="0" bev="0" fileid="18" />
              </SequencePoints>
              <BranchPoints />
              <MethodPoint xsi:type="SequencePoint" vc="3" uspid="86" ordinal="0" offset="0" sl="15" sc="9" el="15" ec="10" bec="0" bev="0" fileid="18" />
            </Method>
            <Method visited="true" cyclomaticComplexity="1" nPathComplexity="0" sequenceCoverage="100" branchCoverage="100" crapScore="1" isConstructor="false" isStatic="false" isGetter="false" isSetter="false">
              <Summary numSequencePoints="3" visitedSequencePoints="3" numBranchPoints="1" visitedBranchPoints="1" sequenceCoverage="100" branchCoverage="100" maxCyclomaticComplexity="1" minCyclomaticComplexity="1" maxCrapScore="1" minCrapScore="1" visitedClasses="0" numClasses="0" visitedMethods="1" numMethods="1" />
              <MetadataToken>100663323</MetadataToken>
              <Name>System.Web.Http.IHttpActionResult MF6.API.Controllers.Common.ApiControllerBase::HandleQuery(System.Linq.IQueryable`1&lt;TResult&gt;)</Name>
              <FileRef uid="18" />
              <SequencePoints>
                <SequencePoint vc="1" uspid="93" ordinal="0" offset="0" sl="27" sc="9" el="27" ec="10" bec="0" bev="0" fileid="18" />
                <SequencePoint vc="1" uspid="94" ordinal="1" offset="1" sl="28" sc="13" el="28" ec="39" bec="0" bev="0" fileid="18" />
                <SequencePoint vc="1" uspid="95" ordinal="2" offset="16" sl="29" sc="9" el="29" ec="10" bec="0" bev="0" fileid="18" />
              </SequencePoints>
              <BranchPoints />
              <MethodPoint xsi:type="SequencePoint" vc="1" uspid="93" ordinal="0" offset="0" sl="27" sc="9" el="27" ec="10" bec="0" bev="0" fileid="18" />
            </Method>
            <Method visited="true" cyclomaticComplexity="1" nPathComplexity="0" sequenceCoverage="100" branchCoverage="100" crapScore="1" isConstructor="false" isStatic="false" isGetter="false" isSetter="false">
              <Summary numSequencePoints="3" visitedSequencePoints="3" numBranchPoints="1" visitedBranchPoints="1" sequenceCoverage="100" branchCoverage="100" maxCyclomaticComplexity="1" minCyclomaticComplexity="1" maxCrapScore="1" minCrapScore="1" visitedClasses="0" numClasses="0" visitedMethods="1" numMethods="1" />
              <MetadataToken>100663324</MetadataToken>
              <Name>System.Web.Http.IHttpActionResult MF6.API.Controllers.Common.ApiControllerBase::HandleQueryable(System.Linq.IQueryable`1&lt;TSource&gt;)</Name>
              <FileRef uid="18" />
              <SequencePoints>
                <SequencePoint vc="1" uspid="96" ordinal="0" offset="0" sl="32" sc="9" el="32" ec="10" bec="0" bev="0" fileid="18" />
                <SequencePoint vc="1" uspid="97" ordinal="1" offset="1" sl="33" sc="13" el="33" ec="39" bec="0" bev="0" fileid="18" />
                <SequencePoint vc="1" uspid="98" ordinal="2" offset="16" sl="34" sc="9" el="34" ec="10" bec="0" bev="0" fileid="18" />
              </SequencePoints>
              <BranchPoints />
              <MethodPoint xsi:type="SequencePoint" vc="1" uspid="96" ordinal="0" offset="0" sl="32" sc="9" el="32" ec="10" bec="0" bev="0" fileid="18" />
            </Method>
            <Method visited="true" cyclomaticComplexity="2" nPathComplexity="0" sequenceCoverage="100" branchCoverage="100" crapScore="2" isConstructor="false" isStatic="false" isGetter="false" isSetter="false">
              <Summary numSequencePoints="4" visitedSequencePoints="4" numBranchPoints="1" visitedBranchPoints="1" sequenceCoverage="100" branchCoverage="100" maxCyclomaticComplexity="2" minCyclomaticComplexity="2" maxCrapScore="2" minCrapScore="2" visitedClasses="0" numClasses="0" visitedMethods="1" numMethods="1" />
              <MetadataToken>100663325</MetadataToken>
              <Name>System.Web.Http.IHttpActionResult MF6.API.Controllers.Common.ApiControllerBase::HandleFailure(T)</Name>
              <FileRef uid="18" />
              <SequencePoints>
                <SequencePoint vc="2" uspid="99" ordinal="0" offset="0" sl="37" sc="9" el="37" ec="10" bec="0" bev="0" fileid="18" />
                <SequencePoint vc="2" uspid="100" ordinal="1" offset="1" sl="38" sc="13" el="38" ec="76" bec="0" bev="0" fileid="18" />
                <SequencePoint vc="2" uspid="101" ordinal="2" offset="8" sl="39" sc="13" el="41" ec="79" bec="0" bev="0" fileid="18" />
                <SequencePoint vc="2" uspid="102" ordinal="3" offset="50" sl="42" sc="9" el="42" ec="10" bec="0" bev="0" fileid="18" />
              </SequencePoints>
              <BranchPoints />
              <MethodPoint xsi:type="SequencePoint" vc="2" uspid="99" ordinal="0" offset="0" sl="37" sc="9" el="37" ec="10" bec="0" bev="0" fileid="18" />
            </Method>
            <Method visited="true" cyclomaticComplexity="1" nPathComplexity="0" sequenceCoverage="100" branchCoverage="100" crapScore="1" isConstructor="false" isStatic="false" isGetter="false" isSetter="false">
              <Summary numSequencePoints="3" visitedSequencePoints="3" numBranchPoints="1" visitedBranchPoints="1" sequenceCoverage="100" branchCoverage="100" maxCyclomaticComplexity="1" minCyclomaticComplexity="1" maxCrapScore="1" minCrapScore="1" visitedClasses="0" numClasses="0" visitedMethods="1" numMethods="1" />
              <MetadataToken>100663326</MetadataToken>
              <Name>System.Web.Http.IHttpActionResult MF6.API.Controllers.Common.ApiControllerBase::HandleValidationFailure(System.Collections.Generic.IList`1&lt;T&gt;)</Name>
              <FileRef uid="18" />
              <SequencePoints>
                <SequencePoint vc="1" uspid="105" ordinal="0" offset="0" sl="45" sc="9" el="45" ec="10" bec="0" bev="0" fileid="18" />
                <SequencePoint vc="1" uspid="106" ordinal="1" offset="1" sl="46" sc="13" el="46" ec="74" bec="0" bev="0" fileid="18" />
                <SequencePoint vc="1" uspid="107" ordinal="2" offset="16" sl="47" sc="9" el="47" ec="10" bec="0" bev="0" fileid="18" />
              </SequencePoints>
              <BranchPoints />
              <MethodPoint xsi:type="SequencePoint" vc="1" uspid="105" ordinal="0" offset="0" sl="45" sc="9" el="45" ec="10" bec="0" bev="0" fileid="18" />
            </Method>
            <Method visited="false" cyclomaticComplexity="1" nPathComplexity="0" sequenceCoverage="0" branchCoverage="0" crapScore="2" isConstructor="true" isStatic="false" isGetter="false" isSetter="false">
              <Summary numSequencePoints="0" visitedSequencePoints="0" numBranchPoints="0" visitedBranchPoints="0" sequenceCoverage="0" branchCoverage="0" maxCyclomaticComplexity="1" minCyclomaticComplexity="1" maxCrapScore="2" minCrapScore="2" visitedClasses="0" numClasses="0" visitedMethods="0" numMethods="0" />
              <MetadataToken>100663327</MetadataToken>
              <Name>System.Void MF6.API.Controllers.Common.ApiControllerBase::.ctor()</Name>
              <SequencePoints />
              <BranchPoints />
              <MethodPoint vc="0" uspid="108" ordinal="0" offset="0" />
            </Method>
          </Methods>
        </Class>
        <Class>
          <Summary numSequencePoints="3" visitedSequencePoints="3" numBranchPoints="1" visitedBranchPoints="1" sequenceCoverage="100" branchCoverage="100" maxCyclomaticComplexity="1" minCyclomaticComplexity="1" maxCrapScore="2" minCrapScore="1" visitedClasses="1" numClasses="1" visitedMethods="1" numMethods="1" />
          <FullName>MF6.API.Controllers.Common.PublicController</FullName>
          <Methods>
            <Method visited="true" cyclomaticComplexity="1" nPathComplexity="0" sequenceCoverage="100" branchCoverage="100" crapScore="1" isConstructor="false" isStatic="false" isGetter="false" isSetter="false">
              <Summary numSequencePoints="3" visitedSequencePoints="3" numBranchPoints="1" visitedBranchPoints="1" sequenceCoverage="100" branchCoverage="100" maxCyclomaticComplexity="1" minCyclomaticComplexity="1" maxCrapScore="1" minCrapScore="1" visitedClasses="0" numClasses="0" visitedMethods="1" numMethods="1" />
              <MetadataToken>100663328</MetadataToken>
              <Name>System.Web.Http.IHttpActionResult MF6.API.Controllers.Common.PublicController::IsAlive()</Name>
              <FileRef uid="19" />
              <SequencePoints>
                <SequencePoint vc="1" uspid="109" ordinal="0" offset="0" sl="15" sc="9" el="15" ec="10" bec="0" bev="0" fileid="19" />
                <SequencePoint vc="1" uspid="110" ordinal="1" offset="1" sl="16" sc="13" el="16" ec="29" bec="0" bev="0" fileid="19" />
                <SequencePoint vc="1" uspid="111" ordinal="2" offset="11" sl="17" sc="9" el="17" ec="10" bec="0" bev="0" fileid="19" />
              </SequencePoints>
              <BranchPoints />
              <MethodPoint xsi:type="SequencePoint" vc="1" uspid="109" ordinal="0" offset="0" sl="15" sc="9" el="15" ec="10" bec="0" bev="0" fileid="19" />
            </Method>
            <Method visited="false" cyclomaticComplexity="1" nPathComplexity="0" sequenceCoverage="0" branchCoverage="0" crapScore="2" isConstructor="true" isStatic="false" isGetter="false" isSetter="false">
              <Summary numSequencePoints="0" visitedSequencePoints="0" numBranchPoints="0" visitedBranchPoints="0" sequenceCoverage="0" branchCoverage="0" maxCyclomaticComplexity="1" minCyclomaticComplexity="1" maxCrapScore="2" minCrapScore="2" visitedClasses="0" numClasses="0" visitedMethods="0" numMethods="0" />
              <MetadataToken>100663329</MetadataToken>
              <Name>System.Void MF6.API.Controllers.Common.PublicController::.ctor()</Name>
              <SequencePoints />
              <BranchPoints />
              <MethodPoint vc="0" uspid="112" ordinal="0" offset="0" />
            </Method>
          </Methods>
        </Class>
      </Classes>
    </Module>
    <Module hash="F3-6D-7B-FA-67-35-BA-AF-2B-4B-37-A0-D2-34-57-B7-60-AB-98-3D">
      <Summary numSequencePoints="37" visitedSequencePoints="37" numBranchPoints="9" visitedBranchPoints="9" sequenceCoverage="100" branchCoverage="100" maxCyclomaticComplexity="2" minCyclomaticComplexity="1" maxCrapScore="2" minCrapScore="1" visitedClasses="2" numClasses="2" visitedMethods="7" numMethods="7" />
      <ModulePath>C:\Users\ndduser\Desktop\ZanellaProva\ZanellaProva\mf-ws\Zanella_MF6\MF6.Infra.ORM.Tests\bin\Debug\MF6.Infra.ORM.dll</ModulePath>
      <ModuleTime>2018-08-02T18:08:26.7318111Z</ModuleTime>
      <ModuleName>MF6.Infra.ORM</ModuleName>
      <Files>
        <File uid="35" fullPath="C:\Users\ndduser\Desktop\ZanellaProva\ZanellaProva\mf-ws\Zanella_MF6\MF6.Infra.ORM\Features\Impressoras\ImpressoraConfiguracao.cs" />
        <File uid="36" fullPath="C:\Users\ndduser\Desktop\ZanellaProva\ZanellaProva\mf-ws\Zanella_MF6\MF6.Infra.ORM\Features\Impressoras\ImpressoraRepositorio.cs" />
      </Files>
      <Classes>
        <Class>
          <Summary numSequencePoints="10" visitedSequencePoints="10" numBranchPoints="1" visitedBranchPoints="1" sequenceCoverage="100" branchCoverage="100" maxCyclomaticComplexity="1" minCyclomaticComplexity="1" maxCrapScore="1" minCrapScore="1" visitedClasses="1" numClasses="1" visitedMethods="1" numMethods="1" />
          <FullName>MF6.Infra.ORM.Features.Impressoras.ImpressoraConfiguracao</FullName>
          <Methods>
            <Method visited="true" cyclomaticComplexity="1" nPathComplexity="0" sequenceCoverage="100" branchCoverage="100" crapScore="1" isConstructor="true" isStatic="false" isGetter="false" isSetter="false">
              <Summary numSequencePoints="10" visitedSequencePoints="10" numBranchPoints="1" visitedBranchPoints="1" sequenceCoverage="100" branchCoverage="100" maxCyclomaticComplexity="1" minCyclomaticComplexity="1" maxCrapScore="1" minCrapScore="1" visitedClasses="0" numClasses="0" visitedMethods="1" numMethods="1" />
              <MetadataToken>100663297</MetadataToken>
              <Name>System.Void MF6.Infra.ORM.Features.Impressoras.ImpressoraConfiguracao::.ctor()</Name>
              <FileRef uid="35" />
              <SequencePoints>
                <SequencePoint vc="1" uspid="121" ordinal="0" offset="0" sl="8" sc="9" el="8" ec="40" bec="0" bev="0" fileid="35" />
                <SequencePoint vc="1" uspid="122" ordinal="1" offset="7" sl="9" sc="9" el="9" ec="10" bec="0" bev="0" fileid="35" />
                <SequencePoint vc="1" uspid="123" ordinal="2" offset="8" sl="10" sc="13" el="10" ec="42" bec="0" bev="0" fileid="35" />
                <SequencePoint vc="1" uspid="124" ordinal="3" offset="20" sl="12" sc="13" el="12" ec="92" bec="0" bev="0" fileid="35" />
                <SequencePoint vc="1" uspid="125" ordinal="4" offset="111" sl="13" sc="13" el="13" ec="88" bec="0" bev="0" fileid="35" />
                <SequencePoint vc="1" uspid="126" ordinal="5" offset="202" sl="14" sc="13" el="14" ec="49" bec="0" bev="0" fileid="35" />
                <SequencePoint vc="1" uspid="127" ordinal="6" offset="271" sl="15" sc="13" el="15" ec="83" bec="0" bev="0" fileid="35" />
                <SequencePoint vc="1" uspid="128" ordinal="7" offset="350" sl="16" sc="13" el="16" ec="80" bec="0" bev="0" fileid="35" />
                <SequencePoint vc="1" uspid="129" ordinal="8" offset="429" sl="18" sc="13" el="18" ec="36" bec="0" bev="0" fileid="35" />
                <SequencePoint vc="1" uspid="130" ordinal="9" offset="493" sl="19" sc="9" el="19" ec="10" bec="0" bev="0" fileid="35" />
              </SequencePoints>
              <BranchPoints />
              <MethodPoint xsi:type="SequencePoint" vc="1" uspid="121" ordinal="0" offset="0" sl="8" sc="9" el="8" ec="40" bec="0" bev="0" fileid="35" />
            </Method>
          </Methods>
        </Class>
        <Class>
          <Summary numSequencePoints="27" visitedSequencePoints="27" numBranchPoints="8" visitedBranchPoints="8" sequenceCoverage="100" branchCoverage="100" maxCyclomaticComplexity="2" minCyclomaticComplexity="1" maxCrapScore="2" minCrapScore="1" visitedClasses="1" numClasses="1" visitedMethods="6" numMethods="6" />
          <FullName>MF6.Infra.ORM.Features.Impressoras.ImpressoraRepositorio</FullName>
          <Methods>
            <Method visited="true" cyclomaticComplexity="1" nPathComplexity="0" sequenceCoverage="100" branchCoverage="100" crapScore="1" isConstructor="true" isStatic="false" isGetter="false" isSetter="false">
              <Summary numSequencePoints="4" visitedSequencePoints="4" numBranchPoints="1" visitedBranchPoints="1" sequenceCoverage="100" branchCoverage="100" maxCyclomaticComplexity="1" minCyclomaticComplexity="1" maxCrapScore="1" minCrapScore="1" visitedClasses="0" numClasses="0" visitedMethods="1" numMethods="1" />
              <MetadataToken>100663298</MetadataToken>
              <Name>System.Void MF6.Infra.ORM.Features.Impressoras.ImpressoraRepositorio::.ctor(MF6.Infra.ORM.Contexts.MF6Context)</Name>
              <FileRef uid="36" />
              <SequencePoints>
                <SequencePoint vc="8" uspid="131" ordinal="0" offset="0" sl="13" sc="9" el="13" ec="58" bec="0" bev="0" fileid="36" />
                <SequencePoint vc="8" uspid="132" ordinal="1" offset="7" sl="14" sc="9" el="14" ec="10" bec="0" bev="0" fileid="36" />
                <SequencePoint vc="8" uspid="133" ordinal="2" offset="8" sl="15" sc="13" el="15" ec="34" bec="0" bev="0" fileid="36" />
                <SequencePoint vc="8" uspid="134" ordinal="3" offset="15" sl="16" sc="9" el="16" ec="10" bec="0" bev="0" fileid="36" />
              </SequencePoints>
              <BranchPoints />
              <MethodPoint xsi:type="SequencePoint" vc="8" uspid="131" ordinal="0" offset="0" sl="13" sc="9" el="13" ec="58" bec="0" bev="0" fileid="36" />
            </Method>
            <Method visited="true" cyclomaticComplexity="1" nPathComplexity="0" sequenceCoverage="100" branchCoverage="100" crapScore="1" isConstructor="false" isStatic="false" isGetter="false" isSetter="false">
              <Summary numSequencePoints="4" visitedSequencePoints="4" numBranchPoints="1" visitedBranchPoints="1" sequenceCoverage="100" branchCoverage="100" maxCyclomaticComplexity="1" minCyclomaticComplexity="1" maxCrapScore="1" minCrapScore="1" visitedClasses="0" numClasses="0" visitedMethods="1" numMethods="1" />
              <MetadataToken>100663299</MetadataToken>
              <Name>System.Boolean MF6.Infra.ORM.Features.Impressoras.ImpressoraRepositorio::Atualizar(MF6.Domain.Features.Impressoras.Impressora)</Name>
              <FileRef uid="36" />
              <SequencePoints>
                <SequencePoint vc="2" uspid="135" ordinal="0" offset="0" sl="19" sc="9" el="19" ec="10" bec="0" bev="0" fileid="36" />
                <SequencePoint vc="2" uspid="136" ordinal="1" offset="1" sl="20" sc="13" el="20" ec="70" bec="0" bev="0" fileid="36" />
                <SequencePoint vc="2" uspid="137" ordinal="2" offset="21" sl="21" sc="13" el="21" ec="48" bec="0" bev="0" fileid="36" />
                <SequencePoint vc="1" uspid="138" ordinal="3" offset="38" sl="22" sc="9" el="22" ec="10" bec="0" bev="0" fileid="36" />
              </SequencePoints>
              <BranchPoints />
              <MethodPoint xsi:type="SequencePoint" vc="2" uspid="135" ordinal="0" offset="0" sl="19" sc="9" el="19" ec="10" bec="0" bev="0" fileid="36" />
            </Method>
            <Method visited="true" cyclomaticComplexity="2" nPathComplexity="2" sequenceCoverage="100" branchCoverage="100" crapScore="2" isConstructor="false" isStatic="false" isGetter="false" isSetter="false">
              <Summary numSequencePoints="7" visitedSequencePoints="7" numBranchPoints="3" visitedBranchPoints="3" sequenceCoverage="100" branchCoverage="100" maxCyclomaticComplexity="2" minCyclomaticComplexity="2" maxCrapScore="2" minCrapScore="2" visitedClasses="0" numClasses="0" visitedMethods="1" numMethods="1" />
              <MetadataToken>100663300</MetadataToken>
              <Name>System.Boolean MF6.Infra.ORM.Features.Impressoras.ImpressoraRepositorio::Deletar(System.Int32)</Name>
              <FileRef uid="36" />
              <SequencePoints>
                <SequencePoint vc="2" uspid="139" ordinal="0" offset="13" sl="25" sc="9" el="25" ec="10" bec="0" bev="0" fileid="36" />
                <SequencePoint vc="2" uspid="140" ordinal="1" offset="14" sl="26" sc="13" el="26" ec="102" bec="0" bev="0" fileid="36" />
                <SequencePoint vc="2" uspid="141" ordinal="2" offset="129" sl="28" sc="13" el="28" ec="36" bec="2" bev="2" fileid="36" />
                <SequencePoint vc="1" uspid="142" ordinal="3" offset="137" sl="29" sc="17" el="29" ec="52" bec="0" bev="0" fileid="36" />
                <SequencePoint vc="1" uspid="143" ordinal="4" offset="143" sl="31" sc="13" el="31" ec="69" bec="0" bev="0" fileid="36" />
                <SequencePoint vc="1" uspid="144" ordinal="5" offset="162" sl="32" sc="13" el="32" ec="48" bec="0" bev="0" fileid="36" />
                <SequencePoint vc="1" uspid="145" ordinal="6" offset="180" sl="33" sc="9" el="33" ec="10" bec="0" bev="0" fileid="36" />
              </SequencePoints>
              <BranchPoints>
                <BranchPoint vc="1" uspid="146" ordinal="0" offset="135" sl="28" path="0" offsetend="137" fileid="36" />
                <BranchPoint vc="1" uspid="147" ordinal="1" offset="135" sl="28" path="1" offsetend="143" fileid="36" />
              </BranchPoints>
              <MethodPoint vc="2" uspid="148" ordinal="0" offset="0" />
            </Method>
            <Method visited="true" cyclomaticComplexity="1" nPathComplexity="0" sequenceCoverage="100" branchCoverage="100" crapScore="1" isConstructor="false" isStatic="false" isGetter="false" isSetter="false">
              <Summary numSequencePoints="6" visitedSequencePoints="6" numBranchPoints="1" visitedBranchPoints="1" sequenceCoverage="100" branchCoverage="100" maxCyclomaticComplexity="1" minCyclomaticComplexity="1" maxCrapScore="1" minCrapScore="1" visitedClasses="0" numClasses="0" visitedMethods="1" numMethods="1" />
              <MetadataToken>100663301</MetadataToken>
              <Name>MF6.Domain.Features.Impressoras.Impressora MF6.Infra.ORM.Features.Impressoras.ImpressoraRepositorio::Inserir(MF6.Domain.Features.Impressoras.Impressora)</Name>
              <FileRef uid="36" />
              <SequencePoints>
                <SequencePoint vc="1" uspid="149" ordinal="0" offset="0" sl="36" sc="9" el="36" ec="10" bec="0" bev="0" fileid="36" />
                <SequencePoint vc="1" uspid="150" ordinal="1" offset="1" sl="37" sc="13" el="37" ec="54" bec="0" bev="0" fileid="36" />
                <SequencePoint vc="1" uspid="151" ordinal="2" offset="19" sl="38" sc="13" el="38" ec="72" bec="0" bev="0" fileid="36" />
                <SequencePoint vc="1" uspid="152" ordinal="3" offset="37" sl="39" sc="13" el="39" ec="37" bec="0" bev="0" fileid="36" />
                <SequencePoint vc="1" uspid="153" ordinal="4" offset="49" sl="40" sc="13" el="40" ec="35" bec="0" bev="0" fileid="36" />
                <SequencePoint vc="1" uspid="154" ordinal="5" offset="53" sl="41" sc="9" el="41" ec="10" bec="0" bev="0" fileid="36" />
              </SequencePoints>
              <BranchPoints />
              <MethodPoint xsi:type="SequencePoint" vc="1" uspid="149" ordinal="0" offset="0" sl="36" sc="9" el="36" ec="10" bec="0" bev="0" fileid="36" />
            </Method>
            <Method visited="true" cyclomaticComplexity="1" nPathComplexity="0" sequenceCoverage="100" branchCoverage="100" crapScore="1" isConstructor="false" isStatic="false" isGetter="false" isSetter="false">
              <Summary numSequencePoints="3" visitedSequencePoints="3" numBranchPoints="1" visitedBranchPoints="1" sequenceCoverage="100" branchCoverage="100" maxCyclomaticComplexity="1" minCyclomaticComplexity="1" maxCrapScore="1" minCrapScore="1" visitedClasses="0" numClasses="0" visitedMethods="1" numMethods="1" />
              <MetadataToken>100663302</MetadataToken>
              <Name>MF6.Domain.Features.Impressoras.Impressora MF6.Infra.ORM.Features.Impressoras.ImpressoraRepositorio::PegarPorId(System.Int32)</Name>
              <FileRef uid="36" />
              <SequencePoints>
                <SequencePoint vc="2" uspid="155" ordinal="0" offset="0" sl="44" sc="9" el="44" ec="10" bec="0" bev="0" fileid="36" />
                <SequencePoint vc="2" uspid="156" ordinal="1" offset="1" sl="45" sc="13" el="45" ec="61" bec="0" bev="0" fileid="36" />
                <SequencePoint vc="2" uspid="157" ordinal="2" offset="35" sl="46" sc="9" el="46" ec="10" bec="0" bev="0" fileid="36" />
              </SequencePoints>
              <BranchPoints />
              <MethodPoint xsi:type="SequencePoint" vc="2" uspid="155" ordinal="0" offset="0" sl="44" sc="9" el="44" ec="10" bec="0" bev="0" fileid="36" />
            </Method>
            <Method visited="true" cyclomaticComplexity="1" nPathComplexity="0" sequenceCoverage="100" branchCoverage="100" crapScore="1" isConstructor="false" isStatic="false" isGetter="false" isSetter="false">
              <Summary numSequencePoints="3" visitedSequencePoints="3" numBranchPoints="1" visitedBranchPoints="1" sequenceCoverage="100" branchCoverage="100" maxCyclomaticComplexity="1" minCyclomaticComplexity="1" maxCrapScore="1" minCrapScore="1" visitedClasses="0" numClasses="0" visitedMethods="1" numMethods="1" />
              <MetadataToken>100663303</MetadataToken>
              <Name>System.Linq.IQueryable`1&lt;MF6.Domain.Features.Impressoras.Impressora&gt; MF6.Infra.ORM.Features.Impressoras.ImpressoraRepositorio::PegarTodos()</Name>
              <FileRef uid="36" />
              <SequencePoints>
                <SequencePoint vc="1" uspid="158" ordinal="0" offset="0" sl="49" sc="9" el="49" ec="10" bec="0" bev="0" fileid="36" />
                <SequencePoint vc="1" uspid="159" ordinal="1" offset="1" sl="50" sc="13" el="50" ec="61" bec="0" bev="0" fileid="36" />
                <SequencePoint vc="1" uspid="160" ordinal="2" offset="77" sl="51" sc="9" el="51" ec="10" bec="0" bev="0" fileid="36" />
              </SequencePoints>
              <BranchPoints />
              <MethodPoint xsi:type="SequencePoint" vc="1" uspid="158" ordinal="0" offset="0" sl="49" sc="9" el="49" ec="10" bec="0" bev="0" fileid="36" />
            </Method>
          </Methods>
        </Class>
        <Class>
          <Summary numSequencePoints="0" visitedSequencePoints="0" numBranchPoints="0" visitedBranchPoints="0" sequenceCoverage="0" branchCoverage="0" maxCyclomaticComplexity="1" minCyclomaticComplexity="1" maxCrapScore="2" minCrapScore="2" visitedClasses="0" numClasses="0" visitedMethods="0" numMethods="0" />
          <FullName>MF6.Infra.ORM.Features.Impressoras.ImpressoraRepositorio/&lt;&gt;c__DisplayClass3_0</FullName>
          <Methods>
            <Method visited="false" cyclomaticComplexity="1" nPathComplexity="0" sequenceCoverage="0" branchCoverage="0" crapScore="2" isConstructor="true" isStatic="false" isGetter="false" isSetter="false">
              <Summary numSequencePoints="0" visitedSequencePoints="0" numBranchPoints="0" visitedBranchPoints="0" sequenceCoverage="0" branchCoverage="0" maxCyclomaticComplexity="1" minCyclomaticComplexity="1" maxCrapScore="2" minCrapScore="2" visitedClasses="0" numClasses="0" visitedMethods="0" numMethods="0" />
              <MetadataToken>100663310</MetadataToken>
              <Name>System.Void MF6.Infra.ORM.Features.Impressoras.ImpressoraRepositorio/&lt;&gt;c__DisplayClass3_0::.ctor()</Name>
              <SequencePoints />
              <BranchPoints />
              <MethodPoint vc="0" uspid="161" ordinal="0" offset="0" />
            </Method>
          </Methods>
        </Class>
      </Classes>
    </Module>
  </Modules>
</CoverageSession>