<?xml version="1.0" encoding="utf-8"?>
<CoverageSession xmlns:xsd="http://www.w3.org/2001/XMLSchema" xmlns:xsi="http://www.w3.org/2001/XMLSchema-instance" Version="4.6.0.0">
  <Summary numSequencePoints="165" visitedSequencePoints="165" numBranchPoints="65" visitedBranchPoints="65" sequenceCoverage="100" branchCoverage="100" maxCyclomaticComplexity="7" minCyclomaticComplexity="1" maxCrapScore="56" minCrapScore="1" visitedClasses="16" numClasses="16" visitedMethods="39" numMethods="39" />
  <Modules>
    <Module hash="48-53-24-36-0E-48-0B-FC-13-C9-47-56-2C-FD-4A-26-F6-C4-60-EE">
      <Summary numSequencePoints="17" visitedSequencePoints="17" numBranchPoints="11" visitedBranchPoints="11" sequenceCoverage="100" branchCoverage="100" maxCyclomaticComplexity="7" minCyclomaticComplexity="1" maxCrapScore="7" minCrapScore="1" visitedClasses="3" numClasses="3" visitedMethods="3" numMethods="3" />
      <ModulePath>C:\Users\ndduser\Desktop\ZanellaProva\ZanellaProva\mf-ws\Zanella_MF6\MF6.Application.Tests\bin\Debug\MF6.Domain.dll</ModulePath>
      <ModuleTime>2018-08-02T20:09:54.6208363Z</ModuleTime>
      <ModuleName>MF6.Domain</ModuleName>
      <Files>
        <File uid="1" fullPath="C:\Users\ndduser\Desktop\ZanellaProva\ZanellaProva\mf-ws\Zanella_MF6\MF6.Domain\Features\Impressoras\Impressora.cs" />
        <File uid="2" fullPath="C:\Users\ndduser\Desktop\ZanellaProva\ZanellaProva\mf-ws\Zanella_MF6\MF6.Domain\Exceptions\BusinessException.cs" />
        <File uid="3" fullPath="C:\Users\ndduser\Desktop\ZanellaProva\ZanellaProva\mf-ws\Zanella_MF6\MF6.Domain\Exceptions\NaoEncontradoException.cs" />
      </Files>
      <Classes>
        <Class>
          <Summary numSequencePoints="10" visitedSequencePoints="10" numBranchPoints="9" visitedBranchPoints="9" sequenceCoverage="100" branchCoverage="100" maxCyclomaticComplexity="7" minCyclomaticComplexity="1" maxCrapScore="7" minCrapScore="2" visitedClasses="1" numClasses="1" visitedMethods="1" numMethods="1" />
          <FullName>MF6.Domain.Features.Impressoras.Impressora</FullName>
          <Methods>
            <Method skippedDueTo="AutoImplementedProperty" visited="false" cyclomaticComplexity="1" nPathComplexity="0" sequenceCoverage="0" branchCoverage="0" crapScore="0" isConstructor="false" isStatic="false" isGetter="true" isSetter="false">
              <MetadataToken>100663303</MetadataToken>
              <Name>System.Int32 MF6.Domain.Features.Impressoras.Impressora::get_Id()</Name>
              <FileRef uid="1" />
              <SequencePoints />
              <BranchPoints />
            </Method>
            <Method skippedDueTo="AutoImplementedProperty" visited="false" cyclomaticComplexity="1" nPathComplexity="0" sequenceCoverage="0" branchCoverage="0" crapScore="0" isConstructor="false" isStatic="false" isGetter="false" isSetter="true">
              <MetadataToken>100663304</MetadataToken>
              <Name>System.Void MF6.Domain.Features.Impressoras.Impressora::set_Id(System.Int32)</Name>
              <FileRef uid="1" />
              <SequencePoints />
              <BranchPoints />
            </Method>
            <Method skippedDueTo="AutoImplementedProperty" visited="false" cyclomaticComplexity="1" nPathComplexity="0" sequenceCoverage="0" branchCoverage="0" crapScore="0" isConstructor="false" isStatic="false" isGetter="true" isSetter="false">
              <MetadataToken>100663305</MetadataToken>
              <Name>System.String MF6.Domain.Features.Impressoras.Impressora::get_Marca()</Name>
              <FileRef uid="1" />
              <SequencePoints />
              <BranchPoints />
            </Method>
            <Method skippedDueTo="AutoImplementedProperty" visited="false" cyclomaticComplexity="1" nPathComplexity="0" sequenceCoverage="0" branchCoverage="0" crapScore="0" isConstructor="false" isStatic="false" isGetter="false" isSetter="true">
              <MetadataToken>100663306</MetadataToken>
              <Name>System.Void MF6.Domain.Features.Impressoras.Impressora::set_Marca(System.String)</Name>
              <FileRef uid="1" />
              <SequencePoints />
              <BranchPoints />
            </Method>
            <Method skippedDueTo="AutoImplementedProperty" visited="false" cyclomaticComplexity="1" nPathComplexity="0" sequenceCoverage="0" branchCoverage="0" crapScore="0" isConstructor="false" isStatic="false" isGetter="true" isSetter="false">
              <MetadataToken>100663307</MetadataToken>
              <Name>System.String MF6.Domain.Features.Impressoras.Impressora::get_Ip()</Name>
              <FileRef uid="1" />
              <SequencePoints />
              <BranchPoints />
            </Method>
            <Method skippedDueTo="AutoImplementedProperty" visited="false" cyclomaticComplexity="1" nPathComplexity="0" sequenceCoverage="0" branchCoverage="0" crapScore="0" isConstructor="false" isStatic="false" isGetter="false" isSetter="true">
              <MetadataToken>100663308</MetadataToken>
              <Name>System.Void MF6.Domain.Features.Impressoras.Impressora::set_Ip(System.String)</Name>
              <FileRef uid="1" />
              <SequencePoints />
              <BranchPoints />
            </Method>
            <Method skippedDueTo="AutoImplementedProperty" visited="false" cyclomaticComplexity="1" nPathComplexity="0" sequenceCoverage="0" branchCoverage="0" crapScore="0" isConstructor="false" isStatic="false" isGetter="true" isSetter="false">
              <MetadataToken>100663309</MetadataToken>
              <Name>System.Boolean MF6.Domain.Features.Impressoras.Impressora::get_EmUso()</Name>
              <FileRef uid="1" />
              <SequencePoints />
              <BranchPoints />
            </Method>
            <Method skippedDueTo="AutoImplementedProperty" visited="false" cyclomaticComplexity="1" nPathComplexity="0" sequenceCoverage="0" branchCoverage="0" crapScore="0" isConstructor="false" isStatic="false" isGetter="false" isSetter="true">
              <MetadataToken>100663310</MetadataToken>
              <Name>System.Void MF6.Domain.Features.Impressoras.Impressora::set_EmUso(System.Boolean)</Name>
              <FileRef uid="1" />
              <SequencePoints />
              <BranchPoints />
            </Method>
            <Method skippedDueTo="AutoImplementedProperty" visited="false" cyclomaticComplexity="1" nPathComplexity="0" sequenceCoverage="0" branchCoverage="0" crapScore="0" isConstructor="false" isStatic="false" isGetter="true" isSetter="false">
              <MetadataToken>100663311</MetadataToken>
              <Name>System.Int32 MF6.Domain.Features.Impressoras.Impressora::get_NivelTonerColorido()</Name>
              <FileRef uid="1" />
              <SequencePoints />
              <BranchPoints />
            </Method>
            <Method skippedDueTo="AutoImplementedProperty" visited="false" cyclomaticComplexity="1" nPathComplexity="0" sequenceCoverage="0" branchCoverage="0" crapScore="0" isConstructor="false" isStatic="false" isGetter="false" isSetter="true">
              <MetadataToken>100663312</MetadataToken>
              <Name>System.Void MF6.Domain.Features.Impressoras.Impressora::set_NivelTonerColorido(System.Int32)</Name>
              <FileRef uid="1" />
              <SequencePoints />
              <BranchPoints />
            </Method>
            <Method skippedDueTo="AutoImplementedProperty" visited="false" cyclomaticComplexity="1" nPathComplexity="0" sequenceCoverage="0" branchCoverage="0" crapScore="0" isConstructor="false" isStatic="false" isGetter="true" isSetter="false">
              <MetadataToken>100663313</MetadataToken>
              <Name>System.Int32 MF6.Domain.Features.Impressoras.Impressora::get_NivelTonerPreto()</Name>
              <FileRef uid="1" />
              <SequencePoints />
              <BranchPoints />
            </Method>
            <Method skippedDueTo="AutoImplementedProperty" visited="false" cyclomaticComplexity="1" nPathComplexity="0" sequenceCoverage="0" branchCoverage="0" crapScore="0" isConstructor="false" isStatic="false" isGetter="false" isSetter="true">
              <MetadataToken>100663314</MetadataToken>
              <Name>System.Void MF6.Domain.Features.Impressoras.Impressora::set_NivelTonerPreto(System.Int32)</Name>
              <FileRef uid="1" />
              <SequencePoints />
              <BranchPoints />
            </Method>
            <Method visited="true" cyclomaticComplexity="7" nPathComplexity="16" sequenceCoverage="100" branchCoverage="100" crapScore="7" isConstructor="false" isStatic="false" isGetter="false" isSetter="false">
              <Summary numSequencePoints="10" visitedSequencePoints="10" numBranchPoints="9" visitedBranchPoints="9" sequenceCoverage="100" branchCoverage="100" maxCyclomaticComplexity="7" minCyclomaticComplexity="7" maxCrapScore="7" minCrapScore="7" visitedClasses="0" numClasses="0" visitedMethods="1" numMethods="1" />
              <MetadataToken>100663315</MetadataToken>
              <Name>System.Void MF6.Domain.Features.Impressoras.Impressora::Validar()</Name>
              <FileRef uid="1" />
              <SequencePoints>
                <SequencePoint vc="5" uspid="1" ordinal="0" offset="0" sl="13" sc="9" el="13" ec="10" bec="0" bev="0" fileid="1" />
                <SequencePoint vc="5" uspid="2" ordinal="1" offset="1" sl="14" sc="13" el="14" ec="45" bec="2" bev="2" fileid="1" />
                <SequencePoint vc="1" uspid="3" ordinal="2" offset="16" sl="15" sc="17" el="15" ec="52" bec="0" bev="0" fileid="1" />
                <SequencePoint vc="4" uspid="4" ordinal="3" offset="22" sl="16" sc="13" el="16" ec="42" bec="2" bev="2" fileid="1" />
                <SequencePoint vc="1" uspid="5" ordinal="4" offset="37" sl="17" sc="17" el="17" ec="52" bec="0" bev="0" fileid="1" />
                <SequencePoint vc="3" uspid="6" ordinal="5" offset="43" sl="18" sc="13" el="18" ec="62" bec="2" bev="2" fileid="1" />
                <SequencePoint vc="1" uspid="7" ordinal="6" offset="69" sl="19" sc="17" el="19" ec="52" bec="0" bev="0" fileid="1" />
                <SequencePoint vc="2" uspid="8" ordinal="7" offset="75" sl="20" sc="13" el="20" ec="68" bec="2" bev="2" fileid="1" />
                <SequencePoint vc="1" uspid="9" ordinal="8" offset="101" sl="21" sc="17" el="21" ec="52" bec="0" bev="0" fileid="1" />
                <SequencePoint vc="1" uspid="10" ordinal="9" offset="107" sl="22" sc="9" el="22" ec="10" bec="0" bev="0" fileid="1" />
              </SequencePoints>
              <BranchPoints>
                <BranchPoint vc="1" uspid="11" ordinal="0" offset="14" sl="14" path="0" offsetend="16" fileid="1" />
                <BranchPoint vc="4" uspid="12" ordinal="1" offset="14" sl="14" path="1" offsetend="22" fileid="1" />
                <BranchPoint vc="1" uspid="13" ordinal="2" offset="35" sl="16" path="0" offsetend="37" fileid="1" />
                <BranchPoint vc="3" uspid="14" ordinal="3" offset="35" sl="16" path="1" offsetend="43" fileid="1" />
                <BranchPoint vc="1" uspid="17" ordinal="6" offset="67" sl="18" path="0" offsetend="69" fileid="1" />
                <BranchPoint vc="2" uspid="18" ordinal="7" offset="67" sl="18" path="1" offsetend="75" fileid="1" />
                <BranchPoint vc="1" uspid="21" ordinal="10" offset="99" sl="20" path="0" offsetend="101" fileid="1" />
                <BranchPoint vc="1" uspid="22" ordinal="11" offset="99" sl="20" path="1" offsetend="107" fileid="1" />
              </BranchPoints>
              <MethodPoint xsi:type="SequencePoint" vc="5" uspid="1" ordinal="0" offset="0" sl="13" sc="9" el="13" ec="10" bec="0" bev="0" fileid="1" />
            </Method>
            <Method visited="false" cyclomaticComplexity="1" nPathComplexity="0" sequenceCoverage="0" branchCoverage="0" crapScore="2" isConstructor="true" isStatic="false" isGetter="false" isSetter="false">
              <Summary numSequencePoints="0" visitedSequencePoints="0" numBranchPoints="0" visitedBranchPoints="0" sequenceCoverage="0" branchCoverage="0" maxCyclomaticComplexity="1" minCyclomaticComplexity="1" maxCrapScore="2" minCrapScore="2" visitedClasses="0" numClasses="0" visitedMethods="0" numMethods="0" />
              <MetadataToken>100663316</MetadataToken>
              <Name>System.Void MF6.Domain.Features.Impressoras.Impressora::.ctor()</Name>
              <SequencePoints />
              <BranchPoints />
              <MethodPoint vc="0" uspid="23" ordinal="0" offset="0" />
            </Method>
          </Methods>
        </Class>
        <Class>
          <Summary numSequencePoints="4" visitedSequencePoints="4" numBranchPoints="1" visitedBranchPoints="1" sequenceCoverage="100" branchCoverage="100" maxCyclomaticComplexity="1" minCyclomaticComplexity="1" maxCrapScore="1" minCrapScore="1" visitedClasses="1" numClasses="1" visitedMethods="1" numMethods="1" />
          <FullName>MF6.Domain.Exceptions.BusinessException</FullName>
          <Methods>
            <Method skippedDueTo="AutoImplementedProperty" visited="false" cyclomaticComplexity="1" nPathComplexity="0" sequenceCoverage="0" branchCoverage="0" crapScore="0" isConstructor="false" isStatic="false" isGetter="true" isSetter="false">
              <MetadataToken>100663319</MetadataToken>
              <Name>MF6.Domain.Exceptions.ErrorCodes MF6.Domain.Exceptions.BusinessException::get_ErrorCode()</Name>
              <FileRef uid="2" />
              <SequencePoints />
              <BranchPoints />
            </Method>
            <Method visited="true" cyclomaticComplexity="1" nPathComplexity="0" sequenceCoverage="100" branchCoverage="100" crapScore="1" isConstructor="true" isStatic="false" isGetter="false" isSetter="false">
              <Summary numSequencePoints="4" visitedSequencePoints="4" numBranchPoints="1" visitedBranchPoints="1" sequenceCoverage="100" branchCoverage="100" maxCyclomaticComplexity="1" minCyclomaticComplexity="1" maxCrapScore="1" minCrapScore="1" visitedClasses="0" numClasses="0" visitedMethods="1" numMethods="1" />
              <MetadataToken>100663318</MetadataToken>
              <Name>System.Void MF6.Domain.Exceptions.BusinessException::.ctor(MF6.Domain.Exceptions.ErrorCodes,System.String)</Name>
              <FileRef uid="2" />
              <SequencePoints>
                <SequencePoint vc="17" uspid="24" ordinal="0" offset="0" sl="7" sc="74" el="7" ec="87" bec="0" bev="0" fileid="2" />
                <SequencePoint vc="17" uspid="25" ordinal="1" offset="8" sl="8" sc="9" el="8" ec="10" bec="0" bev="0" fileid="2" />
                <SequencePoint vc="17" uspid="26" ordinal="2" offset="9" sl="9" sc="13" el="9" ec="35" bec="0" bev="0" fileid="2" />
                <SequencePoint vc="17" uspid="27" ordinal="3" offset="16" sl="10" sc="9" el="10" ec="10" bec="0" bev="0" fileid="2" />
              </SequencePoints>
              <BranchPoints />
              <MethodPoint xsi:type="SequencePoint" vc="17" uspid="24" ordinal="0" offset="0" sl="7" sc="74" el="7" ec="87" bec="0" bev="0" fileid="2" />
            </Method>
          </Methods>
        </Class>
        <Class>
          <Summary numSequencePoints="3" visitedSequencePoints="3" numBranchPoints="1" visitedBranchPoints="1" sequenceCoverage="100" branchCoverage="100" maxCyclomaticComplexity="1" minCyclomaticComplexity="1" maxCrapScore="1" minCrapScore="1" visitedClasses="1" numClasses="1" visitedMethods="1" numMethods="1" />
          <FullName>MF6.Domain.Exceptions.NaoEncontradoException</FullName>
          <Methods>
            <Method visited="true" cyclomaticComplexity="1" nPathComplexity="0" sequenceCoverage="100" branchCoverage="100" crapScore="1" isConstructor="true" isStatic="false" isGetter="false" isSetter="false">
              <Summary numSequencePoints="3" visitedSequencePoints="3" numBranchPoints="1" visitedBranchPoints="1" sequenceCoverage="100" branchCoverage="100" maxCyclomaticComplexity="1" minCyclomaticComplexity="1" maxCrapScore="1" minCrapScore="1" visitedClasses="0" numClasses="0" visitedMethods="1" numMethods="1" />
              <MetadataToken>100663320</MetadataToken>
              <Name>System.Void MF6.Domain.Exceptions.NaoEncontradoException::.ctor()</Name>
              <FileRef uid="3" />
              <SequencePoints>
                <SequencePoint vc="12" uspid="28" ordinal="0" offset="0" sl="5" sc="43" el="5" ec="95" bec="0" bev="0" fileid="3" />
                <SequencePoint vc="12" uspid="29" ordinal="1" offset="17" sl="5" sc="96" el="5" ec="97" bec="0" bev="0" fileid="3" />
                <SequencePoint vc="12" uspid="30" ordinal="2" offset="18" sl="5" sc="98" el="5" ec="99" bec="0" bev="0" fileid="3" />
              </SequencePoints>
              <BranchPoints />
              <MethodPoint xsi:type="SequencePoint" vc="12" uspid="28" ordinal="0" offset="0" sl="5" sc="43" el="5" ec="95" bec="0" bev="0" fileid="3" />
            </Method>
          </Methods>
        </Class>
      </Classes>
    </Module>
    <Module hash="47-63-FA-88-6A-01-59-C1-A6-09-CF-2A-A1-AC-25-19-81-BD-C3-E6">
      <Summary numSequencePoints="48" visitedSequencePoints="48" numBranchPoints="22" visitedBranchPoints="22" sequenceCoverage="100" branchCoverage="100" maxCyclomaticComplexity="3" minCyclomaticComplexity="1" maxCrapScore="3" minCrapScore="1" visitedClasses="1" numClasses="1" visitedMethods="8" numMethods="8" />
      <ModulePath>C:\Users\ndduser\Desktop\ZanellaProva\ZanellaProva\mf-ws\Zanella_MF6\MF6.Application.Tests\bin\Debug\MF6.Application.dll</ModulePath>
      <ModuleTime>2018-08-02T20:09:55.8915616Z</ModuleTime>
      <ModuleName>MF6.Application</ModuleName>
      <Files>
        <File uid="7" fullPath="C:\Users\ndduser\Desktop\ZanellaProva\ZanellaProva\mf-ws\Zanella_MF6\MF6.Application\Features\Impressoras\ImpressoraServico.cs" />
      </Files>
      <Classes>
        <Class>
          <Summary numSequencePoints="48" visitedSequencePoints="48" numBranchPoints="22" visitedBranchPoints="22" sequenceCoverage="100" branchCoverage="100" maxCyclomaticComplexity="3" minCyclomaticComplexity="1" maxCrapScore="3" minCrapScore="1" visitedClasses="1" numClasses="1" visitedMethods="8" numMethods="8" />
          <FullName>MF6.Application.Features.Impressoras.ImpressoraServico</FullName>
          <Methods>
            <Method visited="true" cyclomaticComplexity="1" nPathComplexity="0" sequenceCoverage="100" branchCoverage="100" crapScore="1" isConstructor="true" isStatic="false" isGetter="false" isSetter="false">
              <Summary numSequencePoints="4" visitedSequencePoints="4" numBranchPoints="1" visitedBranchPoints="1" sequenceCoverage="100" branchCoverage="100" maxCyclomaticComplexity="1" minCyclomaticComplexity="1" maxCrapScore="1" minCrapScore="1" visitedClasses="0" numClasses="0" visitedMethods="1" numMethods="1" />
              <MetadataToken>100663304</MetadataToken>
              <Name>System.Void MF6.Application.Features.Impressoras.ImpressoraServico::.ctor(MF6.Domain.Features.Impressoras.IImpressoraRepositorio)</Name>
              <FileRef uid="7" />
              <SequencePoints>
                <SequencePoint vc="24" uspid="31" ordinal="0" offset="0" sl="11" sc="9" el="11" ec="79" bec="0" bev="0" fileid="7" />
                <SequencePoint vc="24" uspid="32" ordinal="1" offset="7" sl="12" sc="9" el="12" ec="10" bec="0" bev="0" fileid="7" />
                <SequencePoint vc="24" uspid="33" ordinal="2" offset="8" sl="13" sc="13" el="13" ec="50" bec="0" bev="0" fileid="7" />
                <SequencePoint vc="24" uspid="34" ordinal="3" offset="15" sl="14" sc="9" el="14" ec="10" bec="0" bev="0" fileid="7" />
              </SequencePoints>
              <BranchPoints />
              <MethodPoint xsi:type="SequencePoint" vc="24" uspid="31" ordinal="0" offset="0" sl="11" sc="9" el="11" ec="79" bec="0" bev="0" fileid="7" />
            </Method>
            <Method visited="true" cyclomaticComplexity="1" nPathComplexity="0" sequenceCoverage="100" branchCoverage="100" crapScore="1" isConstructor="false" isStatic="false" isGetter="false" isSetter="false">
              <Summary numSequencePoints="4" visitedSequencePoints="4" numBranchPoints="1" visitedBranchPoints="1" sequenceCoverage="100" branchCoverage="100" maxCyclomaticComplexity="1" minCyclomaticComplexity="1" maxCrapScore="1" minCrapScore="1" visitedClasses="0" numClasses="0" visitedMethods="1" numMethods="1" />
              <MetadataToken>100663305</MetadataToken>
              <Name>System.Int32 MF6.Application.Features.Impressoras.ImpressoraServico::Inserir(MF6.Domain.Features.Impressoras.Impressora)</Name>
              <FileRef uid="7" />
              <SequencePoints>
                <SequencePoint vc="1" uspid="35" ordinal="0" offset="0" sl="17" sc="9" el="17" ec="10" bec="0" bev="0" fileid="7" />
                <SequencePoint vc="1" uspid="36" ordinal="1" offset="1" sl="20" sc="13" el="20" ec="67" bec="0" bev="0" fileid="7" />
                <SequencePoint vc="1" uspid="37" ordinal="2" offset="14" sl="22" sc="13" el="22" ec="38" bec="0" bev="0" fileid="7" />
                <SequencePoint vc="1" uspid="38" ordinal="3" offset="23" sl="23" sc="9" el="23" ec="10" bec="0" bev="0" fileid="7" />
              </SequencePoints>
              <BranchPoints />
              <MethodPoint xsi:type="SequencePoint" vc="1" uspid="35" ordinal="0" offset="0" sl="17" sc="9" el="17" ec="10" bec="0" bev="0" fileid="7" />
            </Method>
            <Method visited="true" cyclomaticComplexity="1" nPathComplexity="0" sequenceCoverage="100" branchCoverage="100" crapScore="1" isConstructor="false" isStatic="false" isGetter="false" isSetter="false">
              <Summary numSequencePoints="3" visitedSequencePoints="3" numBranchPoints="1" visitedBranchPoints="1" sequenceCoverage="100" branchCoverage="100" maxCyclomaticComplexity="1" minCyclomaticComplexity="1" maxCrapScore="1" minCrapScore="1" visitedClasses="0" numClasses="0" visitedMethods="1" numMethods="1" />
              <MetadataToken>100663306</MetadataToken>
              <Name>System.Linq.IQueryable`1&lt;MF6.Domain.Features.Impressoras.Impressora&gt; MF6.Application.Features.Impressoras.ImpressoraServico::PegarTodos()</Name>
              <FileRef uid="7" />
              <SequencePoints>
                <SequencePoint vc="1" uspid="39" ordinal="0" offset="0" sl="26" sc="9" el="26" ec="10" bec="0" bev="0" fileid="7" />
                <SequencePoint vc="1" uspid="40" ordinal="1" offset="1" sl="27" sc="13" el="27" ec="46" bec="0" bev="0" fileid="7" />
                <SequencePoint vc="1" uspid="41" ordinal="2" offset="15" sl="28" sc="9" el="28" ec="10" bec="0" bev="0" fileid="7" />
              </SequencePoints>
              <BranchPoints />
              <MethodPoint xsi:type="SequencePoint" vc="1" uspid="39" ordinal="0" offset="0" sl="26" sc="9" el="26" ec="10" bec="0" bev="0" fileid="7" />
            </Method>
            <Method visited="true" cyclomaticComplexity="2" nPathComplexity="2" sequenceCoverage="100" branchCoverage="100" crapScore="2" isConstructor="false" isStatic="false" isGetter="false" isSetter="false">
              <Summary numSequencePoints="9" visitedSequencePoints="9" numBranchPoints="3" visitedBranchPoints="3" sequenceCoverage="100" branchCoverage="100" maxCyclomaticComplexity="2" minCyclomaticComplexity="2" maxCrapScore="2" minCrapScore="2" visitedClasses="0" numClasses="0" visitedMethods="1" numMethods="1" />
              <MetadataToken>100663307</MetadataToken>
              <Name>MF6.Domain.Features.Impressoras.Impressora MF6.Application.Features.Impressoras.ImpressoraServico::PegarPorId(System.Int32)</Name>
              <FileRef uid="7" />
              <SequencePoints>
                <SequencePoint vc="3" uspid="42" ordinal="0" offset="0" sl="31" sc="9" el="31" ec="10" bec="0" bev="0" fileid="7" />
                <SequencePoint vc="3" uspid="43" ordinal="1" offset="1" sl="32" sc="13" el="32" ec="24" bec="2" bev="2" fileid="7" />
                <SequencePoint vc="1" uspid="44" ordinal="2" offset="9" sl="33" sc="17" el="33" ec="52" bec="0" bev="0" fileid="7" />
                <SequencePoint vc="2" uspid="45" ordinal="3" offset="16" sl="36" sc="13" el="36" ec="14" bec="0" bev="0" fileid="7" />
                <SequencePoint vc="2" uspid="46" ordinal="4" offset="17" sl="37" sc="17" el="37" ec="52" bec="0" bev="0" fileid="7" />
                <SequencePoint vc="1" uspid="47" ordinal="5" offset="32" sl="39" sc="13" el="39" ec="37" bec="0" bev="0" fileid="7" />
                <SequencePoint vc="1" uspid="48" ordinal="6" offset="33" sl="40" sc="13" el="40" ec="14" bec="0" bev="0" fileid="7" />
                <SequencePoint vc="1" uspid="49" ordinal="7" offset="34" sl="42" sc="17" el="42" ec="52" bec="0" bev="0" fileid="7" />
                <SequencePoint vc="1" uspid="50" ordinal="8" offset="40" sl="45" sc="9" el="45" ec="10" bec="0" bev="0" fileid="7" />
              </SequencePoints>
              <BranchPoints>
                <BranchPoint vc="1" uspid="51" ordinal="0" offset="7" sl="32" path="0" offsetend="9" fileid="7" />
                <BranchPoint vc="2" uspid="52" ordinal="1" offset="7" sl="32" path="1" offsetend="15" fileid="7" />
              </BranchPoints>
              <MethodPoint xsi:type="SequencePoint" vc="3" uspid="42" ordinal="0" offset="0" sl="31" sc="9" el="31" ec="10" bec="0" bev="0" fileid="7" />
            </Method>
            <Method visited="true" cyclomaticComplexity="3" nPathComplexity="2" sequenceCoverage="100" branchCoverage="100" crapScore="3" isConstructor="false" isStatic="false" isGetter="false" isSetter="false">
              <Summary numSequencePoints="5" visitedSequencePoints="5" numBranchPoints="3" visitedBranchPoints="3" sequenceCoverage="100" branchCoverage="100" maxCyclomaticComplexity="3" minCyclomaticComplexity="3" maxCrapScore="3" minCrapScore="3" visitedClasses="0" numClasses="0" visitedMethods="1" numMethods="1" />
              <MetadataToken>100663308</MetadataToken>
              <Name>System.Boolean MF6.Application.Features.Impressoras.ImpressoraServico::Deletar(MF6.Domain.Features.Impressoras.Impressora)</Name>
              <FileRef uid="7" />
              <SequencePoints>
                <SequencePoint vc="3" uspid="53" ordinal="0" offset="0" sl="48" sc="9" el="48" ec="10" bec="0" bev="0" fileid="7" />
                <SequencePoint vc="3" uspid="54" ordinal="1" offset="1" sl="49" sc="13" el="49" ec="57" bec="2" bev="2" fileid="7" />
                <SequencePoint vc="1" uspid="55" ordinal="2" offset="20" sl="50" sc="17" el="50" ec="52" bec="0" bev="0" fileid="7" />
                <SequencePoint vc="2" uspid="56" ordinal="3" offset="26" sl="52" sc="13" el="52" ec="56" bec="0" bev="0" fileid="7" />
                <SequencePoint vc="1" uspid="57" ordinal="4" offset="46" sl="53" sc="9" el="53" ec="10" bec="0" bev="0" fileid="7" />
              </SequencePoints>
              <BranchPoints>
                <BranchPoint vc="1" uspid="60" ordinal="2" offset="18" sl="49" path="0" offsetend="20" fileid="7" />
                <BranchPoint vc="2" uspid="61" ordinal="3" offset="18" sl="49" path="1" offsetend="26" fileid="7" />
              </BranchPoints>
              <MethodPoint xsi:type="SequencePoint" vc="3" uspid="53" ordinal="0" offset="0" sl="48" sc="9" el="48" ec="10" bec="0" bev="0" fileid="7" />
            </Method>
            <Method visited="true" cyclomaticComplexity="2" nPathComplexity="2" sequenceCoverage="100" branchCoverage="100" crapScore="2" isConstructor="false" isStatic="false" isGetter="false" isSetter="false">
              <Summary numSequencePoints="9" visitedSequencePoints="9" numBranchPoints="3" visitedBranchPoints="3" sequenceCoverage="100" branchCoverage="100" maxCyclomaticComplexity="2" minCyclomaticComplexity="2" maxCrapScore="2" minCrapScore="2" visitedClasses="0" numClasses="0" visitedMethods="1" numMethods="1" />
              <MetadataToken>100663309</MetadataToken>
              <Name>System.Boolean MF6.Application.Features.Impressoras.ImpressoraServico::Atualizar(MF6.Domain.Features.Impressoras.Impressora)</Name>
              <FileRef uid="7" />
              <SequencePoints>
                <SequencePoint vc="2" uspid="62" ordinal="0" offset="0" sl="56" sc="9" el="56" ec="10" bec="0" bev="0" fileid="7" />
                <SequencePoint vc="2" uspid="63" ordinal="1" offset="1" sl="57" sc="13" el="57" ec="109" bec="2" bev="2" fileid="7" />
                <SequencePoint vc="1" uspid="64" ordinal="2" offset="29" sl="59" sc="13" el="59" ec="51" bec="0" bev="0" fileid="7" />
                <SequencePoint vc="1" uspid="65" ordinal="3" offset="42" sl="60" sc="13" el="60" ec="45" bec="0" bev="0" fileid="7" />
                <SequencePoint vc="1" uspid="66" ordinal="4" offset="55" sl="61" sc="13" el="61" ec="51" bec="0" bev="0" fileid="7" />
                <SequencePoint vc="1" uspid="67" ordinal="5" offset="68" sl="62" sc="13" el="62" ec="77" bec="0" bev="0" fileid="7" />
                <SequencePoint vc="1" uspid="68" ordinal="6" offset="81" sl="63" sc="13" el="63" ec="71" bec="0" bev="0" fileid="7" />
                <SequencePoint vc="1" uspid="69" ordinal="7" offset="94" sl="66" sc="13" el="66" ec="57" bec="0" bev="0" fileid="7" />
                <SequencePoint vc="1" uspid="70" ordinal="8" offset="109" sl="67" sc="9" el="67" ec="10" bec="0" bev="0" fileid="7" />
              </SequencePoints>
              <BranchPoints>
                <BranchPoint vc="1" uspid="71" ordinal="0" offset="19" sl="57" path="0" offsetend="21" fileid="7" />
                <BranchPoint vc="1" uspid="72" ordinal="1" offset="19" sl="57" path="1" offsetend="28" fileid="7" />
              </BranchPoints>
              <MethodPoint xsi:type="SequencePoint" vc="2" uspid="62" ordinal="0" offset="0" sl="56" sc="9" el="56" ec="10" bec="0" bev="0" fileid="7" />
            </Method>
            <Method visited="true" cyclomaticComplexity="3" nPathComplexity="4" sequenceCoverage="100" branchCoverage="100" crapScore="3" isConstructor="false" isStatic="false" isGetter="false" isSetter="false">
              <Summary numSequencePoints="7" visitedSequencePoints="7" numBranchPoints="5" visitedBranchPoints="5" sequenceCoverage="100" branchCoverage="100" maxCyclomaticComplexity="3" minCyclomaticComplexity="3" maxCrapScore="3" minCrapScore="3" visitedClasses="0" numClasses="0" visitedMethods="1" numMethods="1" />
              <MetadataToken>100663310</MetadataToken>
              <Name>System.Boolean MF6.Application.Features.Impressoras.ImpressoraServico::AtualizarTonerPreto(System.Int32,System.Int32)</Name>
              <FileRef uid="7" />
              <SequencePoints>
                <SequencePoint vc="3" uspid="73" ordinal="0" offset="0" sl="70" sc="9" el="70" ec="10" bec="0" bev="0" fileid="7" />
                <SequencePoint vc="3" uspid="74" ordinal="1" offset="1" sl="71" sc="13" el="71" ec="24" bec="2" bev="2" fileid="7" />
                <SequencePoint vc="1" uspid="75" ordinal="2" offset="9" sl="72" sc="17" el="72" ec="52" bec="0" bev="0" fileid="7" />
                <SequencePoint vc="2" uspid="76" ordinal="3" offset="15" sl="74" sc="13" el="74" ec="103" bec="2" bev="2" fileid="7" />
                <SequencePoint vc="1" uspid="77" ordinal="4" offset="38" sl="76" sc="13" el="76" ec="48" bec="0" bev="0" fileid="7" />
                <SequencePoint vc="1" uspid="78" ordinal="5" offset="46" sl="77" sc="13" el="77" ec="55" bec="0" bev="0" fileid="7" />
                <SequencePoint vc="1" uspid="79" ordinal="6" offset="61" sl="78" sc="9" el="78" ec="10" bec="0" bev="0" fileid="7" />
              </SequencePoints>
              <BranchPoints>
                <BranchPoint vc="1" uspid="80" ordinal="0" offset="7" sl="71" path="0" offsetend="9" fileid="7" />
                <BranchPoint vc="2" uspid="81" ordinal="1" offset="7" sl="71" path="1" offsetend="15" fileid="7" />
                <BranchPoint vc="1" uspid="82" ordinal="2" offset="28" sl="74" path="0" offsetend="30" fileid="7" />
                <BranchPoint vc="1" uspid="83" ordinal="3" offset="28" sl="74" path="1" offsetend="37" fileid="7" />
              </BranchPoints>
              <MethodPoint xsi:type="SequencePoint" vc="3" uspid="73" ordinal="0" offset="0" sl="70" sc="9" el="70" ec="10" bec="0" bev="0" fileid="7" />
            </Method>
            <Method visited="true" cyclomaticComplexity="3" nPathComplexity="4" sequenceCoverage="100" branchCoverage="100" crapScore="3" isConstructor="false" isStatic="false" isGetter="false" isSetter="false">
              <Summary numSequencePoints="7" visitedSequencePoints="7" numBranchPoints="5" visitedBranchPoints="5" sequenceCoverage="100" branchCoverage="100" maxCyclomaticComplexity="3" minCyclomaticComplexity="3" maxCrapScore="3" minCrapScore="3" visitedClasses="0" numClasses="0" visitedMethods="1" numMethods="1" />
              <MetadataToken>100663311</MetadataToken>
              <Name>System.Boolean MF6.Application.Features.Impressoras.ImpressoraServico::AtualizarTonerColorido(System.Int32,System.Int32)</Name>
              <FileRef uid="7" />
              <SequencePoints>
                <SequencePoint vc="3" uspid="84" ordinal="0" offset="0" sl="81" sc="9" el="81" ec="10" bec="0" bev="0" fileid="7" />
                <SequencePoint vc="3" uspid="85" ordinal="1" offset="1" sl="82" sc="13" el="82" ec="24" bec="2" bev="2" fileid="7" />
                <SequencePoint vc="1" uspid="86" ordinal="2" offset="9" sl="83" sc="17" el="83" ec="52" bec="0" bev="0" fileid="7" />
                <SequencePoint vc="2" uspid="87" ordinal="3" offset="15" sl="85" sc="13" el="85" ec="103" bec="2" bev="2" fileid="7" />
                <SequencePoint vc="1" uspid="88" ordinal="4" offset="38" sl="87" sc="13" el="87" ec="51" bec="0" bev="0" fileid="7" />
                <SequencePoint vc="1" uspid="89" ordinal="5" offset="46" sl="88" sc="13" el="88" ec="55" bec="0" bev="0" fileid="7" />
                <SequencePoint vc="1" uspid="90" ordinal="6" offset="61" sl="89" sc="9" el="89" ec="10" bec="0" bev="0" fileid="7" />
              </SequencePoints>
              <BranchPoints>
                <BranchPoint vc="1" uspid="91" ordinal="0" offset="7" sl="82" path="0" offsetend="9" fileid="7" />
                <BranchPoint vc="2" uspid="92" ordinal="1" offset="7" sl="82" path="1" offsetend="15" fileid="7" />
                <BranchPoint vc="1" uspid="93" ordinal="2" offset="28" sl="85" path="0" offsetend="30" fileid="7" />
                <BranchPoint vc="1" uspid="94" ordinal="3" offset="28" sl="85" path="1" offsetend="37" fileid="7" />
              </BranchPoints>
              <MethodPoint xsi:type="SequencePoint" vc="3" uspid="84" ordinal="0" offset="0" sl="81" sc="9" el="81" ec="10" bec="0" bev="0" fileid="7" />
            </Method>
          </Methods>
        </Class>
      </Classes>
    </Module>
    <Module hash="B7-B3-43-EE-63-DB-09-5E-31-1C-98-B9-ED-77-7D-69-E2-52-AB-2A">
      <Summary numSequencePoints="0" visitedSequencePoints="0" numBranchPoints="0" visitedBranchPoints="0" sequenceCoverage="0" branchCoverage="0" maxCyclomaticComplexity="0" minCyclomaticComplexity="0" maxCrapScore="0" minCrapScore="0" visitedClasses="0" numClasses="0" visitedMethods="0" numMethods="0" />
      <ModulePath>C:\Users\ndduser\Desktop\ZanellaProva\ZanellaProva\mf-ws\Zanella_MF6\MF6.Application.Tests\bin\Debug\MF6.Common.Tests.dll</ModulePath>
      <ModuleTime>2018-08-02T20:09:56.0326533Z</ModuleTime>
      <ModuleName>MF6.Common.Tests</ModuleName>
      <Files />
      <Classes />
    </Module>
    <Module hash="43-F1-B7-18-0E-CB-3B-C7-D1-F2-91-D1-D7-A0-CF-09-AE-34-5E-F1">
      <Summary numSequencePoints="63" visitedSequencePoints="63" numBranchPoints="23" visitedBranchPoints="23" sequenceCoverage="100" branchCoverage="100" maxCyclomaticComplexity="7" minCyclomaticComplexity="1" maxCrapScore="56" minCrapScore="1" visitedClasses="10" numClasses="10" visitedMethods="21" numMethods="21" />
      <ModulePath>C:\Users\ndduser\Desktop\ZanellaProva\ZanellaProva\mf-ws\Zanella_MF6\MF6.Controller.Tests\bin\Debug\MF6.API.dll</ModulePath>
      <ModuleTime>2018-08-02T20:10:01.2640983Z</ModuleTime>
      <ModuleName>MF6.API</ModuleName>
      <Files>
        <File uid="11" fullPath="C:\Users\ndduser\Desktop\ZanellaProva\ZanellaProva\mf-ws\Zanella_MF6\MF6.API\Exceptions\ExceptionPayload.cs" />
        <File uid="12" fullPath="C:\Users\ndduser\Desktop\ZanellaProva\ZanellaProva\mf-ws\Zanella_MF6\MF6.API\Controllers\Impressoras\ImpressoraController.cs" />
        <File uid="19" fullPath="C:\Users\ndduser\Desktop\ZanellaProva\ZanellaProva\mf-ws\Zanella_MF6\MF6.API\Controllers\Common\ApiControllerBase.cs" />
        <File uid="20" fullPath="C:\Users\ndduser\Desktop\ZanellaProva\ZanellaProva\mf-ws\Zanella_MF6\MF6.API\Controllers\Common\PublicController.cs" />
      </Files>
      <Classes>
        <Class>
          <Summary numSequencePoints="0" visitedSequencePoints="0" numBranchPoints="0" visitedBranchPoints="0" sequenceCoverage="0" branchCoverage="0" maxCyclomaticComplexity="7" minCyclomaticComplexity="1" maxCrapScore="56" minCrapScore="2" visitedClasses="0" numClasses="0" visitedMethods="0" numMethods="0" />
          <FullName>&lt;&gt;f__AnonymousType0`2</FullName>
          <Methods>
            <Method visited="false" cyclomaticComplexity="1" nPathComplexity="0" sequenceCoverage="0" branchCoverage="0" crapScore="2" isConstructor="false" isStatic="false" isGetter="true" isSetter="false">
              <Summary numSequencePoints="0" visitedSequencePoints="0" numBranchPoints="0" visitedBranchPoints="0" sequenceCoverage="0" branchCoverage="0" maxCyclomaticComplexity="1" minCyclomaticComplexity="1" maxCrapScore="2" minCrapScore="2" visitedClasses="0" numClasses="0" visitedMethods="0" numMethods="0" />
              <MetadataToken>100663297</MetadataToken>
              <Name>&lt;id&gt;j__TPar &lt;&gt;f__AnonymousType0`2::get_id()</Name>
              <SequencePoints />
              <BranchPoints />
              <MethodPoint vc="0" uspid="95" ordinal="0" offset="0" />
            </Method>
            <Method visited="false" cyclomaticComplexity="1" nPathComplexity="0" sequenceCoverage="0" branchCoverage="0" crapScore="2" isConstructor="false" isStatic="false" isGetter="true" isSetter="false">
              <Summary numSequencePoints="0" visitedSequencePoints="0" numBranchPoints="0" visitedBranchPoints="0" sequenceCoverage="0" branchCoverage="0" maxCyclomaticComplexity="1" minCyclomaticComplexity="1" maxCrapScore="2" minCrapScore="2" visitedClasses="0" numClasses="0" visitedMethods="0" numMethods="0" />
              <MetadataToken>100663298</MetadataToken>
              <Name>&lt;action&gt;j__TPar &lt;&gt;f__AnonymousType0`2::get_action()</Name>
              <SequencePoints />
              <BranchPoints />
              <MethodPoint vc="0" uspid="96" ordinal="0" offset="0" />
            </Method>
            <Method visited="false" cyclomaticComplexity="1" nPathComplexity="0" sequenceCoverage="0" branchCoverage="0" crapScore="2" isConstructor="true" isStatic="false" isGetter="false" isSetter="false">
              <Summary numSequencePoints="0" visitedSequencePoints="0" numBranchPoints="0" visitedBranchPoints="0" sequenceCoverage="0" branchCoverage="0" maxCyclomaticComplexity="1" minCyclomaticComplexity="1" maxCrapScore="2" minCrapScore="2" visitedClasses="0" numClasses="0" visitedMethods="0" numMethods="0" />
              <MetadataToken>100663299</MetadataToken>
              <Name>System.Void &lt;&gt;f__AnonymousType0`2::.ctor(&lt;id&gt;j__TPar,&lt;action&gt;j__TPar)</Name>
              <SequencePoints />
              <BranchPoints />
              <MethodPoint vc="0" uspid="97" ordinal="0" offset="0" />
            </Method>
            <Method visited="false" cyclomaticComplexity="3" nPathComplexity="0" sequenceCoverage="0" branchCoverage="0" crapScore="12" isConstructor="false" isStatic="false" isGetter="false" isSetter="false">
              <Summary numSequencePoints="0" visitedSequencePoints="0" numBranchPoints="0" visitedBranchPoints="0" sequenceCoverage="0" branchCoverage="0" maxCyclomaticComplexity="3" minCyclomaticComplexity="3" maxCrapScore="12" minCrapScore="12" visitedClasses="0" numClasses="0" visitedMethods="0" numMethods="0" />
              <MetadataToken>100663300</MetadataToken>
              <Name>System.Boolean &lt;&gt;f__AnonymousType0`2::Equals(System.Object)</Name>
              <SequencePoints />
              <BranchPoints />
              <MethodPoint vc="0" uspid="98" ordinal="0" offset="0" />
            </Method>
            <Method visited="false" cyclomaticComplexity="1" nPathComplexity="0" sequenceCoverage="0" branchCoverage="0" crapScore="2" isConstructor="false" isStatic="false" isGetter="false" isSetter="false">
              <Summary numSequencePoints="0" visitedSequencePoints="0" numBranchPoints="0" visitedBranchPoints="0" sequenceCoverage="0" branchCoverage="0" maxCyclomaticComplexity="1" minCyclomaticComplexity="1" maxCrapScore="2" minCrapScore="2" visitedClasses="0" numClasses="0" visitedMethods="0" numMethods="0" />
              <MetadataToken>100663301</MetadataToken>
              <Name>System.Int32 &lt;&gt;f__AnonymousType0`2::GetHashCode()</Name>
              <SequencePoints />
              <BranchPoints />
              <MethodPoint vc="0" uspid="99" ordinal="0" offset="0" />
            </Method>
            <Method visited="false" cyclomaticComplexity="7" nPathComplexity="0" sequenceCoverage="0" branchCoverage="0" crapScore="56" isConstructor="false" isStatic="false" isGetter="false" isSetter="false">
              <Summary numSequencePoints="0" visitedSequencePoints="0" numBranchPoints="0" visitedBranchPoints="0" sequenceCoverage="0" branchCoverage="0" maxCyclomaticComplexity="7" minCyclomaticComplexity="7" maxCrapScore="56" minCrapScore="56" visitedClasses="0" numClasses="0" visitedMethods="0" numMethods="0" />
              <MetadataToken>100663302</MetadataToken>
              <Name>System.String &lt;&gt;f__AnonymousType0`2::ToString()</Name>
              <SequencePoints />
              <BranchPoints />
              <MethodPoint vc="0" uspid="100" ordinal="0" offset="0" />
            </Method>
          </Methods>
        </Class>
        <Class>
          <Summary numSequencePoints="6" visitedSequencePoints="6" numBranchPoints="3" visitedBranchPoints="3" sequenceCoverage="100" branchCoverage="100" maxCyclomaticComplexity="2" minCyclomaticComplexity="1" maxCrapScore="2" minCrapScore="2" visitedClasses="1" numClasses="1" visitedMethods="1" numMethods="1" />
          <FullName>MF6.API.Exceptions.ExceptionPayload</FullName>
          <Methods>
            <Method skippedDueTo="AutoImplementedProperty" visited="false" cyclomaticComplexity="1" nPathComplexity="0" sequenceCoverage="0" branchCoverage="0" crapScore="0" isConstructor="false" isStatic="false" isGetter="true" isSetter="false">
              <MetadataToken>100663314</MetadataToken>
              <Name>System.Int32 MF6.API.Exceptions.ExceptionPayload::get_ErrorCode()</Name>
              <FileRef uid="11" />
              <SequencePoints />
              <BranchPoints />
            </Method>
            <Method skippedDueTo="AutoImplementedProperty" visited="false" cyclomaticComplexity="1" nPathComplexity="0" sequenceCoverage="0" branchCoverage="0" crapScore="0" isConstructor="false" isStatic="false" isGetter="false" isSetter="true">
              <MetadataToken>100663315</MetadataToken>
              <Name>System.Void MF6.API.Exceptions.ExceptionPayload::set_ErrorCode(System.Int32)</Name>
              <FileRef uid="11" />
              <SequencePoints />
              <BranchPoints />
            </Method>
            <Method skippedDueTo="AutoImplementedProperty" visited="false" cyclomaticComplexity="1" nPathComplexity="0" sequenceCoverage="0" branchCoverage="0" crapScore="0" isConstructor="false" isStatic="false" isGetter="true" isSetter="false">
              <MetadataToken>100663316</MetadataToken>
              <Name>System.String MF6.API.Exceptions.ExceptionPayload::get_ErrorMessage()</Name>
              <FileRef uid="11" />
              <SequencePoints />
              <BranchPoints />
            </Method>
            <Method skippedDueTo="AutoImplementedProperty" visited="false" cyclomaticComplexity="1" nPathComplexity="0" sequenceCoverage="0" branchCoverage="0" crapScore="0" isConstructor="false" isStatic="false" isGetter="false" isSetter="true">
              <MetadataToken>100663317</MetadataToken>
              <Name>System.Void MF6.API.Exceptions.ExceptionPayload::set_ErrorMessage(System.String)</Name>
              <FileRef uid="11" />
              <SequencePoints />
              <BranchPoints />
            </Method>
            <Method visited="true" cyclomaticComplexity="2" nPathComplexity="2" sequenceCoverage="100" branchCoverage="100" crapScore="2" isConstructor="false" isStatic="true" isGetter="false" isSetter="false">
              <Summary numSequencePoints="6" visitedSequencePoints="6" numBranchPoints="3" visitedBranchPoints="3" sequenceCoverage="100" branchCoverage="100" maxCyclomaticComplexity="2" minCyclomaticComplexity="2" maxCrapScore="2" minCrapScore="2" visitedClasses="0" numClasses="0" visitedMethods="1" numMethods="1" />
              <MetadataToken>100663318</MetadataToken>
              <Name>MF6.API.Exceptions.ExceptionPayload MF6.API.Exceptions.ExceptionPayload::New(T)</Name>
              <FileRef uid="11" />
              <SequencePoints>
                <SequencePoint vc="3" uspid="101" ordinal="0" offset="0" sl="16" sc="9" el="16" ec="10" bec="0" bev="0" fileid="11" />
                <SequencePoint vc="3" uspid="102" ordinal="1" offset="1" sl="18" sc="13" el="18" ec="48" bec="2" bev="2" fileid="11" />
                <SequencePoint vc="2" uspid="103" ordinal="2" offset="19" sl="19" sc="17" el="19" ec="86" bec="0" bev="0" fileid="11" />
                <SequencePoint vc="1" uspid="104" ordinal="3" offset="52" sl="21" sc="17" el="21" ec="64" bec="0" bev="0" fileid="11" />
                <SequencePoint vc="3" uspid="105" ordinal="4" offset="72" sl="22" sc="13" el="26" ec="15" bec="0" bev="0" fileid="11" />
                <SequencePoint vc="3" uspid="106" ordinal="5" offset="106" sl="27" sc="9" el="27" ec="10" bec="0" bev="0" fileid="11" />
              </SequencePoints>
              <BranchPoints>
                <BranchPoint vc="2" uspid="107" ordinal="0" offset="17" sl="18" path="0" offsetend="19" fileid="11" />
                <BranchPoint vc="1" uspid="108" ordinal="1" offset="17" sl="18" path="1" offsetend="52" fileid="11" />
              </BranchPoints>
              <MethodPoint xsi:type="SequencePoint" vc="3" uspid="101" ordinal="0" offset="0" sl="16" sc="9" el="16" ec="10" bec="0" bev="0" fileid="11" />
            </Method>
            <Method visited="false" cyclomaticComplexity="1" nPathComplexity="0" sequenceCoverage="0" branchCoverage="0" crapScore="2" isConstructor="true" isStatic="false" isGetter="false" isSetter="false">
              <Summary numSequencePoints="0" visitedSequencePoints="0" numBranchPoints="0" visitedBranchPoints="0" sequenceCoverage="0" branchCoverage="0" maxCyclomaticComplexity="1" minCyclomaticComplexity="1" maxCrapScore="2" minCrapScore="2" visitedClasses="0" numClasses="0" visitedMethods="0" numMethods="0" />
              <MetadataToken>100663319</MetadataToken>
              <Name>System.Void MF6.API.Exceptions.ExceptionPayload::.ctor()</Name>
              <SequencePoints />
              <BranchPoints />
              <MethodPoint vc="0" uspid="109" ordinal="0" offset="0" />
            </Method>
          </Methods>
        </Class>
        <Class>
          <Summary numSequencePoints="28" visitedSequencePoints="28" numBranchPoints="8" visitedBranchPoints="8" sequenceCoverage="100" branchCoverage="100" maxCyclomaticComplexity="1" minCyclomaticComplexity="1" maxCrapScore="1" minCrapScore="1" visitedClasses="1" numClasses="1" visitedMethods="8" numMethods="8" />
          <FullName>MF6.API.Controllers.Impressoras.ImpressoraController</FullName>
          <Methods>
            <Method visited="true" cyclomaticComplexity="1" nPathComplexity="0" sequenceCoverage="100" branchCoverage="100" crapScore="1" isConstructor="true" isStatic="false" isGetter="false" isSetter="false">
              <Summary numSequencePoints="6" visitedSequencePoints="6" numBranchPoints="1" visitedBranchPoints="1" sequenceCoverage="100" branchCoverage="100" maxCyclomaticComplexity="1" minCyclomaticComplexity="1" maxCrapScore="1" minCrapScore="1" visitedClasses="0" numClasses="0" visitedMethods="1" numMethods="1" />
              <MetadataToken>100663320</MetadataToken>
              <Name>System.Void MF6.API.Controllers.Impressoras.ImpressoraController::.ctor()</Name>
              <FileRef uid="12" />
              <SequencePoints>
                <SequencePoint vc="8" uspid="110" ordinal="0" offset="0" sl="15" sc="41" el="15" ec="47" bec="0" bev="0" fileid="12" />
                <SequencePoint vc="8" uspid="111" ordinal="1" offset="7" sl="16" sc="9" el="16" ec="10" bec="0" bev="0" fileid="12" />
                <SequencePoint vc="8" uspid="112" ordinal="2" offset="8" sl="17" sc="13" el="17" ec="45" bec="0" bev="0" fileid="12" />
                <SequencePoint vc="8" uspid="113" ordinal="3" offset="19" sl="18" sc="13" el="18" ec="67" bec="0" bev="0" fileid="12" />
                <SequencePoint vc="8" uspid="114" ordinal="4" offset="26" sl="19" sc="13" el="19" ec="69" bec="0" bev="0" fileid="12" />
                <SequencePoint vc="8" uspid="115" ordinal="5" offset="38" sl="20" sc="9" el="20" ec="10" bec="0" bev="0" fileid="12" />
              </SequencePoints>
              <BranchPoints />
              <MethodPoint xsi:type="SequencePoint" vc="8" uspid="110" ordinal="0" offset="0" sl="15" sc="41" el="15" ec="47" bec="0" bev="0" fileid="12" />
            </Method>
            <Method visited="true" cyclomaticComplexity="1" nPathComplexity="0" sequenceCoverage="100" branchCoverage="100" crapScore="1" isConstructor="false" isStatic="false" isGetter="false" isSetter="false">
              <Summary numSequencePoints="4" visitedSequencePoints="4" numBranchPoints="1" visitedBranchPoints="1" sequenceCoverage="100" branchCoverage="100" maxCyclomaticComplexity="1" minCyclomaticComplexity="1" maxCrapScore="1" minCrapScore="1" visitedClasses="0" numClasses="0" visitedMethods="1" numMethods="1" />
              <MetadataToken>100663321</MetadataToken>
              <Name>System.Web.Http.IHttpActionResult MF6.API.Controllers.Impressoras.ImpressoraController::Get()</Name>
              <FileRef uid="12" />
              <SequencePoints>
                <SequencePoint vc="1" uspid="116" ordinal="0" offset="0" sl="26" sc="9" el="26" ec="10" bec="0" bev="0" fileid="12" />
                <SequencePoint vc="1" uspid="117" ordinal="1" offset="1" sl="27" sc="13" el="27" ec="57" bec="0" bev="0" fileid="12" />
                <SequencePoint vc="1" uspid="118" ordinal="2" offset="13" sl="28" sc="13" el="28" ec="55" bec="0" bev="0" fileid="12" />
                <SequencePoint vc="1" uspid="119" ordinal="3" offset="23" sl="29" sc="9" el="29" ec="10" bec="0" bev="0" fileid="12" />
              </SequencePoints>
              <BranchPoints />
              <MethodPoint xsi:type="SequencePoint" vc="1" uspid="116" ordinal="0" offset="0" sl="26" sc="9" el="26" ec="10" bec="0" bev="0" fileid="12" />
            </Method>
            <Method visited="true" cyclomaticComplexity="1" nPathComplexity="0" sequenceCoverage="100" branchCoverage="100" crapScore="1" isConstructor="false" isStatic="false" isGetter="false" isSetter="false">
              <Summary numSequencePoints="3" visitedSequencePoints="3" numBranchPoints="1" visitedBranchPoints="1" sequenceCoverage="100" branchCoverage="100" maxCyclomaticComplexity="1" minCyclomaticComplexity="1" maxCrapScore="1" minCrapScore="1" visitedClasses="0" numClasses="0" visitedMethods="1" numMethods="1" />
              <MetadataToken>100663322</MetadataToken>
              <Name>System.Web.Http.IHttpActionResult MF6.API.Controllers.Impressoras.ImpressoraController::GetById(System.Int32)</Name>
              <FileRef uid="12" />
              <SequencePoints>
                <SequencePoint vc="1" uspid="120" ordinal="0" offset="20" sl="34" sc="9" el="34" ec="10" bec="0" bev="0" fileid="12" />
                <SequencePoint vc="1" uspid="121" ordinal="1" offset="21" sl="35" sc="13" el="35" ec="76" bec="0" bev="0" fileid="12" />
                <SequencePoint vc="1" uspid="122" ordinal="2" offset="42" sl="36" sc="9" el="36" ec="10" bec="0" bev="0" fileid="12" />
              </SequencePoints>
              <BranchPoints />
              <MethodPoint vc="1" uspid="123" ordinal="0" offset="0" />
            </Method>
            <Method visited="true" cyclomaticComplexity="1" nPathComplexity="0" sequenceCoverage="100" branchCoverage="100" crapScore="1" isConstructor="false" isStatic="false" isGetter="false" isSetter="false">
              <Summary numSequencePoints="3" visitedSequencePoints="3" numBranchPoints="1" visitedBranchPoints="1" sequenceCoverage="100" branchCoverage="100" maxCyclomaticComplexity="1" minCyclomaticComplexity="1" maxCrapScore="1" minCrapScore="1" visitedClasses="0" numClasses="0" visitedMethods="1" numMethods="1" />
              <MetadataToken>100663323</MetadataToken>
              <Name>System.Web.Http.IHttpActionResult MF6.API.Controllers.Impressoras.ImpressoraController::Post(MF6.Domain.Features.Impressoras.Impressora)</Name>
              <FileRef uid="12" />
              <SequencePoints>
                <SequencePoint vc="1" uspid="124" ordinal="0" offset="20" sl="43" sc="9" el="43" ec="10" bec="0" bev="0" fileid="12" />
                <SequencePoint vc="1" uspid="125" ordinal="1" offset="21" sl="44" sc="13" el="44" ec="81" bec="0" bev="0" fileid="12" />
                <SequencePoint vc="1" uspid="126" ordinal="2" offset="42" sl="45" sc="9" el="45" ec="10" bec="0" bev="0" fileid="12" />
              </SequencePoints>
              <BranchPoints />
              <MethodPoint vc="1" uspid="127" ordinal="0" offset="0" />
            </Method>
            <Method visited="true" cyclomaticComplexity="1" nPathComplexity="0" sequenceCoverage="100" branchCoverage="100" crapScore="1" isConstructor="false" isStatic="false" isGetter="false" isSetter="false">
              <Summary numSequencePoints="3" visitedSequencePoints="3" numBranchPoints="1" visitedBranchPoints="1" sequenceCoverage="100" branchCoverage="100" maxCyclomaticComplexity="1" minCyclomaticComplexity="1" maxCrapScore="1" minCrapScore="1" visitedClasses="0" numClasses="0" visitedMethods="1" numMethods="1" />
              <MetadataToken>100663324</MetadataToken>
              <Name>System.Web.Http.IHttpActionResult MF6.API.Controllers.Impressoras.ImpressoraController::Update(MF6.Domain.Features.Impressoras.Impressora)</Name>
              <FileRef uid="12" />
              <SequencePoints>
                <SequencePoint vc="2" uspid="128" ordinal="0" offset="20" sl="52" sc="9" el="52" ec="10" bec="0" bev="0" fileid="12" />
                <SequencePoint vc="2" uspid="129" ordinal="1" offset="21" sl="53" sc="13" el="53" ec="83" bec="0" bev="0" fileid="12" />
                <SequencePoint vc="2" uspid="130" ordinal="2" offset="42" sl="54" sc="9" el="54" ec="10" bec="0" bev="0" fileid="12" />
              </SequencePoints>
              <BranchPoints />
              <MethodPoint vc="2" uspid="131" ordinal="0" offset="0" />
            </Method>
            <Method visited="true" cyclomaticComplexity="1" nPathComplexity="0" sequenceCoverage="100" branchCoverage="100" crapScore="1" isConstructor="false" isStatic="false" isGetter="false" isSetter="false">
              <Summary numSequencePoints="3" visitedSequencePoints="3" numBranchPoints="1" visitedBranchPoints="1" sequenceCoverage="100" branchCoverage="100" maxCyclomaticComplexity="1" minCyclomaticComplexity="1" maxCrapScore="1" minCrapScore="1" visitedClasses="0" numClasses="0" visitedMethods="1" numMethods="1" />
              <MetadataToken>100663325</MetadataToken>
              <Name>System.Web.Http.IHttpActionResult MF6.API.Controllers.Impressoras.ImpressoraController::Delete(MF6.Domain.Features.Impressoras.Impressora)</Name>
              <FileRef uid="12" />
              <SequencePoints>
                <SequencePoint vc="1" uspid="132" ordinal="0" offset="20" sl="60" sc="9" el="60" ec="10" bec="0" bev="0" fileid="12" />
                <SequencePoint vc="1" uspid="133" ordinal="1" offset="21" sl="61" sc="13" el="61" ec="81" bec="0" bev="0" fileid="12" />
                <SequencePoint vc="1" uspid="134" ordinal="2" offset="42" sl="62" sc="9" el="62" ec="10" bec="0" bev="0" fileid="12" />
              </SequencePoints>
              <BranchPoints />
              <MethodPoint vc="1" uspid="135" ordinal="0" offset="0" />
            </Method>
            <Method visited="true" cyclomaticComplexity="1" nPathComplexity="0" sequenceCoverage="100" branchCoverage="100" crapScore="1" isConstructor="false" isStatic="false" isGetter="false" isSetter="false">
              <Summary numSequencePoints="3" visitedSequencePoints="3" numBranchPoints="1" visitedBranchPoints="1" sequenceCoverage="100" branchCoverage="100" maxCyclomaticComplexity="1" minCyclomaticComplexity="1" maxCrapScore="1" minCrapScore="1" visitedClasses="0" numClasses="0" visitedMethods="1" numMethods="1" />
              <MetadataToken>100663326</MetadataToken>
              <Name>System.Web.Http.IHttpActionResult MF6.API.Controllers.Impressoras.ImpressoraController::UpdateLevelBlack(System.Int32,System.Int32)</Name>
              <FileRef uid="12" />
              <SequencePoints>
                <SequencePoint vc="1" uspid="136" ordinal="0" offset="27" sl="70" sc="9" el="70" ec="10" bec="0" bev="0" fileid="12" />
                <SequencePoint vc="1" uspid="137" ordinal="1" offset="28" sl="71" sc="13" el="71" ec="92" bec="0" bev="0" fileid="12" />
                <SequencePoint vc="1" uspid="138" ordinal="2" offset="49" sl="72" sc="9" el="72" ec="10" bec="0" bev="0" fileid="12" />
              </SequencePoints>
              <BranchPoints />
              <MethodPoint vc="1" uspid="139" ordinal="0" offset="0" />
            </Method>
            <Method visited="true" cyclomaticComplexity="1" nPathComplexity="0" sequenceCoverage="100" branchCoverage="100" crapScore="1" isConstructor="false" isStatic="false" isGetter="false" isSetter="false">
              <Summary numSequencePoints="3" visitedSequencePoints="3" numBranchPoints="1" visitedBranchPoints="1" sequenceCoverage="100" branchCoverage="100" maxCyclomaticComplexity="1" minCyclomaticComplexity="1" maxCrapScore="1" minCrapScore="1" visitedClasses="0" numClasses="0" visitedMethods="1" numMethods="1" />
              <MetadataToken>100663327</MetadataToken>
              <Name>System.Web.Http.IHttpActionResult MF6.API.Controllers.Impressoras.ImpressoraController::UpdateLevelColor(System.Int32,System.Int32)</Name>
              <FileRef uid="12" />
              <SequencePoints>
                <SequencePoint vc="1" uspid="140" ordinal="0" offset="27" sl="77" sc="9" el="77" ec="10" bec="0" bev="0" fileid="12" />
                <SequencePoint vc="1" uspid="141" ordinal="1" offset="28" sl="78" sc="13" el="78" ec="95" bec="0" bev="0" fileid="12" />
                <SequencePoint vc="1" uspid="142" ordinal="2" offset="49" sl="79" sc="9" el="79" ec="10" bec="0" bev="0" fileid="12" />
              </SequencePoints>
              <BranchPoints />
              <MethodPoint vc="1" uspid="143" ordinal="0" offset="0" />
            </Method>
          </Methods>
        </Class>
        <Class>
          <Summary numSequencePoints="1" visitedSequencePoints="1" numBranchPoints="1" visitedBranchPoints="1" sequenceCoverage="100" branchCoverage="100" maxCyclomaticComplexity="1" minCyclomaticComplexity="1" maxCrapScore="2" minCrapScore="1" visitedClasses="1" numClasses="1" visitedMethods="1" numMethods="1" />
          <FullName>MF6.API.Controllers.Impressoras.ImpressoraController/&lt;&gt;c__DisplayClass3_0</FullName>
          <Methods>
            <Method visited="false" cyclomaticComplexity="1" nPathComplexity="0" sequenceCoverage="0" branchCoverage="0" crapScore="2" isConstructor="true" isStatic="false" isGetter="false" isSetter="false">
              <Summary numSequencePoints="0" visitedSequencePoints="0" numBranchPoints="0" visitedBranchPoints="0" sequenceCoverage="0" branchCoverage="0" maxCyclomaticComplexity="1" minCyclomaticComplexity="1" maxCrapScore="2" minCrapScore="2" visitedClasses="0" numClasses="0" visitedMethods="0" numMethods="0" />
              <MetadataToken>100663336</MetadataToken>
              <Name>System.Void MF6.API.Controllers.Impressoras.ImpressoraController/&lt;&gt;c__DisplayClass3_0::.ctor()</Name>
              <SequencePoints />
              <BranchPoints />
              <MethodPoint vc="0" uspid="144" ordinal="0" offset="0" />
            </Method>
            <Method visited="true" cyclomaticComplexity="1" nPathComplexity="0" sequenceCoverage="100" branchCoverage="100" crapScore="1" isConstructor="false" isStatic="false" isGetter="false" isSetter="false">
              <Summary numSequencePoints="1" visitedSequencePoints="1" numBranchPoints="1" visitedBranchPoints="1" sequenceCoverage="100" branchCoverage="100" maxCyclomaticComplexity="1" minCyclomaticComplexity="1" maxCrapScore="1" minCrapScore="1" visitedClasses="0" numClasses="0" visitedMethods="1" numMethods="1" />
              <MetadataToken>100663337</MetadataToken>
              <Name>MF6.Domain.Features.Impressoras.Impressora MF6.API.Controllers.Impressoras.ImpressoraController/&lt;&gt;c__DisplayClass3_0::&lt;GetById&gt;b__0()</Name>
              <FileRef uid="12" />
              <SequencePoints>
                <SequencePoint vc="1" uspid="145" ordinal="0" offset="0" sl="35" sc="41" el="35" ec="74" bec="0" bev="0" fileid="12" />
              </SequencePoints>
              <BranchPoints />
              <MethodPoint xsi:type="SequencePoint" vc="1" uspid="145" ordinal="0" offset="0" sl="35" sc="41" el="35" ec="74" bec="0" bev="0" fileid="12" />
            </Method>
          </Methods>
        </Class>
        <Class>
          <Summary numSequencePoints="1" visitedSequencePoints="1" numBranchPoints="1" visitedBranchPoints="1" sequenceCoverage="100" branchCoverage="100" maxCyclomaticComplexity="1" minCyclomaticComplexity="1" maxCrapScore="2" minCrapScore="1" visitedClasses="1" numClasses="1" visitedMethods="1" numMethods="1" />
          <FullName>MF6.API.Controllers.Impressoras.ImpressoraController/&lt;&gt;c__DisplayClass4_0</FullName>
          <Methods>
            <Method visited="false" cyclomaticComplexity="1" nPathComplexity="0" sequenceCoverage="0" branchCoverage="0" crapScore="2" isConstructor="true" isStatic="false" isGetter="false" isSetter="false">
              <Summary numSequencePoints="0" visitedSequencePoints="0" numBranchPoints="0" visitedBranchPoints="0" sequenceCoverage="0" branchCoverage="0" maxCyclomaticComplexity="1" minCyclomaticComplexity="1" maxCrapScore="2" minCrapScore="2" visitedClasses="0" numClasses="0" visitedMethods="0" numMethods="0" />
              <MetadataToken>100663338</MetadataToken>
              <Name>System.Void MF6.API.Controllers.Impressoras.ImpressoraController/&lt;&gt;c__DisplayClass4_0::.ctor()</Name>
              <SequencePoints />
              <BranchPoints />
              <MethodPoint vc="0" uspid="146" ordinal="0" offset="0" />
            </Method>
            <Method visited="true" cyclomaticComplexity="1" nPathComplexity="0" sequenceCoverage="100" branchCoverage="100" crapScore="1" isConstructor="false" isStatic="false" isGetter="false" isSetter="false">
              <Summary numSequencePoints="1" visitedSequencePoints="1" numBranchPoints="1" visitedBranchPoints="1" sequenceCoverage="100" branchCoverage="100" maxCyclomaticComplexity="1" minCyclomaticComplexity="1" maxCrapScore="1" minCrapScore="1" visitedClasses="0" numClasses="0" visitedMethods="1" numMethods="1" />
              <MetadataToken>100663339</MetadataToken>
              <Name>System.Int32 MF6.API.Controllers.Impressoras.ImpressoraController/&lt;&gt;c__DisplayClass4_0::&lt;Post&gt;b__0()</Name>
              <FileRef uid="12" />
              <SequencePoints>
                <SequencePoint vc="1" uspid="147" ordinal="0" offset="0" sl="44" sc="41" el="44" ec="79" bec="0" bev="0" fileid="12" />
              </SequencePoints>
              <BranchPoints />
              <MethodPoint xsi:type="SequencePoint" vc="1" uspid="147" ordinal="0" offset="0" sl="44" sc="41" el="44" ec="79" bec="0" bev="0" fileid="12" />
            </Method>
          </Methods>
        </Class>
        <Class>
          <Summary numSequencePoints="1" visitedSequencePoints="1" numBranchPoints="1" visitedBranchPoints="1" sequenceCoverage="100" branchCoverage="100" maxCyclomaticComplexity="1" minCyclomaticComplexity="1" maxCrapScore="2" minCrapScore="1" visitedClasses="1" numClasses="1" visitedMethods="1" numMethods="1" />
          <FullName>MF6.API.Controllers.Impressoras.ImpressoraController/&lt;&gt;c__DisplayClass5_0</FullName>
          <Methods>
            <Method visited="false" cyclomaticComplexity="1" nPathComplexity="0" sequenceCoverage="0" branchCoverage="0" crapScore="2" isConstructor="true" isStatic="false" isGetter="false" isSetter="false">
              <Summary numSequencePoints="0" visitedSequencePoints="0" numBranchPoints="0" visitedBranchPoints="0" sequenceCoverage="0" branchCoverage="0" maxCyclomaticComplexity="1" minCyclomaticComplexity="1" maxCrapScore="2" minCrapScore="2" visitedClasses="0" numClasses="0" visitedMethods="0" numMethods="0" />
              <MetadataToken>100663340</MetadataToken>
              <Name>System.Void MF6.API.Controllers.Impressoras.ImpressoraController/&lt;&gt;c__DisplayClass5_0::.ctor()</Name>
              <SequencePoints />
              <BranchPoints />
              <MethodPoint vc="0" uspid="148" ordinal="0" offset="0" />
            </Method>
            <Method visited="true" cyclomaticComplexity="1" nPathComplexity="0" sequenceCoverage="100" branchCoverage="100" crapScore="1" isConstructor="false" isStatic="false" isGetter="false" isSetter="false">
              <Summary numSequencePoints="1" visitedSequencePoints="1" numBranchPoints="1" visitedBranchPoints="1" sequenceCoverage="100" branchCoverage="100" maxCyclomaticComplexity="1" minCyclomaticComplexity="1" maxCrapScore="1" minCrapScore="1" visitedClasses="0" numClasses="0" visitedMethods="1" numMethods="1" />
              <MetadataToken>100663341</MetadataToken>
              <Name>System.Boolean MF6.API.Controllers.Impressoras.ImpressoraController/&lt;&gt;c__DisplayClass5_0::&lt;Update&gt;b__0()</Name>
              <FileRef uid="12" />
              <SequencePoints>
                <SequencePoint vc="2" uspid="149" ordinal="0" offset="0" sl="53" sc="41" el="53" ec="81" bec="0" bev="0" fileid="12" />
              </SequencePoints>
              <BranchPoints />
              <MethodPoint xsi:type="SequencePoint" vc="2" uspid="149" ordinal="0" offset="0" sl="53" sc="41" el="53" ec="81" bec="0" bev="0" fileid="12" />
            </Method>
          </Methods>
        </Class>
        <Class>
          <Summary numSequencePoints="1" visitedSequencePoints="1" numBranchPoints="1" visitedBranchPoints="1" sequenceCoverage="100" branchCoverage="100" maxCyclomaticComplexity="1" minCyclomaticComplexity="1" maxCrapScore="2" minCrapScore="1" visitedClasses="1" numClasses="1" visitedMethods="1" numMethods="1" />
          <FullName>MF6.API.Controllers.Impressoras.ImpressoraController/&lt;&gt;c__DisplayClass6_0</FullName>
          <Methods>
            <Method visited="false" cyclomaticComplexity="1" nPathComplexity="0" sequenceCoverage="0" branchCoverage="0" crapScore="2" isConstructor="true" isStatic="false" isGetter="false" isSetter="false">
              <Summary numSequencePoints="0" visitedSequencePoints="0" numBranchPoints="0" visitedBranchPoints="0" sequenceCoverage="0" branchCoverage="0" maxCyclomaticComplexity="1" minCyclomaticComplexity="1" maxCrapScore="2" minCrapScore="2" visitedClasses="0" numClasses="0" visitedMethods="0" numMethods="0" />
              <MetadataToken>100663342</MetadataToken>
              <Name>System.Void MF6.API.Controllers.Impressoras.ImpressoraController/&lt;&gt;c__DisplayClass6_0::.ctor()</Name>
              <SequencePoints />
              <BranchPoints />
              <MethodPoint vc="0" uspid="150" ordinal="0" offset="0" />
            </Method>
            <Method visited="true" cyclomaticComplexity="1" nPathComplexity="0" sequenceCoverage="100" branchCoverage="100" crapScore="1" isConstructor="false" isStatic="false" isGetter="false" isSetter="false">
              <Summary numSequencePoints="1" visitedSequencePoints="1" numBranchPoints="1" visitedBranchPoints="1" sequenceCoverage="100" branchCoverage="100" maxCyclomaticComplexity="1" minCyclomaticComplexity="1" maxCrapScore="1" minCrapScore="1" visitedClasses="0" numClasses="0" visitedMethods="1" numMethods="1" />
              <MetadataToken>100663343</MetadataToken>
              <Name>System.Boolean MF6.API.Controllers.Impressoras.ImpressoraController/&lt;&gt;c__DisplayClass6_0::&lt;Delete&gt;b__0()</Name>
              <FileRef uid="12" />
              <SequencePoints>
                <SequencePoint vc="1" uspid="151" ordinal="0" offset="0" sl="61" sc="41" el="61" ec="79" bec="0" bev="0" fileid="12" />
              </SequencePoints>
              <BranchPoints />
              <MethodPoint xsi:type="SequencePoint" vc="1" uspid="151" ordinal="0" offset="0" sl="61" sc="41" el="61" ec="79" bec="0" bev="0" fileid="12" />
            </Method>
          </Methods>
        </Class>
        <Class>
          <Summary numSequencePoints="1" visitedSequencePoints="1" numBranchPoints="1" visitedBranchPoints="1" sequenceCoverage="100" branchCoverage="100" maxCyclomaticComplexity="1" minCyclomaticComplexity="1" maxCrapScore="2" minCrapScore="1" visitedClasses="1" numClasses="1" visitedMethods="1" numMethods="1" />
          <FullName>MF6.API.Controllers.Impressoras.ImpressoraController/&lt;&gt;c__DisplayClass7_0</FullName>
          <Methods>
            <Method visited="false" cyclomaticComplexity="1" nPathComplexity="0" sequenceCoverage="0" branchCoverage="0" crapScore="2" isConstructor="true" isStatic="false" isGetter="false" isSetter="false">
              <Summary numSequencePoints="0" visitedSequencePoints="0" numBranchPoints="0" visitedBranchPoints="0" sequenceCoverage="0" branchCoverage="0" maxCyclomaticComplexity="1" minCyclomaticComplexity="1" maxCrapScore="2" minCrapScore="2" visitedClasses="0" numClasses="0" visitedMethods="0" numMethods="0" />
              <MetadataToken>100663344</MetadataToken>
              <Name>System.Void MF6.API.Controllers.Impressoras.ImpressoraController/&lt;&gt;c__DisplayClass7_0::.ctor()</Name>
              <SequencePoints />
              <BranchPoints />
              <MethodPoint vc="0" uspid="152" ordinal="0" offset="0" />
            </Method>
            <Method visited="true" cyclomaticComplexity="1" nPathComplexity="0" sequenceCoverage="100" branchCoverage="100" crapScore="1" isConstructor="false" isStatic="false" isGetter="false" isSetter="false">
              <Summary numSequencePoints="1" visitedSequencePoints="1" numBranchPoints="1" visitedBranchPoints="1" sequenceCoverage="100" branchCoverage="100" maxCyclomaticComplexity="1" minCyclomaticComplexity="1" maxCrapScore="1" minCrapScore="1" visitedClasses="0" numClasses="0" visitedMethods="1" numMethods="1" />
              <MetadataToken>100663345</MetadataToken>
              <Name>System.Boolean MF6.API.Controllers.Impressoras.ImpressoraController/&lt;&gt;c__DisplayClass7_0::&lt;UpdateLevelBlack&gt;b__0()</Name>
              <FileRef uid="12" />
              <SequencePoints>
                <SequencePoint vc="1" uspid="153" ordinal="0" offset="0" sl="71" sc="41" el="71" ec="90" bec="0" bev="0" fileid="12" />
              </SequencePoints>
              <BranchPoints />
              <MethodPoint xsi:type="SequencePoint" vc="1" uspid="153" ordinal="0" offset="0" sl="71" sc="41" el="71" ec="90" bec="0" bev="0" fileid="12" />
            </Method>
          </Methods>
        </Class>
        <Class>
          <Summary numSequencePoints="1" visitedSequencePoints="1" numBranchPoints="1" visitedBranchPoints="1" sequenceCoverage="100" branchCoverage="100" maxCyclomaticComplexity="1" minCyclomaticComplexity="1" maxCrapScore="2" minCrapScore="1" visitedClasses="1" numClasses="1" visitedMethods="1" numMethods="1" />
          <FullName>MF6.API.Controllers.Impressoras.ImpressoraController/&lt;&gt;c__DisplayClass8_0</FullName>
          <Methods>
            <Method visited="false" cyclomaticComplexity="1" nPathComplexity="0" sequenceCoverage="0" branchCoverage="0" crapScore="2" isConstructor="true" isStatic="false" isGetter="false" isSetter="false">
              <Summary numSequencePoints="0" visitedSequencePoints="0" numBranchPoints="0" visitedBranchPoints="0" sequenceCoverage="0" branchCoverage="0" maxCyclomaticComplexity="1" minCyclomaticComplexity="1" maxCrapScore="2" minCrapScore="2" visitedClasses="0" numClasses="0" visitedMethods="0" numMethods="0" />
              <MetadataToken>100663346</MetadataToken>
              <Name>System.Void MF6.API.Controllers.Impressoras.ImpressoraController/&lt;&gt;c__DisplayClass8_0::.ctor()</Name>
              <SequencePoints />
              <BranchPoints />
              <MethodPoint vc="0" uspid="154" ordinal="0" offset="0" />
            </Method>
            <Method visited="true" cyclomaticComplexity="1" nPathComplexity="0" sequenceCoverage="100" branchCoverage="100" crapScore="1" isConstructor="false" isStatic="false" isGetter="false" isSetter="false">
              <Summary numSequencePoints="1" visitedSequencePoints="1" numBranchPoints="1" visitedBranchPoints="1" sequenceCoverage="100" branchCoverage="100" maxCyclomaticComplexity="1" minCyclomaticComplexity="1" maxCrapScore="1" minCrapScore="1" visitedClasses="0" numClasses="0" visitedMethods="1" numMethods="1" />
              <MetadataToken>100663347</MetadataToken>
              <Name>System.Boolean MF6.API.Controllers.Impressoras.ImpressoraController/&lt;&gt;c__DisplayClass8_0::&lt;UpdateLevelColor&gt;b__0()</Name>
              <FileRef uid="12" />
              <SequencePoints>
                <SequencePoint vc="1" uspid="155" ordinal="0" offset="0" sl="78" sc="41" el="78" ec="93" bec="0" bev="0" fileid="12" />
              </SequencePoints>
              <BranchPoints />
              <MethodPoint xsi:type="SequencePoint" vc="1" uspid="155" ordinal="0" offset="0" sl="78" sc="41" el="78" ec="93" bec="0" bev="0" fileid="12" />
            </Method>
          </Methods>
        </Class>
        <Class>
          <Summary numSequencePoints="20" visitedSequencePoints="20" numBranchPoints="5" visitedBranchPoints="5" sequenceCoverage="100" branchCoverage="100" maxCyclomaticComplexity="2" minCyclomaticComplexity="1" maxCrapScore="2" minCrapScore="1" visitedClasses="1" numClasses="1" visitedMethods="5" numMethods="5" />
          <FullName>MF6.API.Controllers.Common.ApiControllerBase</FullName>
          <Methods>
            <Method visited="true" cyclomaticComplexity="1" nPathComplexity="0" sequenceCoverage="100" branchCoverage="100" crapScore="1" isConstructor="false" isStatic="false" isGetter="false" isSetter="false">
              <Summary numSequencePoints="7" visitedSequencePoints="7" numBranchPoints="1" visitedBranchPoints="1" sequenceCoverage="100" branchCoverage="100" maxCyclomaticComplexity="1" minCyclomaticComplexity="1" maxCrapScore="1" minCrapScore="1" visitedClasses="0" numClasses="0" visitedMethods="1" numMethods="1" />
              <MetadataToken>100663328</MetadataToken>
              <Name>System.Web.Http.IHttpActionResult MF6.API.Controllers.Common.ApiControllerBase::HandleCallback(System.Func`1&lt;TSuccess&gt;)</Name>
              <FileRef uid="19" />
              <SequencePoints>
                <SequencePoint vc="9" uspid="156" ordinal="0" offset="0" sl="15" sc="9" el="15" ec="10" bec="0" bev="0" fileid="19" />
                <SequencePoint vc="9" uspid="157" ordinal="1" offset="1" sl="17" sc="13" el="17" ec="14" bec="0" bev="0" fileid="19" />
                <SequencePoint vc="9" uspid="158" ordinal="2" offset="2" sl="18" sc="17" el="18" ec="35" bec="0" bev="0" fileid="19" />
                <SequencePoint vc="3" uspid="159" ordinal="3" offset="17" sl="20" sc="13" el="20" ec="32" bec="0" bev="0" fileid="19" />
                <SequencePoint vc="3" uspid="160" ordinal="4" offset="18" sl="21" sc="13" el="21" ec="14" bec="0" bev="0" fileid="19" />
                <SequencePoint vc="3" uspid="161" ordinal="5" offset="19" sl="22" sc="17" el="22" ec="41" bec="0" bev="0" fileid="19" />
                <SequencePoint vc="9" uspid="162" ordinal="6" offset="29" sl="24" sc="9" el="24" ec="10" bec="0" bev="0" fileid="19" />
              </SequencePoints>
              <BranchPoints />
              <MethodPoint xsi:type="SequencePoint" vc="9" uspid="156" ordinal="0" offset="0" sl="15" sc="9" el="15" ec="10" bec="0" bev="0" fileid="19" />
            </Method>
            <Method visited="true" cyclomaticComplexity="1" nPathComplexity="0" sequenceCoverage="100" branchCoverage="100" crapScore="1" isConstructor="false" isStatic="false" isGetter="false" isSetter="false">
              <Summary numSequencePoints="3" visitedSequencePoints="3" numBranchPoints="1" visitedBranchPoints="1" sequenceCoverage="100" branchCoverage="100" maxCyclomaticComplexity="1" minCyclomaticComplexity="1" maxCrapScore="1" minCrapScore="1" visitedClasses="0" numClasses="0" visitedMethods="1" numMethods="1" />
              <MetadataToken>100663329</MetadataToken>
              <Name>System.Web.Http.IHttpActionResult MF6.API.Controllers.Common.ApiControllerBase::HandleQuery(System.Linq.IQueryable`1&lt;TResult&gt;)</Name>
              <FileRef uid="19" />
              <SequencePoints>
                <SequencePoint vc="1" uspid="163" ordinal="0" offset="0" sl="27" sc="9" el="27" ec="10" bec="0" bev="0" fileid="19" />
                <SequencePoint vc="1" uspid="164" ordinal="1" offset="1" sl="28" sc="13" el="28" ec="39" bec="0" bev="0" fileid="19" />
                <SequencePoint vc="1" uspid="165" ordinal="2" offset="16" sl="29" sc="9" el="29" ec="10" bec="0" bev="0" fileid="19" />
              </SequencePoints>
              <BranchPoints />
              <MethodPoint xsi:type="SequencePoint" vc="1" uspid="163" ordinal="0" offset="0" sl="27" sc="9" el="27" ec="10" bec="0" bev="0" fileid="19" />
            </Method>
            <Method visited="true" cyclomaticComplexity="1" nPathComplexity="0" sequenceCoverage="100" branchCoverage="100" crapScore="1" isConstructor="false" isStatic="false" isGetter="false" isSetter="false">
              <Summary numSequencePoints="3" visitedSequencePoints="3" numBranchPoints="1" visitedBranchPoints="1" sequenceCoverage="100" branchCoverage="100" maxCyclomaticComplexity="1" minCyclomaticComplexity="1" maxCrapScore="1" minCrapScore="1" visitedClasses="0" numClasses="0" visitedMethods="1" numMethods="1" />
              <MetadataToken>100663330</MetadataToken>
              <Name>System.Web.Http.IHttpActionResult MF6.API.Controllers.Common.ApiControllerBase::HandleQueryable(System.Linq.IQueryable`1&lt;TSource&gt;)</Name>
              <FileRef uid="19" />
              <SequencePoints>
[...]
                <SequencePoint vc="1" uspid="177" ordinal="2" offset="16" sl="47" sc="9" el="47" ec="10" bec="0" bev="0" fileid="19" />
              </SequencePoints>
              <BranchPoints />
              <MethodPoint xsi:type="SequencePoint" vc="1" uspid="175" ordinal="0" offset="0" sl="45" sc="9" el="45" ec="10" bec="0" bev="0" fileid="19" />
            </Method>
            <Method visited="false" cyclomaticComplexity="1" nPathComplexity="0" sequenceCoverage="0" branchCoverage="0" crapScore="2" isConstructor="true" isStatic="false" isGetter="false" isSetter="false">
              <Summary numSequencePoints="0" visitedSequencePoints="0" numBranchPoints="0" visitedBranchPoints="0" sequenceCoverage="0" branchCoverage="0" maxCyclomaticComplexity="1" minCyclomaticComplexity="1" maxCrapScore="2" minCrapScore="2" visitedClasses="0" numClasses="0" visitedMethods="0" numMethods="0" />
              <MetadataToken>100663333</MetadataToken>
              <Name>System.Void MF6.API.Controllers.Common.ApiControllerBase::.ctor()</Name>
              <SequencePoints />
              <BranchPoints />
              <MethodPoint vc="0" uspid="178" ordinal="0" offset="0" />
            </Method>
          </Methods>
        </Class>
        <Class>
          <Summary numSequencePoints="3" visitedSequencePoints="3" numBranchPoints="1" visitedBranchPoints="1" sequenceCoverage="100" branchCoverage="100" maxCyclomaticComplexity="1" minCyclomaticComplexity="1" maxCrapScore="2" minCrapScore="1" visitedClasses="1" numClasses="1" visitedMethods="1" numMethods="1" />
          <FullName>MF6.API.Controllers.Common.PublicController</FullName>
          <Methods>
            <Method visited="true" cyclomaticComplexity="1" nPathComplexity="0" sequenceCoverage="100" branchCoverage="100" crapScore="1" isConstructor="false" isStatic="false" isGetter="false" isSetter="false">
              <Summary numSequencePoints="3" visitedSequencePoints="3" numBranchPoints="1" visitedBranchPoints="1" sequenceCoverage="100" branchCoverage="100" maxCyclomaticComplexity="1" minCyclomaticComplexity="1" maxCrapScore="1" minCrapScore="1" visitedClasses="0" numClasses="0" visitedMethods="1" numMethods="1" />
              <MetadataToken>100663334</MetadataToken>
              <Name>System.Web.Http.IHttpActionResult MF6.API.Controllers.Common.PublicController::IsAlive()</Name>
              <FileRef uid="20" />
              <SequencePoints>
                <SequencePoint vc="1" uspid="179" ordinal="0" offset="0" sl="15" sc="9" el="15" ec="10" bec="0" bev="0" fileid="20" />
                <SequencePoint vc="1" uspid="180" ordinal="1" offset="1" sl="16" sc="13" el="16" ec="29" bec="0" bev="0" fileid="20" />
                <SequencePoint vc="1" uspid="181" ordinal="2" offset="11" sl="17" sc="9" el="17" ec="10" bec="0" bev="0" fileid="20" />
              </SequencePoints>
              <BranchPoints />
              <MethodPoint xsi:type="SequencePoint" vc="1" uspid="179" ordinal="0" offset="0" sl="15" sc="9" el="15" ec="10" bec="0" bev="0" fileid="20" />
            </Method>
            <Method visited="false" cyclomaticComplexity="1" nPathComplexity="0" sequenceCoverage="0" branchCoverage="0" crapScore="2" isConstructor="true" isStatic="false" isGetter="false" isSetter="false">
              <Summary numSequencePoints="0" visitedSequencePoints="0" numBranchPoints="0" visitedBranchPoints="0" sequenceCoverage="0" branchCoverage="0" maxCyclomaticComplexity="1" minCyclomaticComplexity="1" maxCrapScore="2" minCrapScore="2" visitedClasses="0" numClasses="0" visitedMethods="0" numMethods="0" />
              <MetadataToken>100663335</MetadataToken>
              <Name>System.Void MF6.API.Controllers.Common.PublicController::.ctor()</Name>
              <SequencePoints />
              <BranchPoints />
              <MethodPoint vc="0" uspid="182" ordinal="0" offset="0" />
            </Method>
          </Methods>
        </Class>
      </Classes>
    </Module>
    <Module hash="27-14-8E-2B-FF-53-32-86-DA-8B-16-58-8B-BF-1B-80-18-3F-1D-66">
      <Summary numSequencePoints="37" visitedSequencePoints="37" numBranchPoints="9" visitedBranchPoints="9" sequenceCoverage="100" branchCoverage="100" maxCyclomaticComplexity="2" minCyclomaticComplexity="1" maxCrapScore="2" minCrapScore="1" visitedClasses="2" numClasses="2" visitedMethods="7" numMethods="7" />
      <ModulePath>C:\Users\ndduser\Desktop\ZanellaProva\ZanellaProva\mf-ws\Zanella_MF6\MF6.Controller.Tests\bin\Debug\MF6.Infra.ORM.dll</ModulePath>
      <ModuleTime>2018-08-02T20:09:56.0526672Z</ModuleTime>
      <ModuleName>MF6.Infra.ORM</ModuleName>
      <Files>
        <File uid="39" fullPath="C:\Users\ndduser\Desktop\ZanellaProva\ZanellaProva\mf-ws\Zanella_MF6\MF6.Infra.ORM\Features\Impressoras\ImpressoraConfiguracao.cs" />
        <File uid="40" fullPath="C:\Users\ndduser\Desktop\ZanellaProva\ZanellaProva\mf-ws\Zanella_MF6\MF6.Infra.ORM\Features\Impressoras\ImpressoraRepositorio.cs" />
      </Files>
      <Classes>
        <Class>
          <Summary numSequencePoints="10" visitedSequencePoints="10" numBranchPoints="1" visitedBranchPoints="1" sequenceCoverage="100" branchCoverage="100" maxCyclomaticComplexity="1" minCyclomaticComplexity="1" maxCrapScore="1" minCrapScore="1" visitedClasses="1" numClasses="1" visitedMethods="1" numMethods="1" />
          <FullName>MF6.Infra.ORM.Features.Impressoras.ImpressoraConfiguracao</FullName>
          <Methods>
            <Method visited="true" cyclomaticComplexity="1" nPathComplexity="0" sequenceCoverage="100" branchCoverage="100" crapScore="1" isConstructor="true" isStatic="false" isGetter="false" isSetter="false">
              <Summary numSequencePoints="10" visitedSequencePoints="10" numBranchPoints="1" visitedBranchPoints="1" sequenceCoverage="100" branchCoverage="100" maxCyclomaticComplexity="1" minCyclomaticComplexity="1" maxCrapScore="1" minCrapScore="1" visitedClasses="0" numClasses="0" visitedMethods="1" numMethods="1" />
              <MetadataToken>100663297</MetadataToken>
              <Name>System.Void MF6.Infra.ORM.Features.Impressoras.ImpressoraConfiguracao::.ctor()</Name>
              <FileRef uid="39" />
              <SequencePoints>
                <SequencePoint vc="1" uspid="277" ordinal="0" offset="0" sl="8" sc="9" el="8" ec="40" bec="0" bev="0" fileid="39" />
                <SequencePoint vc="1" uspid="278" ordinal="1" offset="7" sl="9" sc="9" el="9" ec="10" bec="0" bev="0" fileid="39" />
                <SequencePoint vc="1" uspid="279" ordinal="2" offset="8" sl="10" sc="13" el="10" ec="42" bec="0" bev="0" fileid="39" />
                <SequencePoint vc="1" uspid="280" ordinal="3" offset="20" sl="12" sc="13" el="12" ec="92" bec="0" bev="0" fileid="39" />
                <SequencePoint vc="1" uspid="281" ordinal="4" offset="111" sl="13" sc="13" el="13" ec="88" bec="0" bev="0" fileid="39" />
                <SequencePoint vc="1" uspid="282" ordinal="5" offset="202" sl="14" sc="13" el="14" ec="49" bec="0" bev="0" fileid="39" />
                <SequencePoint vc="1" uspid="283" ordinal="6" offset="271" sl="15" sc="13" el="15" ec="83" bec="0" bev="0" fileid="39" />
                <SequencePoint vc="1" uspid="284" ordinal="7" offset="350" sl="16" sc="13" el="16" ec="80" bec="0" bev="0" fileid="39" />
                <SequencePoint vc="1" uspid="285" ordinal="8" offset="429" sl="18" sc="13" el="18" ec="36" bec="0" bev="0" fileid="39" />
                <SequencePoint vc="1" uspid="286" ordinal="9" offset="493" sl="19" sc="9" el="19" ec="10" bec="0" bev="0" fileid="39" />
              </SequencePoints>
              <BranchPoints />
              <MethodPoint xsi:type="SequencePoint" vc="1" uspid="277" ordinal="0" offset="0" sl="8" sc="9" el="8" ec="40" bec="0" bev="0" fileid="39" />
            </Method>
          </Methods>
        </Class>
        <Class>
          <Summary numSequencePoints="27" visitedSequencePoints="27" numBranchPoints="8" visitedBranchPoints="8" sequenceCoverage="100" branchCoverage="100" maxCyclomaticComplexity="2" minCyclomaticComplexity="1" maxCrapScore="2" minCrapScore="1" visitedClasses="1" numClasses="1" visitedMethods="6" numMethods="6" />
          <FullName>MF6.Infra.ORM.Features.Impressoras.ImpressoraRepositorio</FullName>
          <Methods>
            <Method visited="true" cyclomaticComplexity="1" nPathComplexity="0" sequenceCoverage="100" branchCoverage="100" crapScore="1" isConstructor="true" isStatic="false" isGetter="false" isSetter="false">
              <Summary numSequencePoints="4" visitedSequencePoints="4" numBranchPoints="1" visitedBranchPoints="1" sequenceCoverage="100" branchCoverage="100" maxCyclomaticComplexity="1" minCyclomaticComplexity="1" maxCrapScore="1" minCrapScore="1" visitedClasses="0" numClasses="0" visitedMethods="1" numMethods="1" />
              <MetadataToken>100663298</MetadataToken>
              <Name>System.Void MF6.Infra.ORM.Features.Impressoras.ImpressoraRepositorio::.ctor(MF6.Infra.ORM.Contexts.MF6Context)</Name>
              <FileRef uid="40" />
              <SequencePoints>
                <SequencePoint vc="16" uspid="287" ordinal="0" offset="0" sl="13" sc="9" el="13" ec="58" bec="0" bev="0" fileid="40" />
                <SequencePoint vc="16" uspid="288" ordinal="1" offset="7" sl="14" sc="9" el="14" ec="10" bec="0" bev="0" fileid="40" />
                <SequencePoint vc="16" uspid="289" ordinal="2" offset="8" sl="15" sc="13" el="15" ec="34" bec="0" bev="0" fileid="40" />
                <SequencePoint vc="16" uspid="290" ordinal="3" offset="15" sl="16" sc="9" el="16" ec="10" bec="0" bev="0" fileid="40" />
              </SequencePoints>
              <BranchPoints />
              <MethodPoint xsi:type="SequencePoint" vc="16" uspid="287" ordinal="0" offset="0" sl="13" sc="9" el="13" ec="58" bec="0" bev="0" fileid="40" />
            </Method>
            <Method visited="true" cyclomaticComplexity="1" nPathComplexity="0" sequenceCoverage="100" branchCoverage="100" crapScore="1" isConstructor="false" isStatic="false" isGetter="false" isSetter="false">
              <Summary numSequencePoints="4" visitedSequencePoints="4" numBranchPoints="1" visitedBranchPoints="1" sequenceCoverage="100" branchCoverage="100" maxCyclomaticComplexity="1" minCyclomaticComplexity="1" maxCrapScore="1" minCrapScore="1" visitedClasses="0" numClasses="0" visitedMethods="1" numMethods="1" />
              <MetadataToken>100663299</MetadataToken>
              <Name>System.Boolean MF6.Infra.ORM.Features.Impressoras.ImpressoraRepositorio::Atualizar(MF6.Domain.Features.Impressoras.Impressora)</Name>
              <FileRef uid="40" />
              <SequencePoints>
                <SequencePoint vc="2" uspid="291" ordinal="0" offset="0" sl="19" sc="9" el="19" ec="10" bec="0" bev="0" fileid="40" />
                <SequencePoint vc="2" uspid="292" ordinal="1" offset="1" sl="20" sc="13" el="20" ec="70" bec="0" bev="0" fileid="40" />
                <SequencePoint vc="2" uspid="293" ordinal="2" offset="21" sl="21" sc="13" el="21" ec="48" bec="0" bev="0" fileid="40" />
                <SequencePoint vc="1" uspid="294" ordinal="3" offset="38" sl="22" sc="9" el="22" ec="10" bec="0" bev="0" fileid="40" />
              </SequencePoints>
              <BranchPoints />
              <MethodPoint xsi:type="SequencePoint" vc="2" uspid="291" ordinal="0" offset="0" sl="19" sc="9" el="19" ec="10" bec="0" bev="0" fileid="40" />
            </Method>
            <Method visited="true" cyclomaticComplexity="2" nPathComplexity="2" sequenceCoverage="100" branchCoverage="100" crapScore="2" isConstructor="false" isStatic="false" isGetter="false" isSetter="false">
              <Summary numSequencePoints="7" visitedSequencePoints="7" numBranchPoints="3" visitedBranchPoints="3" sequenceCoverage="100" branchCoverage="100" maxCyclomaticComplexity="2" minCyclomaticComplexity="2" maxCrapScore="2" minCrapScore="2" visitedClasses="0" numClasses="0" visitedMethods="1" numMethods="1" />
              <MetadataToken>100663300</MetadataToken>
              <Name>System.Boolean MF6.Infra.ORM.Features.Impressoras.ImpressoraRepositorio::Deletar(System.Int32)</Name>
              <FileRef uid="40" />
              <SequencePoints>
                <SequencePoint vc="2" uspid="295" ordinal="0" offset="13" sl="25" sc="9" el="25" ec="10" bec="0" bev="0" fileid="40" />
                <SequencePoint vc="2" uspid="296" ordinal="1" offset="14" sl="26" sc="13" el="26" ec="102" bec="0" bev="0" fileid="40" />
                <SequencePoint vc="2" uspid="297" ordinal="2" offset="129" sl="28" sc="13" el="28" ec="36" bec="2" bev="2" fileid="40" />
                <SequencePoint vc="1" uspid="298" ordinal="3" offset="137" sl="29" sc="17" el="29" ec="52" bec="0" bev="0" fileid="40" />
                <SequencePoint vc="1" uspid="299" ordinal="4" offset="143" sl="31" sc="13" el="31" ec="69" bec="0" bev="0" fileid="40" />
                <SequencePoint vc="1" uspid="300" ordinal="5" offset="162" sl="32" sc="13" el="32" ec="48" bec="0" bev="0" fileid="40" />
                <SequencePoint vc="1" uspid="301" ordinal="6" offset="180" sl="33" sc="9" el="33" ec="10" bec="0" bev="0" fileid="40" />
              </SequencePoints>
              <BranchPoints>
                <BranchPoint vc="1" uspid="302" ordinal="0" offset="135" sl="28" path="0" offsetend="137" fileid="40" />
                <BranchPoint vc="1" uspid="303" ordinal="1" offset="135" sl="28" path="1" offsetend="143" fileid="40" />
              </BranchPoints>
              <MethodPoint vc="2" uspid="304" ordinal="0" offset="0" />
            </Method>
            <Method visited="true" cyclomaticComplexity="1" nPathComplexity="0" sequenceCoverage="100" branchCoverage="100" crapScore="1" isConstructor="false" isStatic="false" isGetter="false" isSetter="false">
              <Summary numSequencePoints="6" visitedSequencePoints="6" numBranchPoints="1" visitedBranchPoints="1" sequenceCoverage="100" branchCoverage="100" maxCyclomaticComplexity="1" minCyclomaticComplexity="1" maxCrapScore="1" minCrapScore="1" visitedClasses="0" numClasses="0" visitedMethods="1" numMethods="1" />
              <MetadataToken>100663301</MetadataToken>
              <Name>MF6.Domain.Features.Impressoras.Impressora MF6.Infra.ORM.Features.Impressoras.ImpressoraRepositorio::Inserir(MF6.Domain.Features.Impressoras.Impressora)</Name>
              <FileRef uid="40" />
              <SequencePoints>
                <SequencePoint vc="1" uspid="305" ordinal="0" offset="0" sl="36" sc="9" el="36" ec="10" bec="0" bev="0" fileid="40" />
                <SequencePoint vc="1" uspid="306" ordinal="1" offset="1" sl="37" sc="13" el="37" ec="54" bec="0" bev="0" fileid="40" />
                <SequencePoint vc="1" uspid="307" ordinal="2" offset="19" sl="38" sc="13" el="38" ec="72" bec="0" bev="0" fileid="40" />
                <SequencePoint vc="1" uspid="308" ordinal="3" offset="37" sl="39" sc="13" el="39" ec="37" bec="0" bev="0" fileid="40" />
                <SequencePoint vc="1" uspid="309" ordinal="4" offset="49" sl="40" sc="13" el="40" ec="35" bec="0" bev="0" fileid="40" />
                <SequencePoint vc="1" uspid="310" ordinal="5" offset="53" sl="41" sc="9" el="41" ec="10" bec="0" bev="0" fileid="40" />
              </SequencePoints>
              <BranchPoints />
              <MethodPoint xsi:type="SequencePoint" vc="1" uspid="305" ordinal="0" offset="0" sl="36" sc="9" el="36" ec="10" bec="0" bev="0" fileid="40" />
            </Method>
            <Method visited="true" cyclomaticComplexity="1" nPathComplexity="0" sequenceCoverage="100" branchCoverage="100" crapScore="1" isConstructor="false" isStatic="false" isGetter="false" isSetter="false">
              <Summary numSequencePoints="3" visitedSequencePoints="3" numBranchPoints="1" visitedBranchPoints="1" sequenceCoverage="100" branchCoverage="100" maxCyclomaticComplexity="1" minCyclomaticComplexity="1" maxCrapScore="1" minCrapScore="1" visitedClasses="0" numClasses="0" visitedMethods="1" numMethods="1" />
              <MetadataToken>100663302</MetadataToken>
              <Name>MF6.Domain.Features.Impressoras.Impressora MF6.Infra.ORM.Features.Impressoras.ImpressoraRepositorio::PegarPorId(System.Int32)</Name>
              <FileRef uid="40" />
              <SequencePoints>
                <SequencePoint vc="2" uspid="311" ordinal="0" offset="0" sl="44" sc="9" el="44" ec="10" bec="0" bev="0" fileid="40" />
                <SequencePoint vc="2" uspid="312" ordinal="1" offset="1" sl="45" sc="13" el="45" ec="61" bec="0" bev="0" fileid="40" />
                <SequencePoint vc="2" uspid="313" ordinal="2" offset="35" sl="46" sc="9" el="46" ec="10" bec="0" bev="0" fileid="40" />
              </SequencePoints>
              <BranchPoints />
              <MethodPoint xsi:type="SequencePoint" vc="2" uspid="311" ordinal="0" offset="0" sl="44" sc="9" el="44" ec="10" bec="0" bev="0" fileid="40" />
            </Method>
            <Method visited="true" cyclomaticComplexity="1" nPathComplexity="0" sequenceCoverage="100" branchCoverage="100" crapScore="1" isConstructor="false" isStatic="false" isGetter="false" isSetter="false">
              <Summary numSequencePoints="3" visitedSequencePoints="3" numBranchPoints="1" visitedBranchPoints="1" sequenceCoverage="100" branchCoverage="100" maxCyclomaticComplexity="1" minCyclomaticComplexity="1" maxCrapScore="1" minCrapScore="1" visitedClasses="0" numClasses="0" visitedMethods="1" numMethods="1" />
              <MetadataToken>100663303</MetadataToken>
              <Name>System.Linq.IQueryable`1&lt;MF6.Domain.Features.Impressoras.Impressora&gt; MF6.Infra.ORM.Features.Impressoras.ImpressoraRepositorio::PegarTodos()</Name>
              <FileRef uid="40" />
              <SequencePoints>
                <SequencePoint vc="1" uspid="314" ordinal="0" offset="0" sl="49" sc="9" el="49" ec="10" bec="0" bev="0" fileid="40" />
                <SequencePoint vc="1" uspid="315" ordinal="1" offset="1" sl="50" sc="13" el="50" ec="61" bec="0" bev="0" fileid="40" />
                <SequencePoint vc="1" uspid="316" ordinal="2" offset="77" sl="51" sc="9" el="51" ec="10" bec="0" bev="0" fileid="40" />
              </SequencePoints>
              <BranchPoints />
              <MethodPoint xsi:type="SequencePoint" vc="1" uspid="314" ordinal="0" offset="0" sl="49" sc="9" el="49" ec="10" bec="0" bev="0" fileid="40" />
            </Method>
          </Methods>
        </Class>
        <Class>
          <Summary numSequencePoints="0" visitedSequencePoints="0" numBranchPoints="0" visitedBranchPoints="0" sequenceCoverage="0" branchCoverage="0" maxCyclomaticComplexity="1" minCyclomaticComplexity="1" maxCrapScore="2" minCrapScore="2" visitedClasses="0" numClasses="0" visitedMethods="0" numMethods="0" />
          <FullName>MF6.Infra.ORM.Features.Impressoras.ImpressoraRepositorio/&lt;&gt;c__DisplayClass3_0</FullName>
          <Methods>
            <Method visited="false" cyclomaticComplexity="1" nPathComplexity="0" sequenceCoverage="0" branchCoverage="0" crapScore="2" isConstructor="true" isStatic="false" isGetter="false" isSetter="false">
              <Summary numSequencePoints="0" visitedSequencePoints="0" numBranchPoints="0" visitedBranchPoints="0" sequenceCoverage="0" branchCoverage="0" maxCyclomaticComplexity="1" minCyclomaticComplexity="1" maxCrapScore="2" minCrapScore="2" visitedClasses="0" numClasses="0" visitedMethods="0" numMethods="0" />
              <MetadataToken>100663310</MetadataToken>
              <Name>System.Void MF6.Infra.ORM.Features.Impressoras.ImpressoraRepositorio/&lt;&gt;c__DisplayClass3_0::.ctor()</Name>
              <SequencePoints />
              <BranchPoints />
              <MethodPoint vc="0" uspid="317" ordinal="0" offset="0" />
            </Method>
          </Methods>
        </Class>
      </Classes>
    </Module>
  </Modules>
</CoverageSession>