<?xml version="1.0" encoding="utf-8"?>
<CoverageSession xmlns:xsd="http://www.w3.org/2001/XMLSchema" xmlns:xsi="http://www.w3.org/2001/XMLSchema-instance" Version="4.6.0.0">
  <Summary numSequencePoints="303" visitedSequencePoints="171" numBranchPoints="100" visitedBranchPoints="42" sequenceCoverage="56.44" branchCoverage="42" maxCyclomaticComplexity="5" minCyclomaticComplexity="1" maxCrapScore="30" minCrapScore="1" visitedClasses="14" numClasses="20" visitedMethods="36" numMethods="56" />
  <Modules>
    <Module hash="6A-89-A2-75-B9-39-3C-3D-7C-A7-5B-D3-2E-B9-E9-C6-73-2A-13-74">
      <Summary numSequencePoints="28" visitedSequencePoints="25" numBranchPoints="7" visitedBranchPoints="6" sequenceCoverage="89.29" branchCoverage="85.71" maxCyclomaticComplexity="1" minCyclomaticComplexity="1" maxCrapScore="2" minCrapScore="1" visitedClasses="2" numClasses="2" visitedMethods="6" numMethods="7" />
      <ModulePath>C:\Users\ndduser\Desktop\zanella\ZanellaProva\mf-orm\Zanella.ORM\Zanella.ORM.Infra.Data.Teste\bin\Debug\Zanella.ORM.Common.Teste.dll</ModulePath>
      <ModuleTime>2018-07-17T19:30:43.9589326Z</ModuleTime>
      <ModuleName>Zanella.ORM.Common.Teste</ModuleName>
      <Files>
        <File uid="1" fullPath="C:\Users\ndduser\Desktop\zanella\ZanellaProva\mf-orm\Zanella.ORM\Zanella.ORM.Common.Teste\Funcionalidades\Cargos\ObjectMotherCargo.cs" />
        <File uid="2" fullPath="C:\Users\ndduser\Desktop\zanella\ZanellaProva\mf-orm\Zanella.ORM\Zanella.ORM.Common.Teste\Funcionalidades\Departamentos\ObjectMotherDepartamento.cs" />
        <File uid="3" fullPath="C:\Users\ndduser\Desktop\zanella\ZanellaProva\mf-orm\Zanella.ORM\Zanella.ORM.Common.Teste\Funcionalidades\Dependente\ObjectMotherDependente.cs" />
        <File uid="4" fullPath="C:\Users\ndduser\Desktop\zanella\ZanellaProva\mf-orm\Zanella.ORM\Zanella.ORM.Common.Teste\Funcionalidades\Endereco\ObjectMotherEndereco.cs" />
        <File uid="5" fullPath="C:\Users\ndduser\Desktop\zanella\ZanellaProva\mf-orm\Zanella.ORM\Zanella.ORM.Common.Teste\Funcionalidades\Funcionarios\ObjectMotherFuncionarios.cs" />
        <File uid="6" fullPath="C:\Users\ndduser\Desktop\zanella\ZanellaProva\mf-orm\Zanella.ORM\Zanella.ORM.Common.Teste\Funcionalidades\Projetos\ObjectMotherProjetos.cs" />
        <File uid="7" fullPath="C:\Users\ndduser\Desktop\zanella\ZanellaProva\mf-orm\Zanella.ORM\Zanella.ORM.Common.Teste\Base\BaseSqlTest.cs" />
      </Files>
      <Classes>
        <Class>
          <Summary numSequencePoints="18" visitedSequencePoints="15" numBranchPoints="6" visitedBranchPoints="5" sequenceCoverage="83.33" branchCoverage="83.33" maxCyclomaticComplexity="1" minCyclomaticComplexity="1" maxCrapScore="2" minCrapScore="1" visitedClasses="1" numClasses="1" visitedMethods="5" numMethods="6" />
          <FullName>Zanella.ORM.Common.Teste.Funcionalidades.ObjectMother</FullName>
          <Methods>
            <Method visited="true" cyclomaticComplexity="1" nPathComplexity="0" sequenceCoverage="100" branchCoverage="100" crapScore="1" isConstructor="false" isStatic="true" isGetter="false" isSetter="false">
              <Summary numSequencePoints="3" visitedSequencePoints="3" numBranchPoints="1" visitedBranchPoints="1" sequenceCoverage="100" branchCoverage="100" maxCyclomaticComplexity="1" minCyclomaticComplexity="1" maxCrapScore="1" minCrapScore="1" visitedClasses="0" numClasses="0" visitedMethods="1" numMethods="1" />
              <MetadataToken>100663297</MetadataToken>
              <Name>Zanella.ORM.Domain.Funcionalidades.Cargos.Cargo Zanella.ORM.Common.Teste.Funcionalidades.ObjectMother::CargoValido()</Name>
              <FileRef uid="1" />
              <SequencePoints>
                <SequencePoint vc="34" uspid="1" ordinal="0" offset="0" sl="8" sc="9" el="8" ec="10" bec="0" bev="0" fileid="1" />
                <SequencePoint vc="34" uspid="2" ordinal="1" offset="1" sl="9" sc="13" el="13" ec="15" bec="0" bev="0" fileid="1" />
                <SequencePoint vc="34" uspid="3" ordinal="2" offset="30" sl="14" sc="9" el="14" ec="10" bec="0" bev="0" fileid="1" />
              </SequencePoints>
              <BranchPoints />
              <MethodPoint xsi:type="SequencePoint" vc="34" uspid="1" ordinal="0" offset="0" sl="8" sc="9" el="8" ec="10" bec="0" bev="0" fileid="1" />
            </Method>
            <Method visited="true" cyclomaticComplexity="1" nPathComplexity="0" sequenceCoverage="100" branchCoverage="100" crapScore="1" isConstructor="false" isStatic="true" isGetter="false" isSetter="false">
              <Summary numSequencePoints="3" visitedSequencePoints="3" numBranchPoints="1" visitedBranchPoints="1" sequenceCoverage="100" branchCoverage="100" maxCyclomaticComplexity="1" minCyclomaticComplexity="1" maxCrapScore="1" minCrapScore="1" visitedClasses="0" numClasses="0" visitedMethods="1" numMethods="1" />
              <MetadataToken>100663298</MetadataToken>
              <Name>Zanella.ORM.Domain.Funcionalidades.Departamentos.Departamento Zanella.ORM.Common.Teste.Funcionalidades.ObjectMother::DepartamentoValido()</Name>
              <FileRef uid="2" />
              <SequencePoints>
                <SequencePoint vc="34" uspid="4" ordinal="0" offset="0" sl="8" sc="9" el="8" ec="10" bec="0" bev="0" fileid="2" />
                <SequencePoint vc="34" uspid="5" ordinal="1" offset="1" sl="9" sc="13" el="13" ec="15" bec="0" bev="0" fileid="2" />
                <SequencePoint vc="34" uspid="6" ordinal="2" offset="30" sl="14" sc="9" el="14" ec="10" bec="0" bev="0" fileid="2" />
              </SequencePoints>
              <BranchPoints />
              <MethodPoint xsi:type="SequencePoint" vc="34" uspid="4" ordinal="0" offset="0" sl="8" sc="9" el="8" ec="10" bec="0" bev="0" fileid="2" />
            </Method>
            <Method visited="true" cyclomaticComplexity="1" nPathComplexity="0" sequenceCoverage="100" branchCoverage="100" crapScore="1" isConstructor="false" isStatic="true" isGetter="false" isSetter="false">
              <Summary numSequencePoints="3" visitedSequencePoints="3" numBranchPoints="1" visitedBranchPoints="1" sequenceCoverage="100" branchCoverage="100" maxCyclomaticComplexity="1" minCyclomaticComplexity="1" maxCrapScore="1" minCrapScore="1" visitedClasses="0" numClasses="0" visitedMethods="1" numMethods="1" />
              <MetadataToken>100663299</MetadataToken>
              <Name>Zanella.ORM.Domain.Funcionalidades.Dependentes.Dependente Zanella.ORM.Common.Teste.Funcionalidades.ObjectMother::DependenteValido()</Name>
              <FileRef uid="3" />
              <SequencePoints>
                <SequencePoint vc="17" uspid="7" ordinal="0" offset="0" sl="14" sc="9" el="14" ec="10" bec="0" bev="0" fileid="3" />
                <SequencePoint vc="17" uspid="8" ordinal="1" offset="1" sl="15" sc="13" el="21" ec="15" bec="0" bev="0" fileid="3" />
                <SequencePoint vc="17" uspid="9" ordinal="2" offset="63" sl="22" sc="9" el="22" ec="10" bec="0" bev="0" fileid="3" />
              </SequencePoints>
              <BranchPoints />
              <MethodPoint xsi:type="SequencePoint" vc="17" uspid="7" ordinal="0" offset="0" sl="14" sc="9" el="14" ec="10" bec="0" bev="0" fileid="3" />
            </Method>
            <Method visited="true" cyclomaticComplexity="1" nPathComplexity="0" sequenceCoverage="100" branchCoverage="100" crapScore="1" isConstructor="false" isStatic="true" isGetter="false" isSetter="false">
              <Summary numSequencePoints="3" visitedSequencePoints="3" numBranchPoints="1" visitedBranchPoints="1" sequenceCoverage="100" branchCoverage="100" maxCyclomaticComplexity="1" minCyclomaticComplexity="1" maxCrapScore="1" minCrapScore="1" visitedClasses="0" numClasses="0" visitedMethods="1" numMethods="1" />
              <MetadataToken>100663300</MetadataToken>
              <Name>Zanella.ORM.Domain.Funcionalidades.Enderecos.Endereco Zanella.ORM.Common.Teste.Funcionalidades.ObjectMother::EnderecoValido()</Name>
              <FileRef uid="4" />
              <SequencePoints>
                <SequencePoint vc="17" uspid="10" ordinal="0" offset="0" sl="8" sc="9" el="8" ec="10" bec="0" bev="0" fileid="4" />
                <SequencePoint vc="17" uspid="11" ordinal="1" offset="1" sl="9" sc="13" el="17" ec="15" bec="0" bev="0" fileid="4" />
                <SequencePoint vc="17" uspid="12" ordinal="2" offset="81" sl="18" sc="9" el="18" ec="10" bec="0" bev="0" fileid="4" />
              </SequencePoints>
              <BranchPoints />
              <MethodPoint xsi:type="SequencePoint" vc="17" uspid="10" ordinal="0" offset="0" sl="8" sc="9" el="8" ec="10" bec="0" bev="0" fileid="4" />
            </Method>
            <Method visited="true" cyclomaticComplexity="1" nPathComplexity="0" sequenceCoverage="100" branchCoverage="100" crapScore="1" isConstructor="false" isStatic="true" isGetter="false" isSetter="false">
              <Summary numSequencePoints="3" visitedSequencePoints="3" numBranchPoints="1" visitedBranchPoints="1" sequenceCoverage="100" branchCoverage="100" maxCyclomaticComplexity="1" minCyclomaticComplexity="1" maxCrapScore="1" minCrapScore="1" visitedClasses="0" numClasses="0" visitedMethods="1" numMethods="1" />
              <MetadataToken>100663301</MetadataToken>
              <Name>Zanella.ORM.Domain.Funcionalidades.Funcionarios.Funcionario Zanella.ORM.Common.Teste.Funcionalidades.ObjectMother::FuncionarioValido()</Name>
              <FileRef uid="5" />
              <SequencePoints>
                <SequencePoint vc="17" uspid="13" ordinal="0" offset="0" sl="14" sc="9" el="14" ec="10" bec="0" bev="0" fileid="5" />
                <SequencePoint vc="17" uspid="14" ordinal="1" offset="1" sl="15" sc="13" el="23" ec="15" bec="0" bev="0" fileid="5" />
                <SequencePoint vc="17" uspid="15" ordinal="2" offset="66" sl="24" sc="9" el="24" ec="10" bec="0" bev="0" fileid="5" />
              </SequencePoints>
              <BranchPoints />
              <MethodPoint xsi:type="SequencePoint" vc="17" uspid="13" ordinal="0" offset="0" sl="14" sc="9" el="14" ec="10" bec="0" bev="0" fileid="5" />
            </Method>
            <Method visited="false" cyclomaticComplexity="1" nPathComplexity="0" sequenceCoverage="0" branchCoverage="0" crapScore="2" isConstructor="false" isStatic="true" isGetter="false" isSetter="false">
              <Summary numSequencePoints="3" visitedSequencePoints="0" numBranchPoints="1" visitedBranchPoints="0" sequenceCoverage="0" branchCoverage="0" maxCyclomaticComplexity="1" minCyclomaticComplexity="1" maxCrapScore="2" minCrapScore="2" visitedClasses="0" numClasses="0" visitedMethods="0" numMethods="1" />
              <MetadataToken>100663302</MetadataToken>
              <Name>Zanella.ORM.Domain.Funcionalidades.Projetos.Projeto Zanella.ORM.Common.Teste.Funcionalidades.ObjectMother::ProjetoValido()</Name>
              <FileRef uid="6" />
              <SequencePoints>
                <SequencePoint vc="0" uspid="16" ordinal="0" offset="0" sl="14" sc="9" el="14" ec="10" bec="0" bev="0" fileid="6" />
                <SequencePoint vc="0" uspid="17" ordinal="1" offset="1" sl="15" sc="13" el="21" ec="15" bec="0" bev="0" fileid="6" />
                <SequencePoint vc="0" uspid="18" ordinal="2" offset="66" sl="22" sc="9" el="22" ec="10" bec="0" bev="0" fileid="6" />
              </SequencePoints>
              <BranchPoints />
              <MethodPoint xsi:type="SequencePoint" vc="0" uspid="16" ordinal="0" offset="0" sl="14" sc="9" el="14" ec="10" bec="0" bev="0" fileid="6" />
            </Method>
          </Methods>
        </Class>
        <Class>
          <Summary numSequencePoints="10" visitedSequencePoints="10" numBranchPoints="1" visitedBranchPoints="1" sequenceCoverage="100" branchCoverage="100" maxCyclomaticComplexity="1" minCyclomaticComplexity="1" maxCrapScore="2" minCrapScore="1" visitedClasses="1" numClasses="1" visitedMethods="1" numMethods="1" />
          <FullName>Zanella.ORM.Common.Teste.Base.BaseSqlTest</FullName>
          <Methods>
            <Method visited="true" cyclomaticComplexity="1" nPathComplexity="0" sequenceCoverage="100" branchCoverage="100" crapScore="1" isConstructor="false" isStatic="false" isGetter="false" isSetter="false">
              <Summary numSequencePoints="10" visitedSequencePoints="10" numBranchPoints="1" visitedBranchPoints="1" sequenceCoverage="100" branchCoverage="100" maxCyclomaticComplexity="1" minCyclomaticComplexity="1" maxCrapScore="1" minCrapScore="1" visitedClasses="0" numClasses="0" visitedMethods="1" numMethods="1" />
              <MetadataToken>100663303</MetadataToken>
              <Name>System.Void Zanella.ORM.Common.Teste.Base.BaseSqlTest::Seed(Zanella.ORM.Infra.Data.Contexto.ORMContexto)</Name>
              <FileRef uid="7" />
              <SequencePoints>
                <SequencePoint vc="15" uspid="19" ordinal="0" offset="0" sl="13" sc="9" el="13" ec="10" bec="0" bev="0" fileid="7" />
                <SequencePoint vc="15" uspid="20" ordinal="1" offset="1" sl="14" sc="13" el="14" ec="54" bec="0" bev="0" fileid="7" />
                <SequencePoint vc="15" uspid="21" ordinal="2" offset="7" sl="15" sc="13" el="15" ec="40" bec="0" bev="0" fileid="7" />
                <SequencePoint vc="15" uspid="22" ordinal="3" offset="20" sl="17" sc="13" el="17" ec="66" bec="0" bev="0" fileid="7" />
                <SequencePoint vc="15" uspid="23" ordinal="4" offset="26" sl="18" sc="13" el="18" ec="45" bec="0" bev="0" fileid="7" />
                <SequencePoint vc="15" uspid="24" ordinal="5" offset="39" sl="20" sc="13" el="20" ec="69" bec="0" bev="0" fileid="7" />
                <SequencePoint vc="15" uspid="25" ordinal="6" offset="45" sl="21" sc="13" el="21" ec="50" bec="0" bev="0" fileid="7" />
                <SequencePoint vc="15" uspid="26" ordinal="7" offset="58" sl="23" sc="13" el="23" ec="36" bec="0" bev="0" fileid="7" />
                <SequencePoint vc="15" uspid="27" ordinal="8" offset="65" sl="25" sc="13" el="25" ec="33" bec="0" bev="0" fileid="7" />
                <SequencePoint vc="15" uspid="28" ordinal="9" offset="73" sl="26" sc="9" el="26" ec="10" bec="0" bev="0" fileid="7" />
              </SequencePoints>
              <BranchPoints />
              <MethodPoint xsi:type="SequencePoint" vc="15" uspid="19" ordinal="0" offset="0" sl="13" sc="9" el="13" ec="10" bec="0" bev="0" fileid="7" />
            </Method>
            <Method visited="false" cyclomaticComplexity="1" nPathComplexity="0" sequenceCoverage="0" branchCoverage="0" crapScore="2" isConstructor="true" isStatic="false" isGetter="false" isSetter="false">
              <Summary numSequencePoints="0" visitedSequencePoints="0" numBranchPoints="0" visitedBranchPoints="0" sequenceCoverage="0" branchCoverage="0" maxCyclomaticComplexity="1" minCyclomaticComplexity="1" maxCrapScore="2" minCrapScore="2" visitedClasses="0" numClasses="0" visitedMethods="0" numMethods="0" />
              <MetadataToken>100663304</MetadataToken>
              <Name>System.Void Zanella.ORM.Common.Teste.Base.BaseSqlTest::.ctor()</Name>
              <SequencePoints />
              <BranchPoints />
              <MethodPoint vc="0" uspid="29" ordinal="0" offset="0" />
            </Method>
          </Methods>
        </Class>
      </Classes>
    </Module>
    <Module hash="DD-E0-36-29-0B-91-E7-AD-EF-7D-BC-78-44-7F-24-BC-D2-13-01-3E">
      <Summary numSequencePoints="223" visitedSequencePoints="134" numBranchPoints="60" visitedBranchPoints="34" sequenceCoverage="60.09" branchCoverage="56.67" maxCyclomaticComplexity="5" minCyclomaticComplexity="1" maxCrapScore="17.30" minCrapScore="1" visitedClasses="10" numClasses="12" visitedMethods="28" numMethods="40" />
      <ModulePath>C:\Users\ndduser\Desktop\zanella\ZanellaProva\mf-orm\Zanella.ORM\Zanella.ORM.Infra.Data.Teste\bin\Debug\Zanella.ORM.Infra.Data.dll</ModulePath>
      <ModuleTime>2018-07-17T19:26:27.3307644Z</ModuleTime>
      <ModuleName>Zanella.ORM.Infra.Data</ModuleName>
      <Files>
        <File uid="15" fullPath="C:\Users\ndduser\Desktop\zanella\ZanellaProva\mf-orm\Zanella.ORM\Zanella.ORM.Infra.Data\Funcionalidades\Projetos\ProjetoConfiguracao.cs" />
        <File uid="16" fullPath="C:\Users\ndduser\Desktop\zanella\ZanellaProva\mf-orm\Zanella.ORM\Zanella.ORM.Infra.Data\Funcionalidades\Projetos\ProjetoRepositorio.cs" />
        <File uid="17" fullPath="C:\Users\ndduser\Desktop\zanella\ZanellaProva\mf-orm\Zanella.ORM\Zanella.ORM.Infra.Data\Funcionalidades\Funcionarios\FuncionarioConfiguracao.cs" />
        <File uid="18" fullPath="C:\Users\ndduser\Desktop\zanella\ZanellaProva\mf-orm\Zanella.ORM\Zanella.ORM.Infra.Data\Funcionalidades\Funcionarios\FuncionarioRepositorio.cs" />
        <File uid="19" fullPath="C:\Users\ndduser\Desktop\zanella\ZanellaProva\mf-orm\Zanella.ORM\Zanella.ORM.Infra.Data\Funcionalidades\Dependentes\DependenteConfiguracao.cs" />
        <File uid="20" fullPath="C:\Users\ndduser\Desktop\zanella\ZanellaProva\mf-orm\Zanella.ORM\Zanella.ORM.Infra.Data\Funcionalidades\Dependentes\DependenteRepositorio.cs" />
        <File uid="21" fullPath="C:\Users\ndduser\Desktop\zanella\ZanellaProva\mf-orm\Zanella.ORM\Zanella.ORM.Infra.Data\Funcionalidades\Departamentos\DepartamentoConfiguracao.cs" />
        <File uid="22" fullPath="C:\Users\ndduser\Desktop\zanella\ZanellaProva\mf-orm\Zanella.ORM\Zanella.ORM.Infra.Data\Funcionalidades\Departamentos\DepartamentoRepositorio.cs" />
        <File uid="23" fullPath="C:\Users\ndduser\Desktop\zanella\ZanellaProva\mf-orm\Zanella.ORM\Zanella.ORM.Infra.Data\Funcionalidades\Cargos\CargoConfiguracao.cs" />
        <File uid="24" fullPath="C:\Users\ndduser\Desktop\zanella\ZanellaProva\mf-orm\Zanella.ORM\Zanella.ORM.Infra.Data\Funcionalidades\Cargos\CargoRepositorio.cs" />
        <File uid="25" fullPath="C:\Users\ndduser\Desktop\zanella\ZanellaProva\mf-orm\Zanella.ORM\Zanella.ORM.Infra.Data\Contexto\ORMContexto.cs" />
      </Files>
      <Classes>
        <Class>
          <Summary numSequencePoints="7" visitedSequencePoints="7" numBranchPoints="1" visitedBranchPoints="1" sequenceCoverage="100" branchCoverage="100" maxCyclomaticComplexity="1" minCyclomaticComplexity="1" maxCrapScore="1" minCrapScore="1" visitedClasses="1" numClasses="1" visitedMethods="1" numMethods="1" />
          <FullName>Zanella.ORM.Infra.Data.Funcionalidades.Projetos.ProjetoConfiguracao</FullName>
          <Methods>
            <Method visited="true" cyclomaticComplexity="1" nPathComplexity="0" sequenceCoverage="100" branchCoverage="100" crapScore="1" isConstructor="true" isStatic="false" isGetter="false" isSetter="false">
              <Summary numSequencePoints="7" visitedSequencePoints="7" numBranchPoints="1" visitedBranchPoints="1" sequenceCoverage="100" branchCoverage="100" maxCyclomaticComplexity="1" minCyclomaticComplexity="1" maxCrapScore="1" minCrapScore="1" visitedClasses="0" numClasses="0" visitedMethods="1" numMethods="1" />
              <MetadataToken>100663297</MetadataToken>
              <Name>System.Void Zanella.ORM.Infra.Data.Funcionalidades.Projetos.ProjetoConfiguracao::.ctor()</Name>
              <FileRef uid="15" />
              <SequencePoints>
                <SequencePoint vc="1" uspid="30" ordinal="0" offset="0" sl="13" sc="9" el="13" ec="37" bec="0" bev="0" fileid="15" />
                <SequencePoint vc="1" uspid="31" ordinal="1" offset="7" sl="14" sc="9" el="14" ec="10" bec="0" bev="0" fileid="15" />
                <SequencePoint vc="1" uspid="32" ordinal="2" offset="8" sl="15" sc="13" el="15" ec="34" bec="0" bev="0" fileid="15" />
                <SequencePoint vc="1" uspid="33" ordinal="3" offset="20" sl="17" sc="13" el="17" ec="55" bec="0" bev="0" fileid="15" />
                <SequencePoint vc="1" uspid="34" ordinal="4" offset="89" sl="18" sc="13" el="18" ec="56" bec="0" bev="0" fileid="15" />
                <SequencePoint vc="1" uspid="35" ordinal="5" offset="158" sl="20" sc="13" el="20" ec="31" bec="0" bev="0" fileid="15" />
                <SequencePoint vc="1" uspid="36" ordinal="6" offset="222" sl="21" sc="9" el="21" ec="10" bec="0" bev="0" fileid="15" />
              </SequencePoints>
              <BranchPoints />
              <MethodPoint xsi:type="SequencePoint" vc="1" uspid="30" ordinal="0" offset="0" sl="13" sc="9" el="13" ec="37" bec="0" bev="0" fileid="15" />
            </Method>
          </Methods>
        </Class>
        <Class>
          <Summary numSequencePoints="0" visitedSequencePoints="0" numBranchPoints="0" visitedBranchPoints="0" sequenceCoverage="0" branchCoverage="0" maxCyclomaticComplexity="1" minCyclomaticComplexity="1" maxCrapScore="2" minCrapScore="2" visitedClasses="0" numClasses="0" visitedMethods="0" numMethods="0" />
          <FullName>Zanella.ORM.Infra.Data.Funcionalidades.Projetos.ProjetoConfiguracao/&lt;&gt;c</FullName>
          <Methods>
            <Method visited="false" cyclomaticComplexity="1" nPathComplexity="0" sequenceCoverage="0" branchCoverage="0" crapScore="2" isConstructor="true" isStatic="true" isGetter="false" isSetter="false">
              <Summary numSequencePoints="0" visitedSequencePoints="0" numBranchPoints="0" visitedBranchPoints="0" sequenceCoverage="0" branchCoverage="0" maxCyclomaticComplexity="1" minCyclomaticComplexity="1" maxCrapScore="2" minCrapScore="2" visitedClasses="0" numClasses="0" visitedMethods="0" numMethods="0" />
              <MetadataToken>100663345</MetadataToken>
              <Name>System.Void Zanella.ORM.Infra.Data.Funcionalidades.Projetos.ProjetoConfiguracao/&lt;&gt;c::.cctor()</Name>
              <SequencePoints />
              <BranchPoints />
              <MethodPoint vc="0" uspid="37" ordinal="0" offset="0" />
            </Method>
            <Method visited="false" cyclomaticComplexity="1" nPathComplexity="0" sequenceCoverage="0" branchCoverage="0" crapScore="2" isConstructor="true" isStatic="false" isGetter="false" isSetter="false">
              <Summary numSequencePoints="0" visitedSequencePoints="0" numBranchPoints="0" visitedBranchPoints="0" sequenceCoverage="0" branchCoverage="0" maxCyclomaticComplexity="1" minCyclomaticComplexity="1" maxCrapScore="2" minCrapScore="2" visitedClasses="0" numClasses="0" visitedMethods="0" numMethods="0" />
              <MetadataToken>100663346</MetadataToken>
              <Name>System.Void Zanella.ORM.Infra.Data.Funcionalidades.Projetos.ProjetoConfiguracao/&lt;&gt;c::.ctor()</Name>
              <SequencePoints />
              <BranchPoints />
              <MethodPoint vc="0" uspid="38" ordinal="0" offset="0" />
            </Method>
          </Methods>
        </Class>
        <Class>
          <Summary numSequencePoints="31" visitedSequencePoints="0" numBranchPoints="10" visitedBranchPoints="0" sequenceCoverage="0" branchCoverage="0" maxCyclomaticComplexity="2" minCyclomaticComplexity="1" maxCrapScore="6" minCrapScore="2" visitedClasses="0" numClasses="1" visitedMethods="0" numMethods="6" />
          <FullName>Zanella.ORM.Infra.Data.Funcionalidades.Projetos.ProjetoRepositorio</FullName>
          <Methods>
            <Method visited="false" cyclomaticComplexity="1" nPathComplexity="0" sequenceCoverage="0" branchCoverage="0" crapScore="2" isConstructor="true" isStatic="false" isGetter="false" isSetter="false">
              <Summary numSequencePoints="4" visitedSequencePoints="0" numBranchPoints="1" visitedBranchPoints="0" sequenceCoverage="0" branchCoverage="0" maxCyclomaticComplexity="1" minCyclomaticComplexity="1" maxCrapScore="2" minCrapScore="2" visitedClasses="0" numClasses="0" visitedMethods="0" numMethods="1" />
              <MetadataToken>100663298</MetadataToken>
              <Name>System.Void Zanella.ORM.Infra.Data.Funcionalidades.Projetos.ProjetoRepositorio::.ctor(Zanella.ORM.Infra.Data.Contexto.ORMContexto)</Name>
              <FileRef uid="16" />
              <SequencePoints>
                <SequencePoint vc="0" uspid="39" ordinal="0" offset="0" sl="14" sc="9" el="14" ec="56" bec="0" bev="0" fileid="16" />
                <SequencePoint vc="0" uspid="40" ordinal="1" offset="7" sl="15" sc="9" el="15" ec="10" bec="0" bev="0" fileid="16" />
                <SequencePoint vc="0" uspid="41" ordinal="2" offset="8" sl="16" sc="13" el="16" ec="34" bec="0" bev="0" fileid="16" />
                <SequencePoint vc="0" uspid="42" ordinal="3" offset="15" sl="17" sc="9" el="17" ec="10" bec="0" bev="0" fileid="16" />
              </SequencePoints>
              <BranchPoints />
              <MethodPoint xsi:type="SequencePoint" vc="0" uspid="39" ordinal="0" offset="0" sl="14" sc="9" el="14" ec="56" bec="0" bev="0" fileid="16" />
            </Method>
            <Method visited="false" cyclomaticComplexity="2" nPathComplexity="2" sequenceCoverage="0" branchCoverage="0" crapScore="6" isConstructor="false" isStatic="false" isGetter="false" isSetter="false">
              <Summary numSequencePoints="9" visitedSequencePoints="0" numBranchPoints="3" visitedBranchPoints="0" sequenceCoverage="0" branchCoverage="0" maxCyclomaticComplexity="2" minCyclomaticComplexity="2" maxCrapScore="6" minCrapScore="6" visitedClasses="0" numClasses="0" visitedMethods="0" numMethods="1" />
              <MetadataToken>100663299</MetadataToken>
              <Name>Zanella.ORM.Domain.Funcionalidades.Projetos.Projeto Zanella.ORM.Infra.Data.Funcionalidades.Projetos.ProjetoRepositorio::Atualizar(Zanella.ORM.Domain.Funcionalidades.Projetos.Projeto)</Name>
              <FileRef uid="16" />
              <SequencePoints>
                <SequencePoint vc="0" uspid="43" ordinal="0" offset="0" sl="20" sc="9" el="20" ec="10" bec="0" bev="0" fileid="16" />
                <SequencePoint vc="0" uspid="44" ordinal="1" offset="1" sl="21" sc="13" el="21" ec="69" bec="0" bev="0" fileid="16" />
                <SequencePoint vc="0" uspid="45" ordinal="2" offset="19" sl="23" sc="13" el="23" ec="61" bec="2" bev="0" fileid="16" />
                <SequencePoint vc="0" uspid="46" ordinal="3" offset="32" sl="24" sc="13" el="24" ec="14" bec="0" bev="0" fileid="16" />
                <SequencePoint vc="0" uspid="47" ordinal="4" offset="33" sl="25" sc="17" el="25" ec="53" bec="0" bev="0" fileid="16" />
                <SequencePoint vc="0" uspid="48" ordinal="5" offset="51" sl="26" sc="13" el="26" ec="14" bec="0" bev="0" fileid="16" />
                <SequencePoint vc="0" uspid="49" ordinal="6" offset="52" sl="27" sc="13" el="27" ec="37" bec="0" bev="0" fileid="16" />
                <SequencePoint vc="0" uspid="50" ordinal="7" offset="64" sl="29" sc="13" el="29" ec="29" bec="0" bev="0" fileid="16" />
                <SequencePoint vc="0" uspid="51" ordinal="8" offset="68" sl="30" sc="9" el="30" ec="10" bec="0" bev="0" fileid="16" />
              </SequencePoints>
              <BranchPoints>
                <BranchPoint vc="0" uspid="52" ordinal="0" offset="30" sl="23" path="0" offsetend="32" fileid="16" />
                <BranchPoint vc="0" uspid="53" ordinal="1" offset="30" sl="23" path="1" offsetend="52" fileid="16" />
              </BranchPoints>
              <MethodPoint xsi:type="SequencePoint" vc="0" uspid="43" ordinal="0" offset="0" sl="20" sc="9" el="20" ec="10" bec="0" bev="0" fileid="16" />
            </Method>
            <Method visited="false" cyclomaticComplexity="2" nPathComplexity="2" sequenceCoverage="0" branchCoverage="0" crapScore="6" isConstructor="false" isStatic="false" isGetter="false" isSetter="false">
              <Summary numSequencePoints="7" visitedSequencePoints="0" numBranchPoints="3" visitedBranchPoints="0" sequenceCoverage="0" branchCoverage="0" maxCyclomaticComplexity="2" minCyclomaticComplexity="2" maxCrapScore="6" minCrapScore="6" visitedClasses="0" numClasses="0" visitedMethods="0" numMethods="1" />
              <MetadataToken>100663300</MetadataToken>
              <Name>System.Void Zanella.ORM.Infra.Data.Funcionalidades.Projetos.ProjetoRepositorio::Deletar(Zanella.ORM.Domain.Funcionalidades.Projetos.Projeto)</Name>
              <FileRef uid="16" />
              <SequencePoints>
                <SequencePoint vc="0" uspid="54" ordinal="0" offset="0" sl="33" sc="9" el="33" ec="10" bec="0" bev="0" fileid="16" />
                <SequencePoint vc="0" uspid="55" ordinal="1" offset="1" sl="34" sc="13" el="34" ec="69" bec="0" bev="0" fileid="16" />
                <SequencePoint vc="0" uspid="56" ordinal="2" offset="19" sl="36" sc="13" el="36" ec="61" bec="2" bev="0" fileid="16" />
                <SequencePoint vc="0" uspid="57" ordinal="3" offset="32" sl="37" sc="17" el="37" ec="53" bec="0" bev="0" fileid="16" />
                <SequencePoint vc="0" uspid="58" ordinal="4" offset="50" sl="39" sc="13" el="39" ec="49" bec="0" bev="0" fileid="16" />
                <SequencePoint vc="0" uspid="59" ordinal="5" offset="68" sl="41" sc="13" el="41" ec="37" bec="0" bev="0" fileid="16" />
                <SequencePoint vc="0" uspid="60" ordinal="6" offset="80" sl="42" sc="9" el="42" ec="10" bec="0" bev="0" fileid="16" />
              </SequencePoints>
              <BranchPoints>
                <BranchPoint vc="0" uspid="61" ordinal="0" offset="30" sl="36" path="0" offsetend="32" fileid="16" />
                <BranchPoint vc="0" uspid="62" ordinal="1" offset="30" sl="36" path="1" offsetend="50" fileid="16" />
              </BranchPoints>
              <MethodPoint xsi:type="SequencePoint" vc="0" uspid="54" ordinal="0" offset="0" sl="33" sc="9" el="33" ec="10" bec="0" bev="0" fileid="16" />
            </Method>
            <Method visited="false" cyclomaticComplexity="1" nPathComplexity="0" sequenceCoverage="0" branchCoverage="0" crapScore="2" isConstructor="false" isStatic="false" isGetter="false" isSetter="false">
              <Summary numSequencePoints="3" visitedSequencePoints="0" numBranchPoints="1" visitedBranchPoints="0" sequenceCoverage="0" branchCoverage="0" maxCyclomaticComplexity="1" minCyclomaticComplexity="1" maxCrapScore="2" minCrapScore="2" visitedClasses="0" numClasses="0" visitedMethods="0" numMethods="1" />
              <MetadataToken>100663301</MetadataToken>
              <Name>Zanella.ORM.Domain.Funcionalidades.Projetos.Projeto Zanella.ORM.Infra.Data.Funcionalidades.Projetos.ProjetoRepositorio::PegarPorId(System.Int64)</Name>
              <FileRef uid="16" />
              <SequencePoints>
                <SequencePoint vc="0" uspid="63" ordinal="0" offset="0" sl="45" sc="9" el="45" ec="10" bec="0" bev="0" fileid="16" />
                <SequencePoint vc="0" uspid="64" ordinal="1" offset="1" sl="46" sc="13" el="46" ec="48" bec="0" bev="0" fileid="16" />
                <SequencePoint vc="0" uspid="65" ordinal="2" offset="35" sl="47" sc="9" el="47" ec="10" bec="0" bev="0" fileid="16" />
              </SequencePoints>
              <BranchPoints />
              <MethodPoint xsi:type="SequencePoint" vc="0" uspid="63" ordinal="0" offset="0" sl="45" sc="9" el="45" ec="10" bec="0" bev="0" fileid="16" />
            </Method>
            <Method visited="false" cyclomaticComplexity="1" nPathComplexity="0" sequenceCoverage="0" branchCoverage="0" crapScore="2" isConstructor="false" isStatic="false" isGetter="false" isSetter="false">
              <Summary numSequencePoints="3" visitedSequencePoints="0" numBranchPoints="1" visitedBranchPoints="0" sequenceCoverage="0" branchCoverage="0" maxCyclomaticComplexity="1" minCyclomaticComplexity="1" maxCrapScore="2" minCrapScore="2" visitedClasses="0" numClasses="0" visitedMethods="0" numMethods="1" />
              <MetadataToken>100663302</MetadataToken>
              <Name>System.Collections.Generic.IEnumerable`1&lt;Zanella.ORM.Domain.Funcionalidades.Projetos.Projeto&gt; Zanella.ORM.Infra.Data.Funcionalidades.Projetos.ProjetoRepositorio::PegarTodos()</Name>
              <FileRef uid="16" />
              <SequencePoints>
                <SequencePoint vc="0" uspid="66" ordinal="0" offset="0" sl="50" sc="9" el="50" ec="10" bec="0" bev="0" fileid="16" />
                <SequencePoint vc="0" uspid="67" ordinal="1" offset="1" sl="51" sc="13" el="51" ec="76" bec="0" bev="0" fileid="16" />
                <SequencePoint vc="0" uspid="68" ordinal="2" offset="82" sl="52" sc="9" el="52" ec="10" bec="0" bev="0" fileid="16" />
              </SequencePoints>
              <BranchPoints />
              <MethodPoint xsi:type="SequencePoint" vc="0" uspid="66" ordinal="0" offset="0" sl="50" sc="9" el="50" ec="10" bec="0" bev="0" fileid="16" />
            </Method>
            <Method visited="false" cyclomaticComplexity="1" nPathComplexity="0" sequenceCoverage="0" branchCoverage="0" crapScore="2" isConstructor="false" isStatic="false" isGetter="false" isSetter="false">
              <Summary numSequencePoints="5" visitedSequencePoints="0" numBranchPoints="1" visitedBranchPoints="0" sequenceCoverage="0" branchCoverage="0" maxCyclomaticComplexity="1" minCyclomaticComplexity="1" maxCrapScore="2" minCrapScore="2" visitedClasses="0" numClasses="0" visitedMethods="0" numMethods="1" />
              <MetadataToken>100663303</MetadataToken>
              <Name>Zanella.ORM.Domain.Funcionalidades.Projetos.Projeto Zanella.ORM.Infra.Data.Funcionalidades.Projetos.ProjetoRepositorio::Salvar(Zanella.ORM.Domain.Funcionalidades.Projetos.Projeto)</Name>
              <FileRef uid="16" />
              <SequencePoints>
                <SequencePoint vc="0" uspid="69" ordinal="0" offset="0" sl="55" sc="9" el="55" ec="10" bec="0" bev="0" fileid="16" />
                <SequencePoint vc="0" uspid="70" ordinal="1" offset="1" sl="56" sc="13" el="56" ec="46" bec="0" bev="0" fileid="16" />
                <SequencePoint vc="0" uspid="71" ordinal="2" offset="19" sl="57" sc="13" el="57" ec="37" bec="0" bev="0" fileid="16" />
                <SequencePoint vc="0" uspid="72" ordinal="3" offset="31" sl="59" sc="13" el="59" ec="29" bec="0" bev="0" fileid="16" />
                <SequencePoint vc="0" uspid="73" ordinal="4" offset="35" sl="60" sc="9" el="60" ec="10" bec="0" bev="0" fileid="16" />
              </SequencePoints>
              <BranchPoints />
              <MethodPoint xsi:type="SequencePoint" vc="0" uspid="69" ordinal="0" offset="0" sl="55" sc="9" el="55" ec="10" bec="0" bev="0" fileid="16" />
            </Method>
          </Methods>
        </Class>
        <Class>
          <Summary numSequencePoints="0" visitedSequencePoints="0" numBranchPoints="0" visitedBranchPoints="0" sequenceCoverage="0" branchCoverage="0" maxCyclomaticComplexity="1" minCyclomaticComplexity="1" maxCrapScore="2" minCrapScore="2" visitedClasses="0" numClasses="0" visitedMethods="0" numMethods="0" />
          <FullName>Zanella.ORM.Infra.Data.Funcionalidades.Projetos.ProjetoRepositorio/&lt;&gt;c</FullName>
          <Methods>
            <Method visited="false" cyclomaticComplexity="1" nPathComplexity="0" sequenceCoverage="0" branchCoverage="0" crapScore="2" isConstructor="true" isStatic="true" isGetter="false" isSetter="false">
              <Summary numSequencePoints="0" visitedSequencePoints="0" numBranchPoints="0" visitedBranchPoints="0" sequenceCoverage="0" branchCoverage="0" maxCyclomaticComplexity="1" minCyclomaticComplexity="1" maxCrapScore="2" minCrapScore="2" visitedClasses="0" numClasses="0" visitedMethods="0" numMethods="0" />
              <MetadataToken>100663347</MetadataToken>
              <Name>System.Void Zanella.ORM.Infra.Data.Funcionalidades.Projetos.ProjetoRepositorio/&lt;&gt;c::.cctor()</Name>
              <SequencePoints />
              <BranchPoints />
              <MethodPoint vc="0" uspid="74" ordinal="0" offset="0" />
            </Method>
            <Method visited="false" cyclomaticComplexity="1" nPathComplexity="0" sequenceCoverage="0" branchCoverage="0" crapScore="2" isConstructor="true" isStatic="false" isGetter="false" isSetter="false">
              <Summary numSequencePoints="0" visitedSequencePoints="0" numBranchPoints="0" visitedBranchPoints="0" sequenceCoverage="0" branchCoverage="0" maxCyclomaticComplexity="1" minCyclomaticComplexity="1" maxCrapScore="2" minCrapScore="2" visitedClasses="0" numClasses="0" visitedMethods="0" numMethods="0" />
              <MetadataToken>100663348</MetadataToken>
              <Name>System.Void Zanella.ORM.Infra.Data.Funcionalidades.Projetos.ProjetoRepositorio/&lt;&gt;c::.ctor()</Name>
              <SequencePoints />
              <BranchPoints />
              <MethodPoint vc="0" uspid="75" ordinal="0" offset="0" />
            </Method>
          </Methods>
        </Class>
        <Class>
          <Summary numSequencePoints="9" visitedSequencePoints="9" numBranchPoints="1" visitedBranchPoints="1" sequenceCoverage="100" branchCoverage="100" maxCyclomaticComplexity="1" minCyclomaticComplexity="1" maxCrapScore="1" minCrapScore="1" visitedClasses="1" numClasses="1" visitedMethods="1" numMethods="1" />
          <FullName>Zanella.ORM.Infra.Data.Funcionalidades.Funcionarios.FuncionarioConfiguracao</FullName>
          <Methods>
            <Method visited="true" cyclomaticComplexity="1" nPathComplexity="0" sequenceCoverage="100" branchCoverage="100" crapScore="1" isConstructor="true" isStatic="false" isGetter="false" isSetter="false">
              <Summary numSequencePoints="9" visitedSequencePoints="9" numBranchPoints="1" visitedBranchPoints="1" sequenceCoverage="100" branchCoverage="100" maxCyclomaticComplexity="1" minCyclomaticComplexity="1" maxCrapScore="1" minCrapScore="1" visitedClasses="0" numClasses="0" visitedMethods="1" numMethods="1" />
              <MetadataToken>100663304</MetadataToken>
              <Name>System.Void Zanella.ORM.Infra.Data.Funcionalidades.Funcionarios.FuncionarioConfiguracao::.ctor()</Name>
              <FileRef uid="17" />
              <SequencePoints>
                <SequencePoint vc="1" uspid="76" ordinal="0" offset="0" sl="13" sc="9" el="13" ec="41" bec="0" bev="0" fileid="17" />
                <SequencePoint vc="1" uspid="77" ordinal="1" offset="7" sl="14" sc="9" el="14" ec="10" bec="0" bev="0" fileid="17" />
                <SequencePoint vc="1" uspid="78" ordinal="2" offset="8" sl="15" sc="13" el="15" ec="38" bec="0" bev="0" fileid="17" />
                <SequencePoint vc="1" uspid="79" ordinal="3" offset="20" sl="17" sc="13" el="17" ec="59" bec="0" bev="0" fileid="17" />
                <SequencePoint vc="1" uspid="80" ordinal="4" offset="89" sl="19" sc="13" el="19" ec="63" bec="0" bev="0" fileid="17" />
                <SequencePoint vc="1" uspid="81" ordinal="5" offset="178" sl="20" sc="13" el="20" ec="62" bec="0" bev="0" fileid="17" />
                <SequencePoint vc="1" uspid="82" ordinal="6" offset="267" sl="21" sc="13" el="21" ec="59" bec="0" bev="0" fileid="17" />
                <SequencePoint vc="1" uspid="83" ordinal="7" offset="356" sl="23" sc="13" el="23" ec="31" bec="0" bev="0" fileid="17" />
                <SequencePoint vc="1" uspid="84" ordinal="8" offset="420" sl="24" sc="9" el="24" ec="10" bec="0" bev="0" fileid="17" />
              </SequencePoints>
              <BranchPoints />
              <MethodPoint xsi:type="SequencePoint" vc="1" uspid="76" ordinal="0" offset="0" sl="13" sc="9" el="13" ec="41" bec="0" bev="0" fileid="17" />
            </Method>
          </Methods>
        </Class>
        <Class>
          <Summary numSequencePoints="0" visitedSequencePoints="0" numBranchPoints="0" visitedBranchPoints="0" sequenceCoverage="0" branchCoverage="0" maxCyclomaticComplexity="1" minCyclomaticComplexity="1" maxCrapScore="2" minCrapScore="2" visitedClasses="0" numClasses="0" visitedMethods="0" numMethods="0" />
          <FullName>Zanella.ORM.Infra.Data.Funcionalidades.Funcionarios.FuncionarioConfiguracao/&lt;&gt;c</FullName>
          <Methods>
            <Method visited="false" cyclomaticComplexity="1" nPathComplexity="0" sequenceCoverage="0" branchCoverage="0" crapScore="2" isConstructor="true" isStatic="true" isGetter="false" isSetter="false">
              <Summary numSequencePoints="0" visitedSequencePoints="0" numBranchPoints="0" visitedBranchPoints="0" sequenceCoverage="0" branchCoverage="0" maxCyclomaticComplexity="1" minCyclomaticComplexity="1" maxCrapScore="2" minCrapScore="2" visitedClasses="0" numClasses="0" visitedMethods="0" numMethods="0" />
              <MetadataToken>100663349</MetadataToken>
              <Name>System.Void Zanella.ORM.Infra.Data.Funcionalidades.Funcionarios.FuncionarioConfiguracao/&lt;&gt;c::.cctor()</Name>
              <SequencePoints />
              <BranchPoints />
              <MethodPoint vc="0" uspid="85" ordinal="0" offset="0" />
            </Method>
            <Method visited="false" cyclomaticComplexity="1" nPathComplexity="0" sequenceCoverage="0" branchCoverage="0" crapScore="2" isConstructor="true" isStatic="false" isGetter="false" isSetter="false">
              <Summary numSequencePoints="0" visitedSequencePoints="0" numBranchPoints="0" visitedBranchPoints="0" sequenceCoverage="0" branchCoverage="0" maxCyclomaticComplexity="1" minCyclomaticComplexity="1" maxCrapScore="2" minCrapScore="2" visitedClasses="0" numClasses="0" visitedMethods="0" numMethods="0" />
              <MetadataToken>100663350</MetadataToken>
              <Name>System.Void Zanella.ORM.Infra.Data.Funcionalidades.Funcionarios.FuncionarioConfiguracao/&lt;&gt;c::.ctor()</Name>
              <SequencePoints />
              <BranchPoints />
              <MethodPoint vc="0" uspid="86" ordinal="0" offset="0" />
            </Method>
          </Methods>
        </Class>
        <Class>
          <Summary numSequencePoints="31" visitedSequencePoints="0" numBranchPoints="10" visitedBranchPoints="0" sequenceCoverage="0" branchCoverage="0" maxCyclomaticComplexity="2" minCyclomaticComplexity="1" maxCrapScore="6" minCrapScore="2" visitedClasses="0" numClasses="1" visitedMethods="0" numMethods="6" />
          <FullName>Zanella.ORM.Infra.Data.Funcionalidades.Funcionarios.FuncionarioRepositorio</FullName>
          <Methods>
            <Method visited="false" cyclomaticComplexity="1" nPathComplexity="0" sequenceCoverage="0" branchCoverage="0" crapScore="2" isConstructor="true" isStatic="false" isGetter="false" isSetter="false">
              <Summary numSequencePoints="4" visitedSequencePoints="0" numBranchPoints="1" visitedBranchPoints="0" sequenceCoverage="0" branchCoverage="0" maxCyclomaticComplexity="1" minCyclomaticComplexity="1" maxCrapScore="2" minCrapScore="2" visitedClasses="0" numClasses="0" visitedMethods="0" numMethods="1" />
              <MetadataToken>100663305</MetadataToken>
              <Name>System.Void Zanella.ORM.Infra.Data.Funcionalidades.Funcionarios.FuncionarioRepositorio::.ctor(Zanella.ORM.Infra.Data.Contexto.ORMContexto)</Name>
              <FileRef uid="18" />
              <SequencePoints>
                <SequencePoint vc="0" uspid="87" ordinal="0" offset="0" sl="14" sc="9" el="14" ec="60" bec="0" bev="0" fileid="18" />
                <SequencePoint vc="0" uspid="88" ordinal="1" offset="7" sl="15" sc="9" el="15" ec="10" bec="0" bev="0" fileid="18" />
                <SequencePoint vc="0" uspid="89" ordinal="2" offset="8" sl="16" sc="13" el="16" ec="34" bec="0" bev="0" fileid="18" />
                <SequencePoint vc="0" uspid="90" ordinal="3" offset="15" sl="17" sc="9" el="17" ec="10" bec="0" bev="0" fileid="18" />
              </SequencePoints>
              <BranchPoints />
              <MethodPoint xsi:type="SequencePoint" vc="0" uspid="87" ordinal="0" offset="0" sl="14" sc="9" el="14" ec="60" bec="0" bev="0" fileid="18" />
            </Method>
            <Method visited="false" cyclomaticComplexity="2" nPathComplexity="2" sequenceCoverage="0" branchCoverage="0" crapScore="6" isConstructor="false" isStatic="false" isGetter="false" isSetter="false">
              <Summary numSequencePoints="9" visitedSequencePoints="0" numBranchPoints="3" visitedBranchPoints="0" sequenceCoverage="0" branchCoverage="0" maxCyclomaticComplexity="2" minCyclomaticComplexity="2" maxCrapScore="6" minCrapScore="6" visitedClasses="0" numClasses="0" visitedMethods="0" numMethods="1" />
              <MetadataToken>100663306</MetadataToken>
              <Name>Zanella.ORM.Domain.Funcionalidades.Funcionarios.Funcionario Zanella.ORM.Infra.Data.Funcionalidades.Funcionarios.FuncionarioRepositorio::Atualizar(Zanella.ORM.Domain.Funcionalidades.Funcionarios.Funcionario)</Name>
              <FileRef uid="18" />
              <SequencePoints>
                <SequencePoint vc="0" uspid="91" ordinal="0" offset="0" sl="20" sc="9" el="20" ec="10" bec="0" bev="0" fileid="18" />
                <SequencePoint vc="0" uspid="92" ordinal="1" offset="1" sl="21" sc="13" el="21" ec="69" bec="0" bev="0" fileid="18" />
                <SequencePoint vc="0" uspid="93" ordinal="2" offset="19" sl="23" sc="13" el="23" ec="61" bec="2" bev="0" fileid="18" />
                <SequencePoint vc="0" uspid="94" ordinal="3" offset="32" sl="24" sc="13" el="24" ec="14" bec="0" bev="0" fileid="18" />
                <SequencePoint vc="0" uspid="95" ordinal="4" offset="33" sl="25" sc="17" el="25" ec="57" bec="0" bev="0" fileid="18" />
                <SequencePoint vc="0" uspid="96" ordinal="5" offset="51" sl="26" sc="13" el="26" ec="14" bec="0" bev="0" fileid="18" />
                <SequencePoint vc="0" uspid="97" ordinal="6" offset="52" sl="27" sc="13" el="27" ec="37" bec="0" bev="0" fileid="18" />
                <SequencePoint vc="0" uspid="98" ordinal="7" offset="64" sl="29" sc="13" el="29" ec="29" bec="0" bev="0" fileid="18" />
                <SequencePoint vc="0" uspid="99" ordinal="8" offset="68" sl="30" sc="9" el="30" ec="10" bec="0" bev="0" fileid="18" />
              </SequencePoints>
              <BranchPoints>
                <BranchPoint vc="0" uspid="100" ordinal="0" offset="30" sl="23" path="0" offsetend="32" fileid="18" />
                <BranchPoint vc="0" uspid="101" ordinal="1" offset="30" sl="23" path="1" offsetend="52" fileid="18" />
              </BranchPoints>
              <MethodPoint xsi:type="SequencePoint" vc="0" uspid="91" ordinal="0" offset="0" sl="20" sc="9" el="20" ec="10" bec="0" bev="0" fileid="18" />
            </Method>
            <Method visited="false" cyclomaticComplexity="2" nPathComplexity="2" sequenceCoverage="0" branchCoverage="0" crapScore="6" isConstructor="false" isStatic="false" isGetter="false" isSetter="false">
              <Summary numSequencePoints="7" visitedSequencePoints="0" numBranchPoints="3" visitedBranchPoints="0" sequenceCoverage="0" branchCoverage="0" maxCyclomaticComplexity="2" minCyclomaticComplexity="2" maxCrapScore="6" minCrapScore="6" visitedClasses="0" numClasses="0" visitedMethods="0" numMethods="1" />
              <MetadataToken>100663307</MetadataToken>
              <Name>System.Void Zanella.ORM.Infra.Data.Funcionalidades.Funcionarios.FuncionarioRepositorio::Deletar(Zanella.ORM.Domain.Funcionalidades.Funcionarios.Funcionario)</Name>
              <FileRef uid="18" />
              <SequencePoints>
                <SequencePoint vc="0" uspid="102" ordinal="0" offset="0" sl="33" sc="9" el="33" ec="10" bec="0" bev="0" fileid="18" />
                <SequencePoint vc="0" uspid="103" ordinal="1" offset="1" sl="34" sc="13" el="34" ec="69" bec="0" bev="0" fileid="18" />
                <SequencePoint vc="0" uspid="104" ordinal="2" offset="19" sl="36" sc="13" el="36" ec="61" bec="2" bev="0" fileid="18" />
                <SequencePoint vc="0" uspid="105" ordinal="3" offset="32" sl="37" sc="17" el="37" ec="57" bec="0" bev="0" fileid="18" />
                <SequencePoint vc="0" uspid="106" ordinal="4" offset="50" sl="39" sc="13" el="39" ec="53" bec="0" bev="0" fileid="18" />
                <SequencePoint vc="0" uspid="107" ordinal="5" offset="68" sl="41" sc="13" el="41" ec="37" bec="0" bev="0" fileid="18" />
                <SequencePoint vc="0" uspid="108" ordinal="6" offset="80" sl="42" sc="9" el="42" ec="10" bec="0" bev="0" fileid="18" />
              </SequencePoints>
              <BranchPoints>
                <BranchPoint vc="0" uspid="109" ordinal="0" offset="30" sl="36" path="0" offsetend="32" fileid="18" />
                <BranchPoint vc="0" uspid="110" ordinal="1" offset="30" sl="36" path="1" offsetend="50" fileid="18" />
              </BranchPoints>
              <MethodPoint xsi:type="SequencePoint" vc="0" uspid="102" ordinal="0" offset="0" sl="33" sc="9" el="33" ec="10" bec="0" bev="0" fileid="18" />
            </Method>
            <Method visited="false" cyclomaticComplexity="1" nPathComplexity="0" sequenceCoverage="0" branchCoverage="0" crapScore="2" isConstructor="false" isStatic="false" isGetter="false" isSetter="false">
              <Summary numSequencePoints="3" visitedSequencePoints="0" numBranchPoints="1" visitedBranchPoints="0" sequenceCoverage="0" branchCoverage="0" maxCyclomaticComplexity="1" minCyclomaticComplexity="1" maxCrapScore="2" minCrapScore="2" visitedClasses="0" numClasses="0" visitedMethods="0" numMethods="1" />
              <MetadataToken>100663308</MetadataToken>
              <Name>Zanella.ORM.Domain.Funcionalidades.Funcionarios.Funcionario Zanella.ORM.Infra.Data.Funcionalidades.Funcionarios.FuncionarioRepositorio::PegarPorId(System.Int64)</Name>
              <FileRef uid="18" />
              <SequencePoints>
                <SequencePoint vc="0" uspid="111" ordinal="0" offset="0" sl="45" sc="9" el="45" ec="10" bec="0" bev="0" fileid="18" />
                <SequencePoint vc="0" uspid="112" ordinal="1" offset="1" sl="46" sc="13" el="46" ec="52" bec="0" bev="0" fileid="18" />
                <SequencePoint vc="0" uspid="113" ordinal="2" offset="35" sl="47" sc="9" el="47" ec="10" bec="0" bev="0" fileid="18" />
              </SequencePoints>
              <BranchPoints />
              <MethodPoint xsi:type="SequencePoint" vc="0" uspid="111" ordinal="0" offset="0" sl="45" sc="9" el="45" ec="10" bec="0" bev="0" fileid="18" />
            </Method>
            <Method visited="false" cyclomaticComplexity="1" nPathComplexity="0" sequenceCoverage="0" branchCoverage="0" crapScore="2" isConstructor="false" isStatic="false" isGetter="false" isSetter="false">
              <Summary numSequencePoints="3" visitedSequencePoints="0" numBranchPoints="1" visitedBranchPoints="0" sequenceCoverage="0" branchCoverage="0" maxCyclomaticComplexity="1" minCyclomaticComplexity="1" maxCrapScore="2" minCrapScore="2" visitedClasses="0" numClasses="0" visitedMethods="0" numMethods="1" />
              <MetadataToken>100663309</MetadataToken>
              <Name>System.Collections.Generic.IEnumerable`1&lt;Zanella.ORM.Domain.Funcionalidades.Funcionarios.Funcionario&gt; Zanella.ORM.Infra.Data.Funcionalidades.Funcionarios.FuncionarioRepositorio::PegarTodos()</Name>
              <FileRef uid="18" />
              <SequencePoints>
                <SequencePoint vc="0" uspid="114" ordinal="0" offset="0" sl="50" sc="9" el="50" ec="10" bec="0" bev="0" fileid="18" />
                <SequencePoint vc="0" uspid="115" ordinal="1" offset="1" sl="51" sc="13" el="51" ec="84" bec="0" bev="0" fileid="18" />
                <SequencePoint vc="0" uspid="116" ordinal="2" offset="82" sl="52" sc="9" el="52" ec="10" bec="0" bev="0" fileid="18" />
              </SequencePoints>
              <BranchPoints />
              <MethodPoint xsi:type="SequencePoint" vc="0" uspid="114" ordinal="0" offset="0" sl="50" sc="9" el="50" ec="10" bec="0" bev="0" fileid="18" />
            </Method>
            <Method visited="false" cyclomaticComplexity="1" nPathComplexity="0" sequenceCoverage="0" branchCoverage="0" crapScore="2" isConstructor="false" isStatic="false" isGetter="false" isSetter="false">
              <Summary numSequencePoints="5" visitedSequencePoints="0" numBranchPoints="1" visitedBranchPoints="0" sequenceCoverage="0" branchCoverage="0" maxCyclomaticComplexity="1" minCyclomaticComplexity="1" maxCrapScore="2" minCrapScore="2" visitedClasses="0" numClasses="0" visitedMethods="0" numMethods="1" />
              <MetadataToken>100663310</MetadataToken>
              <Name>Zanella.ORM.Domain.Funcionalidades.Funcionarios.Funcionario Zanella.ORM.Infra.Data.Funcionalidades.Funcionarios.FuncionarioRepositorio::Salvar(Zanella.ORM.Domain.Funcionalidades.Funcionarios.Funcionario)</Name>
              <FileRef uid="18" />
              <SequencePoints>
                <SequencePoint vc="0" uspid="117" ordinal="0" offset="0" sl="55" sc="9" el="55" ec="10" bec="0" bev="0" fileid="18" />
                <SequencePoint vc="0" uspid="118" ordinal="1" offset="1" sl="56" sc="13" el="56" ec="50" bec="0" bev="0" fileid="18" />
                <SequencePoint vc="0" uspid="119" ordinal="2" offset="19" sl="57" sc="13" el="57" ec="37" bec="0" bev="0" fileid="18" />
                <SequencePoint vc="0" uspid="120" ordinal="3" offset="31" sl="59" sc="13" el="59" ec="29" bec="0" bev="0" fileid="18" />
                <SequencePoint vc="0" uspid="121" ordinal="4" offset="35" sl="60" sc="9" el="60" ec="10" bec="0" bev="0" fileid="18" />
              </SequencePoints>
              <BranchPoints />
              <MethodPoint xsi:type="SequencePoint" vc="0" uspid="117" ordinal="0" offset="0" sl="55" sc="9" el="55" ec="10" bec="0" bev="0" fileid="18" />
            </Method>
          </Methods>
        </Class>
        <Class>
          <Summary numSequencePoints="0" visitedSequencePoints="0" numBranchPoints="0" visitedBranchPoints="0" sequenceCoverage="0" branchCoverage="0" maxCyclomaticComplexity="1" minCyclomaticComplexity="1" maxCrapScore="2" minCrapScore="2" visitedClasses="0" numClasses="0" visitedMethods="0" numMethods="0" />
          <FullName>Zanella.ORM.Infra.Data.Funcionalidades.Funcionarios.FuncionarioRepositorio/&lt;&gt;c</FullName>
          <Methods>
            <Method visited="false" cyclomaticComplexity="1" nPathComplexity="0" sequenceCoverage="0" branchCoverage="0" crapScore="2" isConstructor="true" isStatic="true" isGetter="false" isSetter="false">
              <Summary numSequencePoints="0" visitedSequencePoints="0" numBranchPoints="0" visitedBranchPoints="0" sequenceCoverage="0" branchCoverage="0" maxCyclomaticComplexity="1" minCyclomaticComplexity="1" maxCrapScore="2" minCrapScore="2" visitedClasses="0" numClasses="0" visitedMethods="0" numMethods="0" />
              <MetadataToken>100663351</MetadataToken>
              <Name>System.Void Zanella.ORM.Infra.Data.Funcionalidades.Funcionarios.FuncionarioRepositorio/&lt;&gt;c::.cctor()</Name>
              <SequencePoints />
              <BranchPoints />
              <MethodPoint vc="0" uspid="122" ordinal="0" offset="0" />
            </Method>
            <Method visited="false" cyclomaticComplexity="1" nPathComplexity="0" sequenceCoverage="0" branchCoverage="0" crapScore="2" isConstructor="true" isStatic="false" isGetter="false" isSetter="false">
              <Summary numSequencePoints="0" visitedSequencePoints="0" numBranchPoints="0" visitedBranchPoints="0" sequenceCoverage="0" branchCoverage="0" maxCyclomaticComplexity="1" minCyclomaticComplexity="1" maxCrapScore="2" minCrapScore="2" visitedClasses="0" numClasses="0" visitedMethods="0" numMethods="0" />
              <MetadataToken>100663352</MetadataToken>
              <Name>System.Void Zanella.ORM.Infra.Data.Funcionalidades.Funcionarios.FuncionarioRepositorio/&lt;&gt;c::.ctor()</Name>
              <SequencePoints />
              <BranchPoints />
              <MethodPoint vc="0" uspid="123" ordinal="0" offset="0" />
            </Method>
          </Methods>
        </Class>
        <Class>
          <Summary numSequencePoints="7" visitedSequencePoints="7" numBranchPoints="1" visitedBranchPoints="1" sequenceCoverage="100" branchCoverage="100" maxCyclomaticComplexity="1" minCyclomaticComplexity="1" maxCrapScore="1" minCrapScore="1" visitedClasses="1" numClasses="1" visitedMethods="1" numMethods="1" />
          <FullName>Zanella.ORM.Infra.Data.Funcionalidades.Dependentes.DependenteConfiguracao</FullName>
          <Methods>
            <Method visited="true" cyclomaticComplexity="1" nPathComplexity="0" sequenceCoverage="100" branchCoverage="100" crapScore="1" isConstructor="true" isStatic="false" isGetter="false" isSetter="false">
              <Summary numSequencePoints="7" visitedSequencePoints="7" numBranchPoints="1" visitedBranchPoints="1" sequenceCoverage="100" branchCoverage="100" maxCyclomaticComplexity="1" minCyclomaticComplexity="1" maxCrapScore="1" minCrapScore="1" visitedClasses="0" numClasses="0" visitedMethods="1" numMethods="1" />
              <MetadataToken>100663311</MetadataToken>
              <Name>System.Void Zanella.ORM.Infra.Data.Funcionalidades.Dependentes.DependenteConfiguracao::.ctor()</Name>
              <FileRef uid="19" />
              <SequencePoints>
                <SequencePoint vc="1" uspid="124" ordinal="0" offset="0" sl="13" sc="9" el="13" ec="40" bec="0" bev="0" fileid="19" />
                <SequencePoint vc="1" uspid="125" ordinal="1" offset="7" sl="14" sc="9" el="14" ec="10" bec="0" bev="0" fileid="19" />
                <SequencePoint vc="1" uspid="126" ordinal="2" offset="8" sl="15" sc="13" el="15" ec="37" bec="0" bev="0" fileid="19" />
                <SequencePoint vc="1" uspid="127" ordinal="3" offset="20" sl="17" sc="13" el="17" ec="58" bec="0" bev="0" fileid="19" />
                <SequencePoint vc="1" uspid="128" ordinal="4" offset="89" sl="18" sc="13" el="18" ec="49" bec="0" bev="0" fileid="19" />
                <SequencePoint vc="1" uspid="129" ordinal="5" offset="158" sl="20" sc="13" el="20" ec="31" bec="0" bev="0" fileid="19" />
                <SequencePoint vc="1" uspid="130" ordinal="6" offset="222" sl="21" sc="9" el="21" ec="10" bec="0" bev="0" fileid="19" />
              </SequencePoints>
              <BranchPoints />
              <MethodPoint xsi:type="SequencePoint" vc="1" uspid="124" ordinal="0" offset="0" sl="13" sc="9" el="13" ec="40" bec="0" bev="0" fileid="19" />
            </Method>
          </Methods>
        </Class>
        <Class>
          <Summary numSequencePoints="0" visitedSequencePoints="0" numBranchPoints="0" visitedBranchPoints="0" sequenceCoverage="0" branchCoverage="0" maxCyclomaticComplexity="1" minCyclomaticComplexity="1" maxCrapScore="2" minCrapScore="2" visitedClasses="0" numClasses="0" visitedMethods="0" numMethods="0" />
          <FullName>Zanella.ORM.Infra.Data.Funcionalidades.Dependentes.DependenteConfiguracao/&lt;&gt;c</FullName>
          <Methods>
            <Method visited="false" cyclomaticComplexity="1" nPathComplexity="0" sequenceCoverage="0" branchCoverage="0" crapScore="2" isConstructor="true" isStatic="true" isGetter="false" isSetter="false">
              <Summary numSequencePoints="0" visitedSequencePoints="0" numBranchPoints="0" visitedBranchPoints="0" sequenceCoverage="0" branchCoverage="0" maxCyclomaticComplexity="1" minCyclomaticComplexity="1" maxCrapScore="2" minCrapScore="2" visitedClasses="0" numClasses="0" visitedMethods="0" numMethods="0" />
              <MetadataToken>100663353</MetadataToken>
              <Name>System.Void Zanella.ORM.Infra.Data.Funcionalidades.Dependentes.DependenteConfiguracao/&lt;&gt;c::.cctor()</Name>
              <SequencePoints />
              <BranchPoints />
              <MethodPoint vc="0" uspid="131" ordinal="0" offset="0" />
            </Method>
            <Method visited="false" cyclomaticComplexity="1" nPathComplexity="0" sequenceCoverage="0" branchCoverage="0" crapScore="2" isConstructor="true" isStatic="false" isGetter="false" isSetter="false">
              <Summary numSequencePoints="0" visitedSequencePoints="0" numBranchPoints="0" visitedBranchPoints="0" sequenceCoverage="0" branchCoverage="0" maxCyclomaticComplexity="1" minCyclomaticComplexity="1" maxCrapScore="2" minCrapScore="2" visitedClasses="0" numClasses="0" visitedMethods="0" numMethods="0" />
              <MetadataToken>100663354</MetadataToken>
              <Name>System.Void Zanella.ORM.Infra.Data.Funcionalidades.Dependentes.DependenteConfiguracao/&lt;&gt;c::.ctor()</Name>
              <SequencePoints />
              <BranchPoints />
              <MethodPoint vc="0" uspid="132" ordinal="0" offset="0" />
            </Method>
          </Methods>
        </Class>
        <Class>
          <Summary numSequencePoints="31" visitedSequencePoints="27" numBranchPoints="10" visitedBranchPoints="8" sequenceCoverage="87.10" branchCoverage="80" maxCyclomaticComplexity="2" minCyclomaticComplexity="1" maxCrapScore="2.15" minCrapScore="1" visitedClasses="1" numClasses="1" visitedMethods="6" numMethods="6" />
          <FullName>Zanella.ORM.Infra.Data.Funcionalidades.Dependentes.DependenteRepositorio</FullName>
          <Methods>
            <Method visited="true" cyclomaticComplexity="1" nPathComplexity="0" sequenceCoverage="100" branchCoverage="100" crapScore="1" isConstructor="true" isStatic="false" isGetter="false" isSetter="false">
              <Summary numSequencePoints="4" visitedSequencePoints="4" numBranchPoints="1" visitedBranchPoints="1" sequenceCoverage="100" branchCoverage="100" maxCyclomaticComplexity="1" minCyclomaticComplexity="1" maxCrapScore="1" minCrapScore="1" visitedClasses="0" numClasses="0" visitedMethods="1" numMethods="1" />
              <MetadataToken>100663312</MetadataToken>
              <Name>System.Void Zanella.ORM.Infra.Data.Funcionalidades.Dependentes.DependenteRepositorio::.ctor(Zanella.ORM.Infra.Data.Contexto.ORMContexto)</Name>
              <FileRef uid="20" />
              <SequencePoints>
                <SequencePoint vc="5" uspid="133" ordinal="0" offset="0" sl="17" sc="9" el="17" ec="59" bec="0" bev="0" fileid="20" />
                <SequencePoint vc="5" uspid="134" ordinal="1" offset="7" sl="18" sc="9" el="18" ec="10" bec="0" bev="0" fileid="20" />
                <SequencePoint vc="5" uspid="135" ordinal="2" offset="8" sl="19" sc="13" el="19" ec="34" bec="0" bev="0" fileid="20" />
                <SequencePoint vc="5" uspid="136" ordinal="3" offset="15" sl="20" sc="9" el="20" ec="10" bec="0" bev="0" fileid="20" />
              </SequencePoints>
              <BranchPoints />
              <MethodPoint xsi:type="SequencePoint" vc="5" uspid="133" ordinal="0" offset="0" sl="17" sc="9" el="17" ec="59" bec="0" bev="0" fileid="20" />
            </Method>
            <Method visited="true" cyclomaticComplexity="2" nPathComplexity="2" sequenceCoverage="66.67" branchCoverage="66.67" crapScore="2.15" isConstructor="false" isStatic="false" isGetter="false" isSetter="false">
              <Summary numSequencePoints="9" visitedSequencePoints="6" numBranchPoints="3" visitedBranchPoints="2" sequenceCoverage="66.67" branchCoverage="66.67" maxCyclomaticComplexity="2" minCyclomaticComplexity="2" maxCrapScore="2.15" minCrapScore="2.15" visitedClasses="0" numClasses="0" visitedMethods="1" numMethods="1" />
              <MetadataToken>100663313</MetadataToken>
              <Name>Zanella.ORM.Domain.Funcionalidades.Dependentes.Dependente Zanella.ORM.Infra.Data.Funcionalidades.Dependentes.DependenteRepositorio::Atualizar(Zanella.ORM.Domain.Funcionalidades.Dependentes.Dependente)</Name>
              <FileRef uid="20" />
              <SequencePoints>
                <SequencePoint vc="1" uspid="137" ordinal="0" offset="0" sl="23" sc="9" el="23" ec="10" bec="0" bev="0" fileid="20" />
                <SequencePoint vc="1" uspid="138" ordinal="1" offset="1" sl="24" sc="13" el="24" ec="69" bec="0" bev="0" fileid="20" />
                <SequencePoint vc="1" uspid="139" ordinal="2" offset="19" sl="26" sc="13" el="26" ec="61" bec="2" bev="1" fileid="20" />
                <SequencePoint vc="0" uspid="140" ordinal="3" offset="32" sl="27" sc="13" el="27" ec="14" bec="0" bev="0" fileid="20" />
                <SequencePoint vc="0" uspid="141" ordinal="4" offset="33" sl="28" sc="17" el="28" ec="56" bec="0" bev="0" fileid="20" />
                <SequencePoint vc="0" uspid="142" ordinal="5" offset="51" sl="29" sc="13" el="29" ec="14" bec="0" bev="0" fileid="20" />
                <SequencePoint vc="1" uspid="143" ordinal="6" offset="52" sl="30" sc="13" el="30" ec="37" bec="0" bev="0" fileid="20" />
                <SequencePoint vc="1" uspid="144" ordinal="7" offset="64" sl="32" sc="13" el="32" ec="29" bec="0" bev="0" fileid="20" />
                <SequencePoint vc="1" uspid="145" ordinal="8" offset="68" sl="33" sc="9" el="33" ec="10" bec="0" bev="0" fileid="20" />
              </SequencePoints>
              <BranchPoints>
                <BranchPoint vc="0" uspid="146" ordinal="0" offset="30" sl="26" path="0" offsetend="32" fileid="20" />
                <BranchPoint vc="1" uspid="147" ordinal="1" offset="30" sl="26" path="1" offsetend="52" fileid="20" />
              </BranchPoints>
              <MethodPoint xsi:type="SequencePoint" vc="1" uspid="137" ordinal="0" offset="0" sl="23" sc="9" el="23" ec="10" bec="0" bev="0" fileid="20" />
            </Method>
            <Method visited="true" cyclomaticComplexity="2" nPathComplexity="2" sequenceCoverage="85.71" branchCoverage="66.67" crapScore="2.01" isConstructor="false" isStatic="false" isGetter="false" isSetter="false">
              <Summary numSequencePoints="7" visitedSequencePoints="6" numBranchPoints="3" visitedBranchPoints="2" sequenceCoverage="85.71" branchCoverage="66.67" maxCyclomaticComplexity="2" minCyclomaticComplexity="2" maxCrapScore="2.01" minCrapScore="2.01" visitedClasses="0" numClasses="0" visitedMethods="1" numMethods="1" />
              <MetadataToken>100663314</MetadataToken>
              <Name>System.Void Zanella.ORM.Infra.Data.Funcionalidades.Dependentes.DependenteRepositorio::Deletar(Zanella.ORM.Domain.Funcionalidades.Dependentes.Dependente)</Name>
              <FileRef uid="20" />
              <SequencePoints>
                <SequencePoint vc="1" uspid="148" ordinal="0" offset="0" sl="36" sc="9" el="36" ec="10" bec="0" bev="0" fileid="20" />
                <SequencePoint vc="1" uspid="149" ordinal="1" offset="1" sl="37" sc="13" el="37" ec="69" bec="0" bev="0" fileid="20" />
                <SequencePoint vc="1" uspid="150" ordinal="2" offset="19" sl="39" sc="13" el="39" ec="61" bec="2" bev="1" fileid="20" />
                <SequencePoint vc="0" uspid="151" ordinal="3" offset="32" sl="40" sc="17" el="40" ec="56" bec="0" bev="0" fileid="20" />
                <SequencePoint vc="1" uspid="152" ordinal="4" offset="50" sl="42" sc="13" el="42" ec="52" bec="0" bev="0" fileid="20" />
                <SequencePoint vc="1" uspid="153" ordinal="5" offset="68" sl="44" sc="13" el="44" ec="37" bec="0" bev="0" fileid="20" />
                <SequencePoint vc="1" uspid="154" ordinal="6" offset="80" sl="45" sc="9" el="45" ec="10" bec="0" bev="0" fileid="20" />
              </SequencePoints>
              <BranchPoints>
                <BranchPoint vc="0" uspid="155" ordinal="0" offset="30" sl="39" path="0" offsetend="32" fileid="20" />
                <BranchPoint vc="1" uspid="156" ordinal="1" offset="30" sl="39" path="1" offsetend="50" fileid="20" />
              </BranchPoints>
              <MethodPoint xsi:type="SequencePoint" vc="1" uspid="148" ordinal="0" offset="0" sl="36" sc="9" el="36" ec="10" bec="0" bev="0" fileid="20" />
            </Method>
            <Method visited="true" cyclomaticComplexity="1" nPathComplexity="0" sequenceCoverage="100" branchCoverage="100" crapScore="1" isConstructor="false" isStatic="false" isGetter="false" isSetter="false">
              <Summary numSequencePoints="3" visitedSequencePoints="3" numBranchPoints="1" visitedBranchPoints="1" sequenceCoverage="100" branchCoverage="100" maxCyclomaticComplexity="1" minCyclomaticComplexity="1" maxCrapScore="1" minCrapScore="1" visitedClasses="0" numClasses="0" visitedMethods="1" numMethods="1" />
              <MetadataToken>100663315</MetadataToken>
              <Name>Zanella.ORM.Domain.Funcionalidades.Dependentes.Dependente Zanella.ORM.Infra.Data.Funcionalidades.Dependentes.DependenteRepositorio::PegarPorId(System.Int64)</Name>
              <FileRef uid="20" />
              <SequencePoints>
                <SequencePoint vc="4" uspid="157" ordinal="0" offset="0" sl="48" sc="9" el="48" ec="10" bec="0" bev="0" fileid="20" />
                <SequencePoint vc="4" uspid="158" ordinal="1" offset="1" sl="49" sc="13" el="49" ec="51" bec="0" bev="0" fileid="20" />
                <SequencePoint vc="4" uspid="159" ordinal="2" offset="35" sl="50" sc="9" el="50" ec="10" bec="0" bev="0" fileid="20" />
              </SequencePoints>
              <BranchPoints />
              <MethodPoint xsi:type="SequencePoint" vc="4" uspid="157" ordinal="0" offset="0" sl="48" sc="9" el="48" ec="10" bec="0" bev="0" fileid="20" />
            </Method>
            <Method visited="true" cyclomaticComplexity="1" nPathComplexity="0" sequenceCoverage="100" branchCoverage="100" crapScore="1" isConstructor="false" isStatic="false" isGetter="false" isSetter="false">
              <Summary numSequencePoints="3" visitedSequencePoints="3" numBranchPoints="1" visitedBranchPoints="1" sequenceCoverage="100" branchCoverage="100" maxCyclomaticComplexity="1" minCyclomaticComplexity="1" maxCrapScore="1" minCrapScore="1" visitedClasses="0" numClasses="0" visitedMethods="1" numMethods="1" />
              <MetadataToken>100663316</MetadataToken>
              <Name>System.Collections.Generic.IEnumerable`1&lt;Zanella.ORM.Domain.Funcionalidades.Dependentes.Dependente&gt; Zanella.ORM.Infra.Data.Funcionalidades.Dependentes.DependenteRepositorio::PegarTodos()</Name>
              <FileRef uid="20" />
              <SequencePoints>
                <SequencePoint vc="1" uspid="160" ordinal="0" offset="0" sl="53" sc="9" el="53" ec="10" bec="0" bev="0" fileid="20" />
                <SequencePoint vc="1" uspid="161" ordinal="1" offset="1" sl="54" sc="13" el="54" ec="82" bec="0" bev="0" fileid="20" />
                <SequencePoint vc="1" uspid="162" ordinal="2" offset="82" sl="55" sc="9" el="55" ec="10" bec="0" bev="0" fileid="20" />
              </SequencePoints>
              <BranchPoints />
              <MethodPoint xsi:type="SequencePoint" vc="1" uspid="160" ordinal="0" offset="0" sl="53" sc="9" el="53" ec="10" bec="0" bev="0" fileid="20" />
            </Method>
            <Method visited="true" cyclomaticComplexity="1" nPathComplexity="0" sequenceCoverage="100" branchCoverage="100" crapScore="1" isConstructor="false" isStatic="false" isGetter="false" isSetter="false">
              <Summary numSequencePoints="5" visitedSequencePoints="5" numBranchPoints="1" visitedBranchPoints="1" sequenceCoverage="100" branchCoverage="100" maxCyclomaticComplexity="1" minCyclomaticComplexity="1" maxCrapScore="1" minCrapScore="1" visitedClasses="0" numClasses="0" visitedMethods="1" numMethods="1" />
              <MetadataToken>100663317</MetadataToken>
              <Name>Zanella.ORM.Domain.Funcionalidades.Dependentes.Dependente Zanella.ORM.Infra.Data.Funcionalidades.Dependentes.DependenteRepositorio::Salvar(Zanella.ORM.Domain.Funcionalidades.Dependentes.Dependente)</Name>
              <FileRef uid="20" />
              <SequencePoints>
                <SequencePoint vc="2" uspid="163" ordinal="0" offset="0" sl="58" sc="9" el="58" ec="10" bec="0" bev="0" fileid="20" />
                <SequencePoint vc="2" uspid="164" ordinal="1" offset="1" sl="59" sc="13" el="59" ec="49" bec="0" bev="0" fileid="20" />
                <SequencePoint vc="2" uspid="165" ordinal="2" offset="19" sl="60" sc="13" el="60" ec="37" bec="0" bev="0" fileid="20" />
                <SequencePoint vc="2" uspid="166" ordinal="3" offset="31" sl="62" sc="13" el="62" ec="29" bec="0" bev="0" fileid="20" />
                <SequencePoint vc="2" uspid="167" ordinal="4" offset="35" sl="63" sc="9" el="63" ec="10" bec="0" bev="0" fileid="20" />
              </SequencePoints>
              <BranchPoints />
              <MethodPoint xsi:type="SequencePoint" vc="2" uspid="163" ordinal="0" offset="0" sl="58" sc="9" el="58" ec="10" bec="0" bev="0" fileid="20" />
            </Method>
          </Methods>
        </Class>
        <Class>
          <Summary numSequencePoints="0" visitedSequencePoints="0" numBranchPoints="0" visitedBranchPoints="0" sequenceCoverage="0" branchCoverage="0" maxCyclomaticComplexity="1" minCyclomaticComplexity="1" maxCrapScore="2" minCrapScore="2" visitedClasses="0" numClasses="0" visitedMethods="0" numMethods="0" />
          <FullName>Zanella.ORM.Infra.Data.Funcionalidades.Dependentes.DependenteRepositorio/&lt;&gt;c</FullName>
          <Methods>
            <Method visited="false" cyclomaticComplexity="1" nPathComplexity="0" sequenceCoverage="0" branchCoverage="0" crapScore="2" isConstructor="true" isStatic="true" isGetter="false" isSetter="false">
              <Summary numSequencePoints="0" visitedSequencePoints="0" numBranchPoints="0" visitedBranchPoints="0" sequenceCoverage="0" branchCoverage="0" maxCyclomaticComplexity="1" minCyclomaticComplexity="1" maxCrapScore="2" minCrapScore="2" visitedClasses="0" numClasses="0" visitedMethods="0" numMethods="0" />
              <MetadataToken>100663355</MetadataToken>
              <Name>System.Void Zanella.ORM.Infra.Data.Funcionalidades.Dependentes.DependenteRepositorio/&lt;&gt;c::.cctor()</Name>
              <SequencePoints />
              <BranchPoints />
              <MethodPoint vc="0" uspid="168" ordinal="0" offset="0" />
            </Method>
            <Method visited="false" cyclomaticComplexity="1" nPathComplexity="0" sequenceCoverage="0" branchCoverage="0" crapScore="2" isConstructor="true" isStatic="false" isGetter="false" isSetter="false">
              <Summary numSequencePoints="0" visitedSequencePoints="0" numBranchPoints="0" visitedBranchPoints="0" sequenceCoverage="0" branchCoverage="0" maxCyclomaticComplexity="1" minCyclomaticComplexity="1" maxCrapScore="2" minCrapScore="2" visitedClasses="0" numClasses="0" visitedMethods="0" numMethods="0" />
              <MetadataToken>100663356</MetadataToken>
              <Name>System.Void Zanella.ORM.Infra.Data.Funcionalidades.Dependentes.DependenteRepositorio/&lt;&gt;c::.ctor()</Name>
              <SequencePoints />
              <BranchPoints />
              <MethodPoint vc="0" uspid="169" ordinal="0" offset="0" />
            </Method>
          </Methods>
        </Class>
        <Class>
          <Summary numSequencePoints="6" visitedSequencePoints="6" numBranchPoints="1" visitedBranchPoints="1" sequenceCoverage="100" branchCoverage="100" maxCyclomaticComplexity="1" minCyclomaticComplexity="1" maxCrapScore="1" minCrapScore="1" visitedClasses="1" numClasses="1" visitedMethods="1" numMethods="1" />
          <FullName>Zanella.ORM.Infra.Data.Funcionalidades.Departamentos.DepartamentoConfiguracao</FullName>
          <Methods>
            <Method visited="true" cyclomaticComplexity="1" nPathComplexity="0" sequenceCoverage="100" branchCoverage="100" crapScore="1" isConstructor="true" isStatic="false" isGetter="false" isSetter="false">
              <Summary numSequencePoints="6" visitedSequencePoints="6" numBranchPoints="1" visitedBranchPoints="1" sequenceCoverage="100" branchCoverage="100" maxCyclomaticComplexity="1" minCyclomaticComplexity="1" maxCrapScore="1" minCrapScore="1" visitedClasses="0" numClasses="0" visitedMethods="1" numMethods="1" />
              <MetadataToken>100663318</MetadataToken>
              <Name>System.Void Zanella.ORM.Infra.Data.Funcionalidades.Departamentos.DepartamentoConfiguracao::.ctor()</Name>
              <FileRef uid="21" />
              <SequencePoints>
                <SequencePoint vc="1" uspid="170" ordinal="0" offset="0" sl="13" sc="9" el="13" ec="42" bec="0" bev="0" fileid="21" />
                <SequencePoint vc="1" uspid="171" ordinal="1" offset="7" sl="14" sc="9" el="14" ec="10" bec="0" bev="0" fileid="21" />
                <SequencePoint vc="1" uspid="172" ordinal="2" offset="8" sl="15" sc="13" el="15" ec="39" bec="0" bev="0" fileid="21" />
                <SequencePoint vc="1" uspid="173" ordinal="3" offset="20" sl="17" sc="13" el="17" ec="53" bec="0" bev="0" fileid="21" />
                <SequencePoint vc="1" uspid="174" ordinal="4" offset="89" sl="19" sc="13" el="19" ec="31" bec="0" bev="0" fileid="21" />
                <SequencePoint vc="1" uspid="175" ordinal="5" offset="153" sl="20" sc="9" el="20" ec="10" bec="0" bev="0" fileid="21" />
              </SequencePoints>
              <BranchPoints />
              <MethodPoint xsi:type="SequencePoint" vc="1" uspid="170" ordinal="0" offset="0" sl="13" sc="9" el="13" ec="42" bec="0" bev="0" fileid="21" />
            </Method>
          </Methods>
        </Class>
        <Class>
          <Summary numSequencePoints="0" visitedSequencePoints="0" numBranchPoints="0" visitedBranchPoints="0" sequenceCoverage="0" branchCoverage="0" maxCyclomaticComplexity="1" minCyclomaticComplexity="1" maxCrapScore="2" minCrapScore="2" visitedClasses="0" numClasses="0" visitedMethods="0" numMethods="0" />
          <FullName>Zanella.ORM.Infra.Data.Funcionalidades.Departamentos.DepartamentoConfiguracao/&lt;&gt;c</FullName>
          <Methods>
            <Method visited="false" cyclomaticComplexity="1" nPathComplexity="0" sequenceCoverage="0" branchCoverage="0" crapScore="2" isConstructor="true" isStatic="true" isGetter="false" isSetter="false">
              <Summary numSequencePoints="0" visitedSequencePoints="0" numBranchPoints="0" visitedBranchPoints="0" sequenceCoverage="0" branchCoverage="0" maxCyclomaticComplexity="1" minCyclomaticComplexity="1" maxCrapScore="2" minCrapScore="2" visitedClasses="0" numClasses="0" visitedMethods="0" numMethods="0" />
              <MetadataToken>100663357</MetadataToken>
              <Name>System.Void Zanella.ORM.Infra.Data.Funcionalidades.Departamentos.DepartamentoConfiguracao/&lt;&gt;c::.cctor()</Name>
              <SequencePoints />
              <BranchPoints />
              <MethodPoint vc="0" uspid="176" ordinal="0" offset="0" />
            </Method>
            <Method visited="false" cyclomaticComplexity="1" nPathComplexity="0" sequenceCoverage="0" branchCoverage="0" crapScore="2" isConstructor="true" isStatic="false" isGetter="false" isSetter="false">
              <Summary numSequencePoints="0" visitedSequencePoints="0" numBranchPoints="0" visitedBranchPoints="0" sequenceCoverage="0" branchCoverage="0" maxCyclomaticComplexity="1" minCyclomaticComplexity="1" maxCrapScore="2" minCrapScore="2" visitedClasses="0" numClasses="0" visitedMethods="0" numMethods="0" />
              <MetadataToken>100663358</MetadataToken>
              <Name>System.Void Zanella.ORM.Infra.Data.Funcionalidades.Departamentos.DepartamentoConfiguracao/&lt;&gt;c::.ctor()</Name>
              <SequencePoints />
              <BranchPoints />
              <MethodPoint vc="0" uspid="177" ordinal="0" offset="0" />
            </Method>
          </Methods>
        </Class>
        <Class>
          <Summary numSequencePoints="31" visitedSequencePoints="27" numBranchPoints="10" visitedBranchPoints="8" sequenceCoverage="87.10" branchCoverage="80" maxCyclomaticComplexity="2" minCyclomaticComplexity="1" maxCrapScore="2.15" minCrapScore="1" visitedClasses="1" numClasses="1" visitedMethods="6" numMethods="6" />
          <FullName>Zanella.ORM.Infra.Data.Funcionalidades.Departamentos.DepartamentoRepositorio</FullName>
          <Methods>
            <Method visited="true" cyclomaticComplexity="1" nPathComplexity="0" sequenceCoverage="100" branchCoverage="100" crapScore="1" isConstructor="true" isStatic="false" isGetter="false" isSetter="false">
              <Summary numSequencePoints="4" visitedSequencePoints="4" numBranchPoints="1" visitedBranchPoints="1" sequenceCoverage="100" branchCoverage="100" maxCyclomaticComplexity="1" minCyclomaticComplexity="1" maxCrapScore="1" minCrapScore="1" visitedClasses="0" numClasses="0" visitedMethods="1" numMethods="1" />
              <MetadataToken>100663319</MetadataToken>
[...]
                <SequencePoint vc="0" uspid="333" ordinal="2" offset="16" sl="15" sc="17" el="15" ec="62" bec="0" bev="0" fileid="41" />
                <SequencePoint vc="0" uspid="334" ordinal="3" offset="22" sl="16" sc="13" el="16" ec="46" bec="2" bev="0" fileid="41" />
                <SequencePoint vc="0" uspid="335" ordinal="4" offset="37" sl="17" sc="17" el="17" ec="58" bec="0" bev="0" fileid="41" />
                <SequencePoint vc="0" uspid="336" ordinal="5" offset="43" sl="18" sc="13" el="18" ec="51" bec="2" bev="0" fileid="41" />
                <SequencePoint vc="0" uspid="337" ordinal="6" offset="58" sl="19" sc="17" el="19" ec="63" bec="0" bev="0" fileid="41" />
                <SequencePoint vc="0" uspid="338" ordinal="7" offset="64" sl="20" sc="13" el="20" ec="46" bec="2" bev="0" fileid="41" />
                <SequencePoint vc="0" uspid="339" ordinal="8" offset="79" sl="21" sc="17" el="21" ec="32" bec="0" bev="0" fileid="41" />
                <SequencePoint vc="0" uspid="340" ordinal="9" offset="91" sl="22" sc="9" el="22" ec="10" bec="0" bev="0" fileid="41" />
              </SequencePoints>
              <BranchPoints>
                <BranchPoint vc="0" uspid="341" ordinal="0" offset="14" sl="14" path="0" offsetend="16" fileid="41" />
                <BranchPoint vc="0" uspid="342" ordinal="1" offset="14" sl="14" path="1" offsetend="22" fileid="41" />
                <BranchPoint vc="0" uspid="343" ordinal="2" offset="35" sl="16" path="0" offsetend="37" fileid="41" />
                <BranchPoint vc="0" uspid="344" ordinal="3" offset="35" sl="16" path="1" offsetend="43" fileid="41" />
                <BranchPoint vc="0" uspid="345" ordinal="4" offset="56" sl="18" path="0" offsetend="58" fileid="41" />
                <BranchPoint vc="0" uspid="346" ordinal="5" offset="56" sl="18" path="1" offsetend="64" fileid="41" />
                <BranchPoint vc="0" uspid="347" ordinal="6" offset="77" sl="20" path="0" offsetend="79" fileid="41" />
                <BranchPoint vc="0" uspid="348" ordinal="7" offset="77" sl="20" path="1" offsetend="91" fileid="41" />
              </BranchPoints>
              <MethodPoint xsi:type="SequencePoint" vc="0" uspid="331" ordinal="0" offset="0" sl="13" sc="9" el="13" ec="10" bec="0" bev="0" fileid="41" />
            </Method>
            <Method visited="false" cyclomaticComplexity="1" nPathComplexity="0" sequenceCoverage="0" branchCoverage="0" crapScore="2" isConstructor="true" isStatic="false" isGetter="false" isSetter="false">
              <Summary numSequencePoints="0" visitedSequencePoints="0" numBranchPoints="0" visitedBranchPoints="0" sequenceCoverage="0" branchCoverage="0" maxCyclomaticComplexity="1" minCyclomaticComplexity="1" maxCrapScore="2" minCrapScore="2" visitedClasses="0" numClasses="0" visitedMethods="0" numMethods="0" />
              <MetadataToken>100663331</MetadataToken>
              <Name>System.Void Zanella.ORM.Domain.Funcionalidades.Enderecos.Endereco::.ctor()</Name>
              <SequencePoints />
              <BranchPoints />
              <MethodPoint vc="0" uspid="349" ordinal="0" offset="0" />
            </Method>
          </Methods>
        </Class>
        <Class>
          <Summary numSequencePoints="12" visitedSequencePoints="4" numBranchPoints="8" visitedBranchPoints="1" sequenceCoverage="33.33" branchCoverage="12.5" maxCyclomaticComplexity="4" minCyclomaticComplexity="1" maxCrapScore="20" minCrapScore="1" visitedClasses="1" numClasses="1" visitedMethods="1" numMethods="2" />
          <FullName>Zanella.ORM.Domain.Funcionalidades.Dependentes.Dependente</FullName>
          <Methods>
            <Method skippedDueTo="AutoImplementedProperty" visited="false" cyclomaticComplexity="1" nPathComplexity="0" sequenceCoverage="0" branchCoverage="0" crapScore="0" isConstructor="false" isStatic="false" isGetter="true" isSetter="false">
              <MetadataToken>100663336</MetadataToken>
              <Name>System.String Zanella.ORM.Domain.Funcionalidades.Dependentes.Dependente::get_NomeDependente()</Name>
              <FileRef uid="42" />
              <SequencePoints />
              <BranchPoints />
            </Method>
            <Method skippedDueTo="AutoImplementedProperty" visited="false" cyclomaticComplexity="1" nPathComplexity="0" sequenceCoverage="0" branchCoverage="0" crapScore="0" isConstructor="false" isStatic="false" isGetter="false" isSetter="true">
              <MetadataToken>100663337</MetadataToken>
              <Name>System.Void Zanella.ORM.Domain.Funcionalidades.Dependentes.Dependente::set_NomeDependente(System.String)</Name>
              <FileRef uid="42" />
              <SequencePoints />
              <BranchPoints />
            </Method>
            <Method skippedDueTo="AutoImplementedProperty" visited="false" cyclomaticComplexity="1" nPathComplexity="0" sequenceCoverage="0" branchCoverage="0" crapScore="0" isConstructor="false" isStatic="false" isGetter="true" isSetter="false">
              <MetadataToken>100663338</MetadataToken>
              <Name>System.Int32 Zanella.ORM.Domain.Funcionalidades.Dependentes.Dependente::get_Idade()</Name>
              <FileRef uid="42" />
              <SequencePoints />
              <BranchPoints />
            </Method>
            <Method skippedDueTo="AutoImplementedProperty" visited="false" cyclomaticComplexity="1" nPathComplexity="0" sequenceCoverage="0" branchCoverage="0" crapScore="0" isConstructor="false" isStatic="false" isGetter="false" isSetter="true">
              <MetadataToken>100663339</MetadataToken>
              <Name>System.Void Zanella.ORM.Domain.Funcionalidades.Dependentes.Dependente::set_Idade(System.Int32)</Name>
              <FileRef uid="42" />
              <SequencePoints />
              <BranchPoints />
            </Method>
            <Method skippedDueTo="AutoImplementedProperty" visited="false" cyclomaticComplexity="1" nPathComplexity="0" sequenceCoverage="0" branchCoverage="0" crapScore="0" isConstructor="false" isStatic="false" isGetter="true" isSetter="false">
              <MetadataToken>100663340</MetadataToken>
              <Name>System.Collections.Generic.List`1&lt;Zanella.ORM.Domain.Funcionalidades.Funcionarios.Funcionario&gt; Zanella.ORM.Domain.Funcionalidades.Dependentes.Dependente::get_FuncionarioVinculado()</Name>
              <FileRef uid="42" />
              <SequencePoints />
              <BranchPoints />
            </Method>
            <Method skippedDueTo="AutoImplementedProperty" visited="false" cyclomaticComplexity="1" nPathComplexity="0" sequenceCoverage="0" branchCoverage="0" crapScore="0" isConstructor="false" isStatic="false" isGetter="false" isSetter="true">
              <MetadataToken>100663341</MetadataToken>
              <Name>System.Void Zanella.ORM.Domain.Funcionalidades.Dependentes.Dependente::set_FuncionarioVinculado(System.Collections.Generic.List`1&lt;Zanella.ORM.Domain.Funcionalidades.Funcionarios.Funcionario&gt;)</Name>
              <FileRef uid="42" />
              <SequencePoints />
              <BranchPoints />
            </Method>
            <Method visited="true" cyclomaticComplexity="1" nPathComplexity="0" sequenceCoverage="100" branchCoverage="100" crapScore="1" isConstructor="true" isStatic="false" isGetter="false" isSetter="false">
              <Summary numSequencePoints="4" visitedSequencePoints="4" numBranchPoints="1" visitedBranchPoints="1" sequenceCoverage="100" branchCoverage="100" maxCyclomaticComplexity="1" minCyclomaticComplexity="1" maxCrapScore="1" minCrapScore="1" visitedClasses="0" numClasses="0" visitedMethods="1" numMethods="1" />
              <MetadataToken>100663335</MetadataToken>
              <Name>System.Void Zanella.ORM.Domain.Funcionalidades.Dependentes.Dependente::.ctor()</Name>
              <FileRef uid="42" />
              <SequencePoints>
                <SequencePoint vc="20" uspid="350" ordinal="0" offset="0" sl="10" sc="9" el="10" ec="28" bec="0" bev="0" fileid="42" />
                <SequencePoint vc="20" uspid="351" ordinal="1" offset="7" sl="11" sc="9" el="11" ec="10" bec="0" bev="0" fileid="42" />
                <SequencePoint vc="20" uspid="352" ordinal="2" offset="8" sl="12" sc="13" el="12" ec="60" bec="0" bev="0" fileid="42" />
                <SequencePoint vc="20" uspid="353" ordinal="3" offset="20" sl="13" sc="9" el="13" ec="10" bec="0" bev="0" fileid="42" />
              </SequencePoints>
              <BranchPoints />
              <MethodPoint xsi:type="SequencePoint" vc="20" uspid="350" ordinal="0" offset="0" sl="10" sc="9" el="10" ec="28" bec="0" bev="0" fileid="42" />
            </Method>
            <Method visited="false" cyclomaticComplexity="4" nPathComplexity="8" sequenceCoverage="0" branchCoverage="0" crapScore="20" isConstructor="false" isStatic="false" isGetter="false" isSetter="false">
              <Summary numSequencePoints="8" visitedSequencePoints="0" numBranchPoints="7" visitedBranchPoints="0" sequenceCoverage="0" branchCoverage="0" maxCyclomaticComplexity="4" minCyclomaticComplexity="4" maxCrapScore="20" minCrapScore="20" visitedClasses="0" numClasses="0" visitedMethods="0" numMethods="1" />
              <MetadataToken>100663342</MetadataToken>
              <Name>System.Void Zanella.ORM.Domain.Funcionalidades.Dependentes.Dependente::Validar()</Name>
              <FileRef uid="42" />
              <SequencePoints>
                <SequencePoint vc="0" uspid="354" ordinal="0" offset="0" sl="21" sc="9" el="21" ec="10" bec="0" bev="0" fileid="42" />
                <SequencePoint vc="0" uspid="355" ordinal="1" offset="1" sl="22" sc="13" el="22" ec="54" bec="2" bev="0" fileid="42" />
                <SequencePoint vc="0" uspid="356" ordinal="2" offset="16" sl="23" sc="17" el="23" ec="48" bec="0" bev="0" fileid="42" />
                <SequencePoint vc="0" uspid="357" ordinal="3" offset="22" sl="24" sc="13" el="24" ec="27" bec="2" bev="0" fileid="42" />
                <SequencePoint vc="0" uspid="358" ordinal="4" offset="35" sl="25" sc="17" el="25" ec="52" bec="0" bev="0" fileid="42" />
                <SequencePoint vc="0" uspid="359" ordinal="5" offset="41" sl="26" sc="13" el="26" ec="48" bec="2" bev="0" fileid="42" />
                <SequencePoint vc="0" uspid="360" ordinal="6" offset="59" sl="27" sc="17" el="27" ec="57" bec="0" bev="0" fileid="42" />
                <SequencePoint vc="0" uspid="361" ordinal="7" offset="65" sl="28" sc="9" el="28" ec="10" bec="0" bev="0" fileid="42" />
              </SequencePoints>
              <BranchPoints>
                <BranchPoint vc="0" uspid="362" ordinal="0" offset="14" sl="22" path="0" offsetend="16" fileid="42" />
                <BranchPoint vc="0" uspid="363" ordinal="1" offset="14" sl="22" path="1" offsetend="22" fileid="42" />
                <BranchPoint vc="0" uspid="364" ordinal="2" offset="33" sl="24" path="0" offsetend="35" fileid="42" />
                <BranchPoint vc="0" uspid="365" ordinal="3" offset="33" sl="24" path="1" offsetend="41" fileid="42" />
                <BranchPoint vc="0" uspid="366" ordinal="4" offset="57" sl="26" path="0" offsetend="59" fileid="42" />
                <BranchPoint vc="0" uspid="367" ordinal="5" offset="57" sl="26" path="1" offsetend="65" fileid="42" />
              </BranchPoints>
              <MethodPoint xsi:type="SequencePoint" vc="0" uspid="354" ordinal="0" offset="0" sl="21" sc="9" el="21" ec="10" bec="0" bev="0" fileid="42" />
            </Method>
          </Methods>
        </Class>
        <Class>
          <Summary numSequencePoints="4" visitedSequencePoints="0" numBranchPoints="3" visitedBranchPoints="0" sequenceCoverage="0" branchCoverage="0" maxCyclomaticComplexity="2" minCyclomaticComplexity="1" maxCrapScore="6" minCrapScore="2" visitedClasses="0" numClasses="1" visitedMethods="0" numMethods="1" />
          <FullName>Zanella.ORM.Domain.Funcionalidades.Departamentos.Departamento</FullName>
          <Methods>
            <Method skippedDueTo="AutoImplementedProperty" visited="false" cyclomaticComplexity="1" nPathComplexity="0" sequenceCoverage="0" branchCoverage="0" crapScore="0" isConstructor="false" isStatic="false" isGetter="true" isSetter="false">
              <MetadataToken>100663345</MetadataToken>
              <Name>System.String Zanella.ORM.Domain.Funcionalidades.Departamentos.Departamento::get_Descricao()</Name>
              <FileRef uid="43" />
              <SequencePoints />
              <BranchPoints />
            </Method>
            <Method skippedDueTo="AutoImplementedProperty" visited="false" cyclomaticComplexity="1" nPathComplexity="0" sequenceCoverage="0" branchCoverage="0" crapScore="0" isConstructor="false" isStatic="false" isGetter="false" isSetter="true">
              <MetadataToken>100663346</MetadataToken>
              <Name>System.Void Zanella.ORM.Domain.Funcionalidades.Departamentos.Departamento::set_Descricao(System.String)</Name>
              <FileRef uid="43" />
              <SequencePoints />
              <BranchPoints />
            </Method>
            <Method visited="false" cyclomaticComplexity="2" nPathComplexity="2" sequenceCoverage="0" branchCoverage="0" crapScore="6" isConstructor="false" isStatic="false" isGetter="false" isSetter="false">
              <Summary numSequencePoints="4" visitedSequencePoints="0" numBranchPoints="3" visitedBranchPoints="0" sequenceCoverage="0" branchCoverage="0" maxCyclomaticComplexity="2" minCyclomaticComplexity="2" maxCrapScore="6" minCrapScore="6" visitedClasses="0" numClasses="0" visitedMethods="0" numMethods="1" />
              <MetadataToken>100663347</MetadataToken>
              <Name>System.Void Zanella.ORM.Domain.Funcionalidades.Departamentos.Departamento::Validar()</Name>
              <FileRef uid="43" />
              <SequencePoints>
                <SequencePoint vc="0" uspid="368" ordinal="0" offset="0" sl="10" sc="9" el="10" ec="10" bec="0" bev="0" fileid="43" />
                <SequencePoint vc="0" uspid="369" ordinal="1" offset="1" sl="11" sc="13" el="11" ec="49" bec="2" bev="0" fileid="43" />
                <SequencePoint vc="0" uspid="370" ordinal="2" offset="16" sl="12" sc="17" el="12" ec="56" bec="0" bev="0" fileid="43" />
                <SequencePoint vc="0" uspid="371" ordinal="3" offset="22" sl="13" sc="9" el="13" ec="10" bec="0" bev="0" fileid="43" />
              </SequencePoints>
              <BranchPoints>
                <BranchPoint vc="0" uspid="372" ordinal="0" offset="14" sl="11" path="0" offsetend="16" fileid="43" />
                <BranchPoint vc="0" uspid="373" ordinal="1" offset="14" sl="11" path="1" offsetend="22" fileid="43" />
              </BranchPoints>
              <MethodPoint xsi:type="SequencePoint" vc="0" uspid="368" ordinal="0" offset="0" sl="10" sc="9" el="10" ec="10" bec="0" bev="0" fileid="43" />
            </Method>
            <Method visited="false" cyclomaticComplexity="1" nPathComplexity="0" sequenceCoverage="0" branchCoverage="0" crapScore="2" isConstructor="true" isStatic="false" isGetter="false" isSetter="false">
              <Summary numSequencePoints="0" visitedSequencePoints="0" numBranchPoints="0" visitedBranchPoints="0" sequenceCoverage="0" branchCoverage="0" maxCyclomaticComplexity="1" minCyclomaticComplexity="1" maxCrapScore="2" minCrapScore="2" visitedClasses="0" numClasses="0" visitedMethods="0" numMethods="0" />
              <MetadataToken>100663348</MetadataToken>
              <Name>System.Void Zanella.ORM.Domain.Funcionalidades.Departamentos.Departamento::.ctor()</Name>
              <SequencePoints />
              <BranchPoints />
              <MethodPoint vc="0" uspid="374" ordinal="0" offset="0" />
            </Method>
          </Methods>
        </Class>
        <Class>
          <Summary numSequencePoints="4" visitedSequencePoints="0" numBranchPoints="3" visitedBranchPoints="0" sequenceCoverage="0" branchCoverage="0" maxCyclomaticComplexity="2" minCyclomaticComplexity="1" maxCrapScore="6" minCrapScore="2" visitedClasses="0" numClasses="1" visitedMethods="0" numMethods="1" />
          <FullName>Zanella.ORM.Domain.Funcionalidades.Cargos.Cargo</FullName>
          <Methods>
            <Method skippedDueTo="AutoImplementedProperty" visited="false" cyclomaticComplexity="1" nPathComplexity="0" sequenceCoverage="0" branchCoverage="0" crapScore="0" isConstructor="false" isStatic="false" isGetter="true" isSetter="false">
              <MetadataToken>100663349</MetadataToken>
              <Name>System.String Zanella.ORM.Domain.Funcionalidades.Cargos.Cargo::get_Descricao()</Name>
              <FileRef uid="44" />
              <SequencePoints />
              <BranchPoints />
            </Method>
            <Method skippedDueTo="AutoImplementedProperty" visited="false" cyclomaticComplexity="1" nPathComplexity="0" sequenceCoverage="0" branchCoverage="0" crapScore="0" isConstructor="false" isStatic="false" isGetter="false" isSetter="true">
              <MetadataToken>100663350</MetadataToken>
              <Name>System.Void Zanella.ORM.Domain.Funcionalidades.Cargos.Cargo::set_Descricao(System.String)</Name>
              <FileRef uid="44" />
              <SequencePoints />
              <BranchPoints />
            </Method>
            <Method visited="false" cyclomaticComplexity="2" nPathComplexity="2" sequenceCoverage="0" branchCoverage="0" crapScore="6" isConstructor="false" isStatic="false" isGetter="false" isSetter="false">
              <Summary numSequencePoints="4" visitedSequencePoints="0" numBranchPoints="3" visitedBranchPoints="0" sequenceCoverage="0" branchCoverage="0" maxCyclomaticComplexity="2" minCyclomaticComplexity="2" maxCrapScore="6" minCrapScore="6" visitedClasses="0" numClasses="0" visitedMethods="0" numMethods="1" />
              <MetadataToken>100663351</MetadataToken>
              <Name>System.Void Zanella.ORM.Domain.Funcionalidades.Cargos.Cargo::Validar()</Name>
              <FileRef uid="44" />
              <SequencePoints>
                <SequencePoint vc="0" uspid="375" ordinal="0" offset="0" sl="11" sc="9" el="11" ec="10" bec="0" bev="0" fileid="44" />
                <SequencePoint vc="0" uspid="376" ordinal="1" offset="1" sl="12" sc="13" el="12" ec="49" bec="2" bev="0" fileid="44" />
                <SequencePoint vc="0" uspid="377" ordinal="2" offset="16" sl="13" sc="17" el="13" ec="56" bec="0" bev="0" fileid="44" />
                <SequencePoint vc="0" uspid="378" ordinal="3" offset="22" sl="14" sc="9" el="14" ec="10" bec="0" bev="0" fileid="44" />
              </SequencePoints>
              <BranchPoints>
                <BranchPoint vc="0" uspid="379" ordinal="0" offset="14" sl="12" path="0" offsetend="16" fileid="44" />
                <BranchPoint vc="0" uspid="380" ordinal="1" offset="14" sl="12" path="1" offsetend="22" fileid="44" />
              </BranchPoints>
              <MethodPoint xsi:type="SequencePoint" vc="0" uspid="375" ordinal="0" offset="0" sl="11" sc="9" el="11" ec="10" bec="0" bev="0" fileid="44" />
            </Method>
            <Method visited="false" cyclomaticComplexity="1" nPathComplexity="0" sequenceCoverage="0" branchCoverage="0" crapScore="2" isConstructor="true" isStatic="false" isGetter="false" isSetter="false">
              <Summary numSequencePoints="0" visitedSequencePoints="0" numBranchPoints="0" visitedBranchPoints="0" sequenceCoverage="0" branchCoverage="0" maxCyclomaticComplexity="1" minCyclomaticComplexity="1" maxCrapScore="2" minCrapScore="2" visitedClasses="0" numClasses="0" visitedMethods="0" numMethods="0" />
              <MetadataToken>100663352</MetadataToken>
              <Name>System.Void Zanella.ORM.Domain.Funcionalidades.Cargos.Cargo::.ctor()</Name>
              <SequencePoints />
              <BranchPoints />
              <MethodPoint vc="0" uspid="381" ordinal="0" offset="0" />
            </Method>
          </Methods>
        </Class>
      </Classes>
    </Module>
  </Modules>
</CoverageSession>